INFO:root:model_facemorpher/test_merged_facemorpher.csv
INFO:root:The accuracy is: 82.55%
INFO:root:Confusion Matrix:
INFO:root:[[101   1]
 [230 992]]
INFO:root:Classifiction Report: 
INFO:root:              precision    recall  f1-score   support

           0       0.31      0.99      0.47       102
           1       1.00      0.81      0.90      1222

    accuracy                           0.83      1324
   macro avg       0.65      0.90      0.68      1324
weighted avg       0.95      0.83      0.86      1324

INFO:root:EER: 9.90%
INFO:root:APCER: 0.98%
INFO:root:BPCER: 18.82%
INFO:root:EER FAKE: 9.90%
INFO:root:AUC@ROC: 0.9009900195757518, threshold:1.0, EER: 0.00980392156862745, APCER:0.0, BPCER:1.0, ACER:0.5
INFO:root:


INFO:root:model_facemorpher/test_merged_stylegan.csv
INFO:root:The accuracy is: 28.17%
INFO:root:Confusion Matrix:
INFO:root:[[101   1]
 [950 272]]
INFO:root:Classifiction Report: 
INFO:root:              precision    recall  f1-score   support

           0       0.10      0.99      0.18       102
           1       1.00      0.22      0.36      1222

    accuracy                           0.28      1324
   macro avg       0.55      0.61      0.27      1324
weighted avg       0.93      0.28      0.35      1324

INFO:root:EER: 39.36%
INFO:root:APCER: 0.98%
INFO:root:BPCER: 77.74%
INFO:root:EER FAKE: 39.36%
INFO:root:AUC@ROC: 0.6063910015724786, threshold:1.0, EER: 0.00980392156862745, APCER:0.0, BPCER:1.0, ACER:0.5
INFO:root:


INFO:root:model_facemorpher/test_merged_webmorph.csv
INFO:root:The accuracy is: 8.69%
INFO:root:Confusion Matrix:
INFO:root:[[ 101    1]
 [1207   14]]
INFO:root:Classifiction Report: 
INFO:root:              precision    recall  f1-score   support

           0       0.08      0.99      0.14       102
           1       0.93      0.01      0.02      1221

    accuracy                           0.09      1323
   macro avg       0.51      0.50      0.08      1323
weighted avg       0.87      0.09      0.03      1323

INFO:root:EER: 49.92%
INFO:root:APCER: 0.98%
INFO:root:BPCER: 98.85%
INFO:root:EER FAKE: 49.92%
INFO:root:AUC@ROC: 0.500831044948692, threshold:1.0, EER: 0.00980392156862745, APCER:0.0, BPCER:1.0, ACER:0.5
INFO:root:


INFO:root:model_facemorpher/test_merged_amsl.csv
INFO:root:The accuracy is: 9.63%
INFO:root:Confusion Matrix:
INFO:root:[[ 101    1]
 [1022    8]]
INFO:root:Classifiction Report: 
INFO:root:              precision    recall  f1-score   support

           0       0.09      0.99      0.16       102
           1       0.89      0.01      0.02      1030

    accuracy                           0.10      1132
   macro avg       0.49      0.50      0.09      1132
weighted avg       0.82      0.10      0.03      1132

INFO:root:EER: 50.10%
INFO:root:APCER: 0.98%
INFO:root:BPCER: 99.22%
INFO:root:EER FAKE: 50.10%
INFO:root:AUC@ROC: 0.4989815343613173, threshold:1.0, EER: 0.00980392156862745, APCER:0.0, BPCER:1.0, ACER:0.5
INFO:root:


INFO:root:model_facemorpher/test_merged_opencv.csv
INFO:root:The accuracy is: 65.23%
INFO:root:Confusion Matrix:
INFO:root:[[101   1]
 [459 762]]
INFO:root:Classifiction Report: 
INFO:root:              precision    recall  f1-score   support

           0       0.18      0.99      0.31       102
           1       1.00      0.62      0.77      1221

    accuracy                           0.65      1323
   macro avg       0.59      0.81      0.54      1323
weighted avg       0.94      0.65      0.73      1323

INFO:root:EER: 19.29%
INFO:root:APCER: 0.98%
INFO:root:BPCER: 37.59%
INFO:root:EER FAKE: 19.29%
INFO:root:AUC@ROC: 0.8071373512549984, threshold:1.0, EER: 0.00980392156862745, APCER:0.0, BPCER:1.0, ACER:0.5
INFO:root:


