INFO:root:model_opencv/test_morph_s_amsl.csv
INFO:root:The accuracy is: 91.35%
INFO:root:Confusion Matrix:
INFO:root:[[   7  197]
 [   0 2073]]
INFO:root:Classifiction Report: 
INFO:root:              precision    recall  f1-score   support

           0       1.00      0.03      0.07       204
           1       0.91      1.00      0.95      2073

    accuracy                           0.91      2277
   macro avg       0.96      0.52      0.51      2277
weighted avg       0.92      0.91      0.88      2277

INFO:root:EER: 48.28%
INFO:root:APCER: 96.57%
INFO:root:BPCER: 0.00%
INFO:root:EER FAKE: 48.28%
INFO:root:AUC@ROC: 0.5392156862745099, threshold:2.0, EER: 0.9215686274509803, APCER:0.0, BPCER:1.0, ACER:0.5
INFO:root:


INFO:root:model_opencv/test_morph_s_webmorph.csv
INFO:root:The accuracy is: 85.11%
INFO:root:Confusion Matrix:
INFO:root:[[   7  197]
 [   0 1119]]
INFO:root:Classifiction Report: 
INFO:root:              precision    recall  f1-score   support

           0       1.00      0.03      0.07       204
           1       0.85      1.00      0.92      1119

    accuracy                           0.85      1323
   macro avg       0.93      0.52      0.49      1323
weighted avg       0.87      0.85      0.79      1323

INFO:root:EER: 48.28%
INFO:root:APCER: 96.57%
INFO:root:BPCER: 0.00%
INFO:root:EER FAKE: 48.28%
INFO:root:AUC@ROC: 0.5392156862745099, threshold:2.0, EER: 0.9215686274509803, APCER:0.0, BPCER:1.0, ACER:0.5
INFO:root:


INFO:root:model_opencv/test_morph_s_opencv.csv
INFO:root:The accuracy is: 85.11%
INFO:root:Confusion Matrix:
INFO:root:[[   7  197]
 [   0 1119]]
INFO:root:Classifiction Report: 
INFO:root:              precision    recall  f1-score   support

           0       1.00      0.03      0.07       204
           1       0.85      1.00      0.92      1119

    accuracy                           0.85      1323
   macro avg       0.93      0.52      0.49      1323
weighted avg       0.87      0.85      0.79      1323

INFO:root:EER: 48.28%
INFO:root:APCER: 96.57%
INFO:root:BPCER: 0.00%
INFO:root:EER FAKE: 48.28%
INFO:root:AUC@ROC: 0.5392156862745099, threshold:2.0, EER: 0.9215686274509803, APCER:0.0, BPCER:1.0, ACER:0.5
INFO:root:


INFO:root:model_opencv/test_morph_s_stylegan.csv
INFO:root:The accuracy is: 85.12%
INFO:root:Confusion Matrix:
INFO:root:[[   7  197]
 [   0 1120]]
INFO:root:Classifiction Report: 
INFO:root:              precision    recall  f1-score   support

           0       1.00      0.03      0.07       204
           1       0.85      1.00      0.92      1120

    accuracy                           0.85      1324
   macro avg       0.93      0.52      0.49      1324
weighted avg       0.87      0.85      0.79      1324

INFO:root:EER: 48.28%
INFO:root:APCER: 96.57%
INFO:root:BPCER: 0.00%
INFO:root:EER FAKE: 48.28%
INFO:root:AUC@ROC: 0.5392156862745099, threshold:2.0, EER: 0.9215686274509803, APCER:0.0, BPCER:1.0, ACER:0.5
INFO:root:


INFO:root:model_opencv/test_morph_s_facemorpher.csv
INFO:root:The accuracy is: 85.12%
INFO:root:Confusion Matrix:
INFO:root:[[   7  197]
 [   0 1120]]
INFO:root:Classifiction Report: 
INFO:root:              precision    recall  f1-score   support

           0       1.00      0.03      0.07       204
           1       0.85      1.00      0.92      1120

    accuracy                           0.85      1324
   macro avg       0.93      0.52      0.49      1324
weighted avg       0.87      0.85      0.79      1324

INFO:root:EER: 48.28%
INFO:root:APCER: 96.57%
INFO:root:BPCER: 0.00%
INFO:root:EER FAKE: 48.28%
INFO:root:AUC@ROC: 0.5392156862745099, threshold:2.0, EER: 0.9215686274509803, APCER:0.0, BPCER:1.0, ACER:0.5
INFO:root:


