INFO:root:model_opencv/test_merged_facemorpher.csv
INFO:root:The accuracy is: 84.28%
INFO:root:Confusion Matrix:
INFO:root:[[ 102    0]
 [ 208 1013]]
INFO:root:Classifiction Report: 
INFO:root:              precision    recall  f1-score   support

           0       0.33      1.00      0.50       102
           1       1.00      0.83      0.91      1221

    accuracy                           0.84      1323
   macro avg       0.66      0.91      0.70      1323
weighted avg       0.95      0.84      0.88      1323

INFO:root:EER: 8.52%
INFO:root:APCER: 0.00%
INFO:root:BPCER: 17.04%
INFO:root:EER FAKE: 8.52%
INFO:root:AUC@ROC: 0.9148239148239148, threshold:2.0, EER: 0.0, APCER:0.0, BPCER:1.0, ACER:0.5
INFO:root:


INFO:root:model_opencv/test_merged_stylegan.csv
INFO:root:The accuracy is: 38.85%
INFO:root:Confusion Matrix:
INFO:root:[[102   0]
 [809 412]]
INFO:root:Classifiction Report: 
INFO:root:              precision    recall  f1-score   support

           0       0.11      1.00      0.20       102
           1       1.00      0.34      0.50      1221

    accuracy                           0.39      1323
   macro avg       0.56      0.67      0.35      1323
weighted avg       0.93      0.39      0.48      1323

INFO:root:EER: 33.13%
INFO:root:APCER: 0.00%
INFO:root:BPCER: 66.26%
INFO:root:EER FAKE: 33.13%
INFO:root:AUC@ROC: 0.6687141687141687, threshold:2.0, EER: 0.0, APCER:0.0, BPCER:1.0, ACER:0.5
INFO:root:


INFO:root:model_opencv/test_merged_webmorph.csv
INFO:root:The accuracy is: 11.34%
INFO:root:Confusion Matrix:
INFO:root:[[ 102    0]
 [1173   48]]
INFO:root:Classifiction Report: 
INFO:root:              precision    recall  f1-score   support

           0       0.08      1.00      0.15       102
           1       1.00      0.04      0.08      1221

    accuracy                           0.11      1323
   macro avg       0.54      0.52      0.11      1323
weighted avg       0.93      0.11      0.08      1323

INFO:root:EER: 48.03%
INFO:root:APCER: 0.00%
INFO:root:BPCER: 96.07%
INFO:root:EER FAKE: 48.03%
INFO:root:AUC@ROC: 0.5196560196560197, threshold:2.0, EER: 0.0, APCER:0.0, BPCER:1.0, ACER:0.5
INFO:root:


INFO:root:model_opencv/test_merged_amsl.csv
INFO:root:The accuracy is: 12.01%
INFO:root:Confusion Matrix:
INFO:root:[[102   0]
 [996  34]]
INFO:root:Classifiction Report: 
INFO:root:              precision    recall  f1-score   support

           0       0.09      1.00      0.17       102
           1       1.00      0.03      0.06      1030

    accuracy                           0.12      1132
   macro avg       0.55      0.52      0.12      1132
weighted avg       0.92      0.12      0.07      1132

INFO:root:EER: 48.35%
INFO:root:APCER: 0.00%
INFO:root:BPCER: 96.70%
INFO:root:EER FAKE: 48.35%
INFO:root:AUC@ROC: 0.516504854368932, threshold:2.0, EER: 0.0, APCER:0.0, BPCER:1.0, ACER:0.5
INFO:root:


INFO:root:model_opencv/test_merged_opencv.csv
INFO:root:The accuracy is: 76.57%
INFO:root:Confusion Matrix:
INFO:root:[[102   0]
 [310 911]]
INFO:root:Classifiction Report: 
INFO:root:              precision    recall  f1-score   support

           0       0.25      1.00      0.40       102
           1       1.00      0.75      0.85      1221

    accuracy                           0.77      1323
   macro avg       0.62      0.87      0.63      1323
weighted avg       0.94      0.77      0.82      1323

INFO:root:EER: 12.69%
INFO:root:APCER: 0.00%
INFO:root:BPCER: 25.39%
INFO:root:EER FAKE: 12.69%
INFO:root:AUC@ROC: 0.8730548730548731, threshold:2.0, EER: 0.0, APCER:0.0, BPCER:1.0, ACER:0.5
INFO:root:


INFO:root:model_opencv/test_merged_facemorpher.csv
INFO:root:The accuracy is: 91.53%
INFO:root:Confusion Matrix:
INFO:root:[[  17   85]
 [  27 1194]]
INFO:root:Classifiction Report: 
INFO:root:              precision    recall  f1-score   support

           0       0.39      0.17      0.23       102
           1       0.93      0.98      0.96      1221

    accuracy                           0.92      1323
   macro avg       0.66      0.57      0.59      1323
weighted avg       0.89      0.92      0.90      1323

INFO:root:EER: 42.77%
INFO:root:APCER: 83.33%
INFO:root:BPCER: 2.21%
INFO:root:EER FAKE: 42.77%
INFO:root:AUC@ROC: 0.6102439337733456, threshold:2.0, EER: 0.7549019607843137, APCER:0.0, BPCER:1.0, ACER:0.5
INFO:root:


INFO:root:model_opencv/test_merged_stylegan.csv
INFO:root:The accuracy is: 88.96%
INFO:root:Confusion Matrix:
INFO:root:[[  17   85]
 [  61 1160]]
INFO:root:Classifiction Report: 
INFO:root:              precision    recall  f1-score   support

           0       0.22      0.17      0.19       102
           1       0.93      0.95      0.94      1221

    accuracy                           0.89      1323
   macro avg       0.57      0.56      0.56      1323
weighted avg       0.88      0.89      0.88      1323

INFO:root:EER: 44.16%
INFO:root:APCER: 83.33%
INFO:root:BPCER: 5.00%
INFO:root:EER FAKE: 44.16%
INFO:root:AUC@ROC: 0.5946307269836681, threshold:2.0, EER: 0.7549019607843137, APCER:0.0, BPCER:1.0, ACER:0.5
INFO:root:


INFO:root:model_opencv/test_merged_webmorph.csv
INFO:root:The accuracy is: 87.23%
INFO:root:Confusion Matrix:
INFO:root:[[  17   85]
 [  84 1137]]
INFO:root:Classifiction Report: 
INFO:root:              precision    recall  f1-score   support

           0       0.17      0.17      0.17       102
           1       0.93      0.93      0.93      1221

    accuracy                           0.87      1323
   macro avg       0.55      0.55      0.55      1323
weighted avg       0.87      0.87      0.87      1323

INFO:root:EER: 45.11%
INFO:root:APCER: 83.33%
INFO:root:BPCER: 6.88%
INFO:root:EER FAKE: 45.11%
INFO:root:AUC@ROC: 0.5841041576335694, threshold:2.0, EER: 0.7549019607843137, APCER:0.0, BPCER:1.0, ACER:0.5
INFO:root:


INFO:root:model_opencv/test_merged_amsl.csv
INFO:root:The accuracy is: 85.69%
INFO:root:Confusion Matrix:
INFO:root:[[ 17  85]
 [ 77 953]]
INFO:root:Classifiction Report: 
INFO:root:              precision    recall  f1-score   support

           0       0.18      0.17      0.17       102
           1       0.92      0.93      0.92      1030

    accuracy                           0.86      1132
   macro avg       0.55      0.55      0.55      1132
weighted avg       0.85      0.86      0.85      1132

INFO:root:EER: 45.40%
INFO:root:APCER: 83.33%
INFO:root:BPCER: 7.48%
INFO:root:EER FAKE: 45.40%
INFO:root:AUC@ROC: 0.5807728916809443, threshold:2.0, EER: 0.7549019607843137, APCER:0.0, BPCER:1.0, ACER:0.5
INFO:root:


INFO:root:model_opencv/test_merged_opencv.csv
INFO:root:The accuracy is: 90.63%
INFO:root:Confusion Matrix:
INFO:root:[[  17   85]
 [  39 1182]]
INFO:root:Classifiction Report: 
INFO:root:              precision    recall  f1-score   support

           0       0.30      0.17      0.22       102
           1       0.93      0.97      0.95      1221

    accuracy                           0.91      1323
   macro avg       0.62      0.57      0.58      1323
weighted avg       0.88      0.91      0.89      1323

INFO:root:EER: 43.26%
INFO:root:APCER: 83.33%
INFO:root:BPCER: 3.19%
INFO:root:EER FAKE: 43.26%
INFO:root:AUC@ROC: 0.6046996194055017, threshold:2.0, EER: 0.7549019607843137, APCER:0.0, BPCER:1.0, ACER:0.5
INFO:root:


