INFO:root:model_webmorph/test_merged_facemorpher.csv
INFO:root:The accuracy is: 78.68%
INFO:root:Confusion Matrix:
INFO:root:[[102   0]
 [282 939]]
INFO:root:Classifiction Report: 
INFO:root:              precision    recall  f1-score   support

           0       0.27      1.00      0.42       102
           1       1.00      0.77      0.87      1221

    accuracy                           0.79      1323
   macro avg       0.63      0.88      0.64      1323
weighted avg       0.94      0.79      0.83      1323

INFO:root:EER: 11.55%
INFO:root:APCER: 0.00%
INFO:root:BPCER: 23.10%
INFO:root:EER FAKE: 11.55%
INFO:root:AUC@ROC: 0.8845208845208845, threshold:2.0, EER: 0.0, APCER:0.0, BPCER:1.0, ACER:0.5
INFO:root:


INFO:root:model_webmorph/test_merged_stylegan.csv
INFO:root:The accuracy is: 42.03%
INFO:root:Confusion Matrix:
INFO:root:[[102   0]
 [767 454]]
INFO:root:Classifiction Report: 
INFO:root:              precision    recall  f1-score   support

           0       0.12      1.00      0.21       102
           1       1.00      0.37      0.54      1221

    accuracy                           0.42      1323
   macro avg       0.56      0.69      0.38      1323
weighted avg       0.93      0.42      0.52      1323

INFO:root:EER: 31.41%
INFO:root:APCER: 0.00%
INFO:root:BPCER: 62.82%
INFO:root:EER FAKE: 31.41%
INFO:root:AUC@ROC: 0.685913185913186, threshold:2.0, EER: 0.0, APCER:0.0, BPCER:1.0, ACER:0.5
INFO:root:


INFO:root:model_webmorph/test_merged_webmorph.csv
INFO:root:The accuracy is: 8.47%
INFO:root:Confusion Matrix:
INFO:root:[[ 102    0]
 [1211   10]]
INFO:root:Classifiction Report: 
INFO:root:              precision    recall  f1-score   support

           0       0.08      1.00      0.14       102
           1       1.00      0.01      0.02      1221

    accuracy                           0.08      1323
   macro avg       0.54      0.50      0.08      1323
weighted avg       0.93      0.08      0.03      1323

INFO:root:EER: 49.59%
INFO:root:APCER: 0.00%
INFO:root:BPCER: 99.18%
INFO:root:EER FAKE: 49.59%
INFO:root:AUC@ROC: 0.5040950040950041, threshold:2.0, EER: 0.0, APCER:0.0, BPCER:1.0, ACER:0.5
INFO:root:


INFO:root:model_webmorph/test_merged_amsl.csv
INFO:root:The accuracy is: 10.51%
INFO:root:Confusion Matrix:
INFO:root:[[ 102    0]
 [1013   17]]
INFO:root:Classifiction Report: 
INFO:root:              precision    recall  f1-score   support

           0       0.09      1.00      0.17       102
           1       1.00      0.02      0.03      1030

    accuracy                           0.11      1132
   macro avg       0.55      0.51      0.10      1132
weighted avg       0.92      0.11      0.04      1132

INFO:root:EER: 49.17%
INFO:root:APCER: 0.00%
INFO:root:BPCER: 98.35%
INFO:root:EER FAKE: 49.17%
INFO:root:AUC@ROC: 0.5082524271844661, threshold:2.0, EER: 0.0, APCER:0.0, BPCER:1.0, ACER:0.5
INFO:root:


INFO:root:model_webmorph/test_merged_opencv.csv
INFO:root:The accuracy is: 66.29%
INFO:root:Confusion Matrix:
INFO:root:[[102   0]
 [446 775]]
INFO:root:Classifiction Report: 
INFO:root:              precision    recall  f1-score   support

           0       0.19      1.00      0.31       102
           1       1.00      0.63      0.78      1221

    accuracy                           0.66      1323
   macro avg       0.59      0.82      0.55      1323
weighted avg       0.94      0.66      0.74      1323

INFO:root:EER: 18.26%
INFO:root:APCER: 0.00%
INFO:root:BPCER: 36.53%
INFO:root:EER FAKE: 18.26%
INFO:root:AUC@ROC: 0.8173628173628174, threshold:2.0, EER: 0.0, APCER:0.0, BPCER:1.0, ACER:0.5
INFO:root:


