INFO:root:model_facemorpher/test_morph_s_amsl.csv
INFO:root:The accuracy is: 9.71%
INFO:root:Confusion Matrix:
INFO:root:[[ 202    2]
 [2054   19]]
INFO:root:Classifiction Report: 
INFO:root:              precision    recall  f1-score   support

           0       0.09      0.99      0.16       204
           1       0.90      0.01      0.02      2073

    accuracy                           0.10      2277
   macro avg       0.50      0.50      0.09      2277
weighted avg       0.83      0.10      0.03      2277

INFO:root:EER: 50.03%
INFO:root:APCER: 0.98%
INFO:root:BPCER: 99.08%
INFO:root:EER FAKE: 50.03%
INFO:root:AUC@ROC: 0.4996807695581851, threshold:1.0, EER: 0.00980392156862745, APCER:0.0, BPCER:1.0, ACER:0.5
INFO:root:


INFO:root:model_facemorpher/test_morph_s_facemorpher.csv
INFO:root:The accuracy is: 82.70%
INFO:root:Confusion Matrix:
INFO:root:[[202   2]
 [227 893]]
INFO:root:Classifiction Report: 
INFO:root:              precision    recall  f1-score   support

           0       0.47      0.99      0.64       204
           1       1.00      0.80      0.89      1120

    accuracy                           0.83      1324
   macro avg       0.73      0.89      0.76      1324
weighted avg       0.92      0.83      0.85      1324

INFO:root:EER: 10.62%
INFO:root:APCER: 0.98%
INFO:root:BPCER: 20.27%
INFO:root:EER FAKE: 10.62%
INFO:root:AUC@ROC: 0.8937587535014007, threshold:1.0, EER: 0.00980392156862745, APCER:0.0, BPCER:1.0, ACER:0.5
INFO:root:


INFO:root:model_facemorpher/test_morph_s_opencv.csv
INFO:root:The accuracy is: 68.33%
INFO:root:Confusion Matrix:
INFO:root:[[202   2]
 [417 702]]
INFO:root:Classifiction Report: 
INFO:root:              precision    recall  f1-score   support

           0       0.33      0.99      0.49       204
           1       1.00      0.63      0.77      1119

    accuracy                           0.68      1323
   macro avg       0.66      0.81      0.63      1323
weighted avg       0.89      0.68      0.73      1323

INFO:root:EER: 19.12%
INFO:root:APCER: 0.98%
INFO:root:BPCER: 37.27%
INFO:root:EER FAKE: 19.12%
INFO:root:AUC@ROC: 0.808770961467697, threshold:1.0, EER: 0.00980392156862745, APCER:0.0, BPCER:1.0, ACER:0.5
INFO:root:


INFO:root:model_facemorpher/test_morph_s_stylegan.csv
INFO:root:The accuracy is: 33.91%
INFO:root:Confusion Matrix:
INFO:root:[[202   2]
 [873 247]]
INFO:root:Classifiction Report: 
INFO:root:              precision    recall  f1-score   support

           0       0.19      0.99      0.32       204
           1       0.99      0.22      0.36      1120

    accuracy                           0.34      1324
   macro avg       0.59      0.61      0.34      1324
weighted avg       0.87      0.34      0.35      1324

INFO:root:EER: 39.46%
INFO:root:APCER: 0.98%
INFO:root:BPCER: 77.95%
INFO:root:EER FAKE: 39.46%
INFO:root:AUC@ROC: 0.6053658963585434, threshold:1.0, EER: 0.00980392156862745, APCER:0.0, BPCER:1.0, ACER:0.5
INFO:root:


INFO:root:model_facemorpher/test_morph_s_webmorph.csv
INFO:root:The accuracy is: 16.40%
INFO:root:Confusion Matrix:
INFO:root:[[ 202    2]
 [1104   15]]
INFO:root:Classifiction Report: 
INFO:root:              precision    recall  f1-score   support

           0       0.15      0.99      0.27       204
           1       0.88      0.01      0.03      1119

    accuracy                           0.16      1323
   macro avg       0.52      0.50      0.15      1323
weighted avg       0.77      0.16      0.06      1323

INFO:root:EER: 49.82%
INFO:root:APCER: 0.98%
INFO:root:BPCER: 98.66%
INFO:root:EER FAKE: 49.82%
INFO:root:AUC@ROC: 0.501800452084319, threshold:1.0, EER: 0.00980392156862745, APCER:0.0, BPCER:1.0, ACER:0.5
INFO:root:


