INFO:root:model_facemorpher/test_morph_s_amsl.csv
INFO:root:The accuracy is: 8.96%
INFO:root:Confusion Matrix:
INFO:root:[[ 204    0]
 [2073    0]]
INFO:root:Classifiction Report: 
INFO:root:              precision    recall  f1-score   support

           0       0.09      1.00      0.16       204
           1       0.00      0.00      0.00      2073

    accuracy                           0.09      2277
   macro avg       0.04      0.50      0.08      2277
weighted avg       0.01      0.09      0.01      2277

INFO:root:EER: 50.00%
INFO:root:APCER: 0.00%
INFO:root:BPCER: 100.00%
INFO:root:EER FAKE: 50.00%
INFO:root:AUC@ROC: 0.5690944732934177, threshold:0.02, EER: 0.4362745098039216, APCER:0.14705882352941177, BPCER:0.7023637240713941, ACER:0.42471127380040297
INFO:root:


INFO:root:model_facemorpher/test_morph_s_webmorph.csv
INFO:root:The accuracy is: 15.57%
INFO:root:Confusion Matrix:
INFO:root:[[ 204    0]
 [1117    2]]
INFO:root:Classifiction Report: 
INFO:root:              precision    recall  f1-score   support

           0       0.15      1.00      0.27       204
           1       1.00      0.00      0.00      1119

    accuracy                           0.16      1323
   macro avg       0.58      0.50      0.14      1323
weighted avg       0.87      0.16      0.04      1323

INFO:root:EER: 49.91%
INFO:root:APCER: 0.00%
INFO:root:BPCER: 99.82%
INFO:root:EER FAKE: 49.91%
INFO:root:AUC@ROC: 0.5380175752159666, threshold:0.02, EER: 0.4362745098039216, APCER:0.14705882352941177, BPCER:0.741733690795353, ACER:0.4443962571623824
INFO:root:


INFO:root:model_facemorpher/test_morph_s_opencv.csv
INFO:root:The accuracy is: 71.88%
INFO:root:Confusion Matrix:
INFO:root:[[204   0]
 [372 747]]
INFO:root:Classifiction Report: 
INFO:root:              precision    recall  f1-score   support

           0       0.35      1.00      0.52       204
           1       1.00      0.67      0.80      1119

    accuracy                           0.72      1323
   macro avg       0.68      0.83      0.66      1323
weighted avg       0.90      0.72      0.76      1323

INFO:root:EER: 16.62%
INFO:root:APCER: 0.00%
INFO:root:BPCER: 33.24%
INFO:root:EER FAKE: 16.62%
INFO:root:AUC@ROC: 0.9870485727803185, threshold:0.02, EER: 0.024509803921568627, APCER:0.14705882352941177, BPCER:0.01966041108132261, ACER:0.08335961730536719
INFO:root:


INFO:root:model_facemorpher/test_morph_s_stylegan.csv
INFO:root:The accuracy is: 32.33%
INFO:root:Confusion Matrix:
INFO:root:[[204   0]
 [896 224]]
INFO:root:Classifiction Report: 
INFO:root:              precision    recall  f1-score   support

           0       0.19      1.00      0.31       204
           1       1.00      0.20      0.33      1120

    accuracy                           0.32      1324
   macro avg       0.59      0.60      0.32      1324
weighted avg       0.87      0.32      0.33      1324

INFO:root:EER: 40.00%
INFO:root:APCER: 0.00%
INFO:root:BPCER: 80.00%
INFO:root:EER FAKE: 40.00%
INFO:root:AUC@ROC: 0.8318890056022409, threshold:0.02, EER: 0.24019607843137256, APCER:0.14705882352941177, BPCER:0.2785714285714286, ACER:0.2128151260504202
INFO:root:


INFO:root:model_facemorpher/test_morph_s_facemorpher.csv
INFO:root:The accuracy is: 86.63%
INFO:root:Confusion Matrix:
INFO:root:[[204   0]
 [177 943]]
INFO:root:Classifiction Report: 
INFO:root:              precision    recall  f1-score   support

           0       0.54      1.00      0.70       204
           1       1.00      0.84      0.91      1120

    accuracy                           0.87      1324
   macro avg       0.77      0.92      0.81      1324
weighted avg       0.93      0.87      0.88      1324

INFO:root:EER: 7.90%
INFO:root:APCER: 0.00%
INFO:root:BPCER: 15.80%
INFO:root:EER FAKE: 7.90%
INFO:root:AUC@ROC: 0.9924741771708683, threshold:0.02, EER: 0.024509803921568627, APCER:0.14705882352941177, BPCER:0.015178571428571428, ACER:0.0811186974789916
INFO:root:


