INFO:root:model_facemorpher/test_morph_amsl.csv
INFO:root:The accuracy is: 10.13%
INFO:root:Confusion Matrix:
INFO:root:[[ 204    0]
 [2138   37]]
INFO:root:Classifiction Report: 
INFO:root:              precision    recall  f1-score   support

           0       0.09      1.00      0.16       204
           1       1.00      0.02      0.03      2175

    accuracy                           0.10      2379
   macro avg       0.54      0.51      0.10      2379
weighted avg       0.92      0.10      0.04      2379

INFO:root:EER: 49.15%
INFO:root:APCER: 0.00%
INFO:root:BPCER: 98.30%
INFO:root:EER FAKE: 49.15%
INFO:root:AUC@ROC: 0.5085057471264368, threshold:2.0, EER: 0.0, APCER:0.0, BPCER:1.0, ACER:0.5
INFO:root:


INFO:root:model_facemorpher/test_morph_webmorph.csv
INFO:root:The accuracy is: 15.30%
INFO:root:Confusion Matrix:
INFO:root:[[ 204    0]
 [1207   14]]
INFO:root:Classifiction Report: 
INFO:root:              precision    recall  f1-score   support

           0       0.14      1.00      0.25       204
           1       1.00      0.01      0.02      1221

    accuracy                           0.15      1425
   macro avg       0.57      0.51      0.14      1425
weighted avg       0.88      0.15      0.06      1425

INFO:root:EER: 49.43%
INFO:root:APCER: 0.00%
INFO:root:BPCER: 98.85%
INFO:root:EER FAKE: 49.43%
INFO:root:AUC@ROC: 0.5057330057330057, threshold:2.0, EER: 0.0, APCER:0.0, BPCER:1.0, ACER:0.5
INFO:root:


INFO:root:model_facemorpher/test_morph_opencv.csv
INFO:root:The accuracy is: 65.04%
INFO:root:Confusion Matrix:
INFO:root:[[204   0]
 [501 728]]
INFO:root:Classifiction Report: 
INFO:root:              precision    recall  f1-score   support

           0       0.29      1.00      0.45       204
           1       1.00      0.59      0.74      1229

    accuracy                           0.65      1433
   macro avg       0.64      0.80      0.60      1433
weighted avg       0.90      0.65      0.70      1433

INFO:root:EER: 20.38%
INFO:root:APCER: 0.00%
INFO:root:BPCER: 40.76%
INFO:root:EER FAKE: 20.38%
INFO:root:AUC@ROC: 0.7961757526444264, threshold:2.0, EER: 0.0, APCER:0.0, BPCER:1.0, ACER:0.5
INFO:root:


INFO:root:model_facemorpher/test_morph_facemorpher.csv
INFO:root:The accuracy is: 76.23%
INFO:root:Confusion Matrix:
INFO:root:[[204   0]
 [339 883]]
INFO:root:Classifiction Report: 
INFO:root:              precision    recall  f1-score   support

           0       0.38      1.00      0.55       204
           1       1.00      0.72      0.84      1222

    accuracy                           0.76      1426
   macro avg       0.69      0.86      0.69      1426
weighted avg       0.91      0.76      0.80      1426

INFO:root:EER: 13.87%
INFO:root:APCER: 0.00%
INFO:root:BPCER: 27.74%
INFO:root:EER FAKE: 13.87%
INFO:root:AUC@ROC: 0.8612929623567922, threshold:2.0, EER: 0.0, APCER:0.0, BPCER:1.0, ACER:0.5
INFO:root:


INFO:root:model_facemorpher/test_morph_stylegan.csv
INFO:root:The accuracy is: 32.96%
INFO:root:Confusion Matrix:
INFO:root:[[204   0]
 [956 266]]
INFO:root:Classifiction Report: 
INFO:root:              precision    recall  f1-score   support

           0       0.18      1.00      0.30       204
           1       1.00      0.22      0.36      1222

    accuracy                           0.33      1426
   macro avg       0.59      0.61      0.33      1426
weighted avg       0.88      0.33      0.35      1426

INFO:root:EER: 39.12%
INFO:root:APCER: 0.00%
INFO:root:BPCER: 78.23%
INFO:root:EER FAKE: 39.12%
INFO:root:AUC@ROC: 0.6088379705400981, threshold:2.0, EER: 0.0, APCER:0.0, BPCER:1.0, ACER:0.5
INFO:root:


