INFO:root:model_opencv/test_morph_s_amsl.csv
INFO:root:The accuracy is: 28.37%
INFO:root:Confusion Matrix:
INFO:root:[[ 200    4]
 [1627  446]]
INFO:root:Classifiction Report: 
INFO:root:              precision    recall  f1-score   support

           0       0.11      0.98      0.20       204
           1       0.99      0.22      0.35      2073

    accuracy                           0.28      2277
   macro avg       0.55      0.60      0.28      2277
weighted avg       0.91      0.28      0.34      2277

INFO:root:EER: 40.22%
INFO:root:APCER: 1.96%
INFO:root:BPCER: 78.49%
INFO:root:EER FAKE: 40.22%
INFO:root:AUC@ROC: 0.833676210474542, threshold:4.395969704231558e-251, EER: 0.22058823529411764, APCER:0.19607843137254902, BPCER:0.23058369512783405, ACER:0.21333106325019152
INFO:root:


INFO:root:model_opencv/test_morph_s_webmorph.csv
INFO:root:The accuracy is: 41.65%
INFO:root:Confusion Matrix:
INFO:root:[[200   4]
 [768 351]]
INFO:root:Classifiction Report: 
INFO:root:              precision    recall  f1-score   support

           0       0.21      0.98      0.34       204
           1       0.99      0.31      0.48      1119

    accuracy                           0.42      1323
   macro avg       0.60      0.65      0.41      1323
weighted avg       0.87      0.42      0.46      1323

INFO:root:EER: 35.30%
INFO:root:APCER: 1.96%
INFO:root:BPCER: 68.63%
INFO:root:EER FAKE: 35.30%
INFO:root:AUC@ROC: 0.9263216457271023, threshold:4.395969704231558e-251, EER: 0.12745098039215685, APCER:0.19607843137254902, BPCER:0.0679177837354781, ACER:0.13199810755401356
INFO:root:


INFO:root:model_opencv/test_morph_s_opencv.csv
INFO:root:The accuracy is: 99.24%
INFO:root:Confusion Matrix:
INFO:root:[[ 200    4]
 [   6 1113]]
INFO:root:Classifiction Report: 
INFO:root:              precision    recall  f1-score   support

           0       0.97      0.98      0.98       204
           1       1.00      0.99      1.00      1119

    accuracy                           0.99      1323
   macro avg       0.98      0.99      0.99      1323
weighted avg       0.99      0.99      0.99      1323

INFO:root:EER: 1.25%
INFO:root:APCER: 1.96%
INFO:root:BPCER: 0.54%
INFO:root:EER FAKE: 1.25%
INFO:root:AUC@ROC: 0.9919636755506491, threshold:4.395969704231558e-251, EER: 0.014705882352941176, APCER:0.19607843137254902, BPCER:0.0008936550491510277, ACER:0.09848604321085003
INFO:root:


INFO:root:model_opencv/test_morph_s_stylegan.csv
INFO:root:The accuracy is: 81.19%
INFO:root:Confusion Matrix:
INFO:root:[[200   4]
 [245 875]]
INFO:root:Classifiction Report: 
INFO:root:              precision    recall  f1-score   support

           0       0.45      0.98      0.62       204
           1       1.00      0.78      0.88      1120

    accuracy                           0.81      1324
   macro avg       0.72      0.88      0.75      1324
weighted avg       0.91      0.81      0.84      1324

INFO:root:EER: 11.92%
INFO:root:APCER: 1.96%
INFO:root:BPCER: 21.88%
INFO:root:EER FAKE: 11.92%
INFO:root:AUC@ROC: 0.9598542542016806, threshold:4.395969704231558e-251, EER: 0.09313725490196079, APCER:0.19607843137254902, BPCER:0.04375, ACER:0.1199142156862745
INFO:root:


INFO:root:model_opencv/test_morph_s_facemorpher.csv
INFO:root:The accuracy is: 99.40%
INFO:root:Confusion Matrix:
INFO:root:[[ 200    4]
 [   4 1116]]
INFO:root:Classifiction Report: 
INFO:root:              precision    recall  f1-score   support

           0       0.98      0.98      0.98       204
           1       1.00      1.00      1.00      1120

    accuracy                           0.99      1324
   macro avg       0.99      0.99      0.99      1324
weighted avg       0.99      0.99      0.99      1324

INFO:root:EER: 1.16%
INFO:root:APCER: 1.96%
INFO:root:BPCER: 0.36%
INFO:root:EER FAKE: 1.16%
INFO:root:AUC@ROC: 0.9919992997198879, threshold:4.395969704231558e-251, EER: 0.014705882352941176, APCER:0.19607843137254902, BPCER:0.0008928571428571428, ACER:0.09848564425770308
INFO:root:


