INFO:root:model_stylegan/test_morph_s_amsl.csv
INFO:root:The accuracy is: 16.60%
INFO:root:Confusion Matrix:
INFO:root:[[ 191   13]
 [1886  187]]
INFO:root:Classifiction Report: 
INFO:root:              precision    recall  f1-score   support

           0       0.09      0.94      0.17       204
           1       0.94      0.09      0.16      2073

    accuracy                           0.17      2277
   macro avg       0.51      0.51      0.17      2277
weighted avg       0.86      0.17      0.16      2277

INFO:root:EER: 48.68%
INFO:root:APCER: 6.37%
INFO:root:BPCER: 90.98%
INFO:root:EER FAKE: 48.68%
INFO:root:AUC@ROC: 0.5132409693255016, threshold:1.0, EER: 0.06372549019607843, APCER:0.0, BPCER:1.0, ACER:0.5
INFO:root:


INFO:root:model_stylegan/test_morph_s_facemorpher.csv
INFO:root:The accuracy is: 96.37%
INFO:root:Confusion Matrix:
INFO:root:[[ 191   13]
 [  35 1085]]
INFO:root:Classifiction Report: 
INFO:root:              precision    recall  f1-score   support

           0       0.85      0.94      0.89       204
           1       0.99      0.97      0.98      1120

    accuracy                           0.96      1324
   macro avg       0.92      0.95      0.93      1324
weighted avg       0.97      0.96      0.96      1324

INFO:root:EER: 4.75%
INFO:root:APCER: 6.37%
INFO:root:BPCER: 3.12%
INFO:root:EER FAKE: 4.75%
INFO:root:AUC@ROC: 0.9525122549019608, threshold:1.0, EER: 0.06372549019607843, APCER:0.0, BPCER:1.0, ACER:0.5
INFO:root:


INFO:root:model_stylegan/test_morph_s_opencv.csv
INFO:root:The accuracy is: 93.20%
INFO:root:Confusion Matrix:
INFO:root:[[ 191   13]
 [  77 1042]]
INFO:root:Classifiction Report: 
INFO:root:              precision    recall  f1-score   support

           0       0.71      0.94      0.81       204
           1       0.99      0.93      0.96      1119

    accuracy                           0.93      1323
   macro avg       0.85      0.93      0.88      1323
weighted avg       0.95      0.93      0.94      1323

INFO:root:EER: 6.63%
INFO:root:APCER: 6.37%
INFO:root:BPCER: 6.88%
INFO:root:EER FAKE: 6.63%
INFO:root:AUC@ROC: 0.9337315355096462, threshold:1.0, EER: 0.06372549019607843, APCER:0.0, BPCER:1.0, ACER:0.5
INFO:root:


INFO:root:model_stylegan/test_morph_s_stylegan.csv
INFO:root:The accuracy is: 70.24%
INFO:root:Confusion Matrix:
INFO:root:[[191  13]
 [381 739]]
INFO:root:Classifiction Report: 
INFO:root:              precision    recall  f1-score   support

           0       0.33      0.94      0.49       204
           1       0.98      0.66      0.79      1120

    accuracy                           0.70      1324
   macro avg       0.66      0.80      0.64      1324
weighted avg       0.88      0.70      0.74      1324

INFO:root:EER: 20.20%
INFO:root:APCER: 6.37%
INFO:root:BPCER: 34.02%
INFO:root:EER FAKE: 20.20%
INFO:root:AUC@ROC: 0.7980479691876751, threshold:1.0, EER: 0.06372549019607843, APCER:0.0, BPCER:1.0, ACER:0.5
INFO:root:


INFO:root:model_stylegan/test_morph_s_webmorph.csv
INFO:root:The accuracy is: 23.81%
INFO:root:Confusion Matrix:
INFO:root:[[191  13]
 [995 124]]
INFO:root:Classifiction Report: 
INFO:root:              precision    recall  f1-score   support

           0       0.16      0.94      0.27       204
           1       0.91      0.11      0.20      1119

    accuracy                           0.24      1323
   macro avg       0.53      0.52      0.24      1323
weighted avg       0.79      0.24      0.21      1323

INFO:root:EER: 47.65%
INFO:root:APCER: 6.37%
INFO:root:BPCER: 88.92%
INFO:root:EER FAKE: 47.65%
INFO:root:AUC@ROC: 0.5235438679493245, threshold:1.0, EER: 0.06372549019607843, APCER:0.0, BPCER:1.0, ACER:0.5
INFO:root:


