INFO:root:model_stylegan/test_merged_facemorpher.csv
INFO:root:The accuracy is: 95.69%
INFO:root:Confusion Matrix:
INFO:root:[[  99    3]
 [  54 1168]]
INFO:root:Classifiction Report: 
INFO:root:              precision    recall  f1-score   support

           0       0.65      0.97      0.78       102
           1       1.00      0.96      0.98      1222

    accuracy                           0.96      1324
   macro avg       0.82      0.96      0.88      1324
weighted avg       0.97      0.96      0.96      1324

INFO:root:EER: 3.68%
INFO:root:APCER: 2.94%
INFO:root:BPCER: 4.42%
INFO:root:EER FAKE: 3.68%
INFO:root:AUC@ROC: 0.9631991912968134, threshold:1.0, EER: 0.029411764705882353, APCER:0.0, BPCER:1.0, ACER:0.5
INFO:root:


INFO:root:model_stylegan/test_merged_stylegan.csv
INFO:root:The accuracy is: 67.82%
INFO:root:Confusion Matrix:
INFO:root:[[ 99   3]
 [423 799]]
INFO:root:Classifiction Report: 
INFO:root:              precision    recall  f1-score   support

           0       0.19      0.97      0.32       102
           1       1.00      0.65      0.79      1222

    accuracy                           0.68      1324
   macro avg       0.59      0.81      0.55      1324
weighted avg       0.93      0.68      0.75      1324

INFO:root:EER: 18.78%
INFO:root:APCER: 2.94%
INFO:root:BPCER: 34.62%
INFO:root:EER FAKE: 18.78%
INFO:root:AUC@ROC: 0.8122171945701356, threshold:1.0, EER: 0.029411764705882353, APCER:0.0, BPCER:1.0, ACER:0.5
INFO:root:


INFO:root:model_stylegan/test_merged_webmorph.csv
INFO:root:The accuracy is: 18.37%
INFO:root:Confusion Matrix:
INFO:root:[[  99    3]
 [1077  144]]
INFO:root:Classifiction Report: 
INFO:root:              precision    recall  f1-score   support

           0       0.08      0.97      0.15       102
           1       0.98      0.12      0.21      1221

    accuracy                           0.18      1323
   macro avg       0.53      0.54      0.18      1323
weighted avg       0.91      0.18      0.21      1323

INFO:root:EER: 45.57%
INFO:root:APCER: 2.94%
INFO:root:BPCER: 88.21%
INFO:root:EER FAKE: 45.57%
INFO:root:AUC@ROC: 0.5442621766151179, threshold:1.0, EER: 0.029411764705882353, APCER:0.0, BPCER:1.0, ACER:0.5
INFO:root:


INFO:root:model_stylegan/test_merged_amsl.csv
INFO:root:The accuracy is: 19.17%
INFO:root:Confusion Matrix:
INFO:root:[[ 99   3]
 [912 118]]
INFO:root:Classifiction Report: 
INFO:root:              precision    recall  f1-score   support

           0       0.10      0.97      0.18       102
           1       0.98      0.11      0.21      1030

    accuracy                           0.19      1132
   macro avg       0.54      0.54      0.19      1132
weighted avg       0.90      0.19      0.20      1132

INFO:root:EER: 45.74%
INFO:root:APCER: 2.94%
INFO:root:BPCER: 88.54%
INFO:root:EER FAKE: 45.74%
INFO:root:AUC@ROC: 0.5425756710451172, threshold:1.0, EER: 0.029411764705882353, APCER:0.0, BPCER:1.0, ACER:0.5
INFO:root:


INFO:root:model_stylegan/test_merged_opencv.csv
INFO:root:The accuracy is: 93.58%
INFO:root:Confusion Matrix:
INFO:root:[[  99    3]
 [  82 1139]]
INFO:root:Classifiction Report: 
INFO:root:              precision    recall  f1-score   support

           0       0.55      0.97      0.70       102
           1       1.00      0.93      0.96      1221

    accuracy                           0.94      1323
   macro avg       0.77      0.95      0.83      1323
weighted avg       0.96      0.94      0.94      1323

INFO:root:EER: 4.83%
INFO:root:APCER: 2.94%
INFO:root:BPCER: 6.72%
INFO:root:EER FAKE: 4.83%
INFO:root:AUC@ROC: 0.9517150840680252, threshold:1.0, EER: 0.029411764705882353, APCER:0.0, BPCER:1.0, ACER:0.5
INFO:root:


