INFO:root:model_opencv/test_merged_facemorpher.csv
INFO:root:The accuracy is: 84.20%
INFO:root:Confusion Matrix:
INFO:root:[[ 102    0]
 [ 209 1012]]
INFO:root:Classifiction Report: 
INFO:root:              precision    recall  f1-score   support

           0       0.33      1.00      0.49       102
           1       1.00      0.83      0.91      1221

    accuracy                           0.84      1323
   macro avg       0.66      0.91      0.70      1323
weighted avg       0.95      0.84      0.87      1323

INFO:root:EER: 8.56%
INFO:root:APCER: 0.00%
INFO:root:BPCER: 17.12%
INFO:root:EER FAKE: 8.56%
INFO:root:AUC@ROC: 0.9144144144144144, threshold:2.0, EER: 0.0, APCER:0.0, BPCER:1.0, ACER:0.5
INFO:root:


INFO:root:model_opencv/test_merged_stylegan.csv
INFO:root:The accuracy is: 37.87%
INFO:root:Confusion Matrix:
INFO:root:[[102   0]
 [822 399]]
INFO:root:Classifiction Report: 
INFO:root:              precision    recall  f1-score   support

           0       0.11      1.00      0.20       102
           1       1.00      0.33      0.49      1221

    accuracy                           0.38      1323
   macro avg       0.56      0.66      0.35      1323
weighted avg       0.93      0.38      0.47      1323

INFO:root:EER: 33.66%
INFO:root:APCER: 0.00%
INFO:root:BPCER: 67.32%
INFO:root:EER FAKE: 33.66%
INFO:root:AUC@ROC: 0.6633906633906634, threshold:2.0, EER: 0.0, APCER:0.0, BPCER:1.0, ACER:0.5
INFO:root:


INFO:root:model_opencv/test_merged_webmorph.csv
INFO:root:The accuracy is: 11.34%
INFO:root:Confusion Matrix:
INFO:root:[[ 102    0]
 [1173   48]]
INFO:root:Classifiction Report: 
INFO:root:              precision    recall  f1-score   support

           0       0.08      1.00      0.15       102
           1       1.00      0.04      0.08      1221

    accuracy                           0.11      1323
   macro avg       0.54      0.52      0.11      1323
weighted avg       0.93      0.11      0.08      1323

INFO:root:EER: 48.03%
INFO:root:APCER: 0.00%
INFO:root:BPCER: 96.07%
INFO:root:EER FAKE: 48.03%
INFO:root:AUC@ROC: 0.5196560196560197, threshold:2.0, EER: 0.0, APCER:0.0, BPCER:1.0, ACER:0.5
INFO:root:


INFO:root:model_opencv/test_merged_amsl.csv
INFO:root:The accuracy is: 12.28%
INFO:root:Confusion Matrix:
INFO:root:[[102   0]
 [993  37]]
INFO:root:Classifiction Report: 
INFO:root:              precision    recall  f1-score   support

           0       0.09      1.00      0.17       102
           1       1.00      0.04      0.07      1030

    accuracy                           0.12      1132
   macro avg       0.55      0.52      0.12      1132
weighted avg       0.92      0.12      0.08      1132

INFO:root:EER: 48.20%
INFO:root:APCER: 0.00%
INFO:root:BPCER: 96.41%
INFO:root:EER FAKE: 48.20%
INFO:root:AUC@ROC: 0.5179611650485437, threshold:2.0, EER: 0.0, APCER:0.0, BPCER:1.0, ACER:0.5
INFO:root:


INFO:root:model_opencv/test_merged_opencv.csv
INFO:root:The accuracy is: 73.70%
INFO:root:Confusion Matrix:
INFO:root:[[102   0]
 [348 873]]
INFO:root:Classifiction Report: 
INFO:root:              precision    recall  f1-score   support

           0       0.23      1.00      0.37       102
           1       1.00      0.71      0.83      1221

    accuracy                           0.74      1323
   macro avg       0.61      0.86      0.60      1323
weighted avg       0.94      0.74      0.80      1323

INFO:root:EER: 14.25%
INFO:root:APCER: 0.00%
INFO:root:BPCER: 28.50%
INFO:root:EER FAKE: 14.25%
INFO:root:AUC@ROC: 0.8574938574938575, threshold:2.0, EER: 0.0, APCER:0.0, BPCER:1.0, ACER:0.5
INFO:root:


INFO:root:model_opencv/test_merged_amsl.csv
INFO:root:The accuracy is: 9.10%
INFO:root:Confusion Matrix:
INFO:root:[[ 102    0]
 [1029    1]]
INFO:root:Classifiction Report: 
INFO:root:              precision    recall  f1-score   support

           0       0.09      1.00      0.17       102
           1       1.00      0.00      0.00      1030

    accuracy                           0.09      1132
   macro avg       0.55      0.50      0.08      1132
weighted avg       0.92      0.09      0.02      1132

INFO:root:EER: 49.95%
INFO:root:APCER: 0.00%
INFO:root:BPCER: 99.90%
INFO:root:EER FAKE: 49.95%
INFO:root:AUC@ROC: 0.7128355225585379, threshold:0.01, EER: 0.10784313725490197, APCER:0.058823529411764705, BPCER:0.6106796116504855, ACER:0.3347515705311251
INFO:root:


INFO:root:model_opencv/test_merged_facemorpher.csv
INFO:root:The accuracy is: 92.67%
INFO:root:Confusion Matrix:
INFO:root:[[ 102    0]
 [  97 1124]]
INFO:root:Classifiction Report: 
INFO:root:              precision    recall  f1-score   support

           0       0.51      1.00      0.68       102
           1       1.00      0.92      0.96      1221

    accuracy                           0.93      1323
   macro avg       0.76      0.96      0.82      1323
weighted avg       0.96      0.93      0.94      1323

INFO:root:EER: 3.97%
INFO:root:APCER: 0.00%
INFO:root:BPCER: 7.94%
INFO:root:EER FAKE: 3.97%
INFO:root:AUC@ROC: 0.9989240577475871, threshold:0.01, EER: 0.00980392156862745, APCER:0.058823529411764705, BPCER:0.001638001638001638, ACER:0.03023076552488317
INFO:root:


INFO:root:model_opencv/test_merged_opencv.csv
INFO:root:The accuracy is: 75.66%
INFO:root:Confusion Matrix:
INFO:root:[[102   0]
 [322 899]]
INFO:root:Classifiction Report: 
INFO:root:              precision    recall  f1-score   support

           0       0.24      1.00      0.39       102
           1       1.00      0.74      0.85      1221

    accuracy                           0.76      1323
   macro avg       0.62      0.87      0.62      1323
weighted avg       0.94      0.76      0.81      1323

INFO:root:EER: 13.19%
INFO:root:APCER: 0.00%
INFO:root:BPCER: 26.37%
INFO:root:EER FAKE: 13.19%
INFO:root:AUC@ROC: 0.9989561754267636, threshold:0.01, EER: 0.0196078431372549, APCER:0.058823529411764705, BPCER:0.000819000819000819, ACER:0.029821265115382762
INFO:root:


INFO:root:model_opencv/test_merged_stylegan.csv
INFO:root:The accuracy is: 25.02%
INFO:root:Confusion Matrix:
INFO:root:[[102   0]
 [992 229]]
INFO:root:Classifiction Report: 
INFO:root:              precision    recall  f1-score   support

           0       0.09      1.00      0.17       102
           1       1.00      0.19      0.32      1221

    accuracy                           0.25      1323
   macro avg       0.55      0.59      0.24      1323
weighted avg       0.93      0.25      0.30      1323

INFO:root:EER: 40.62%
INFO:root:APCER: 0.00%
INFO:root:BPCER: 81.24%
INFO:root:EER FAKE: 40.62%
INFO:root:AUC@ROC: 0.9179393297040355, threshold:0.01, EER: 0.10784313725490197, APCER:0.058823529411764705, BPCER:0.16134316134316135, ACER:0.11008334537746303
INFO:root:


INFO:root:model_opencv/test_merged_webmorph.csv
INFO:root:The accuracy is: 8.01%
INFO:root:Confusion Matrix:
INFO:root:[[ 102    0]
 [1217    4]]
INFO:root:Classifiction Report: 
INFO:root:              precision    recall  f1-score   support

           0       0.08      1.00      0.14       102
           1       1.00      0.00      0.01      1221

    accuracy                           0.08      1323
   macro avg       0.54      0.50      0.08      1323
weighted avg       0.93      0.08      0.02      1323

INFO:root:EER: 49.84%
INFO:root:APCER: 0.00%
INFO:root:BPCER: 99.67%
INFO:root:EER FAKE: 49.84%
INFO:root:AUC@ROC: 0.7224631048160459, threshold:0.01, EER: 0.10784313725490197, APCER:0.058823529411764705, BPCER:0.5888615888615889, ACER:0.3238425591366768
INFO:root:


