INFO:root:model_facemorpher/test_morph_amsl.csv
INFO:root:The accuracy is: 8.58%
INFO:root:Confusion Matrix:
INFO:root:[[ 204    0]
 [2175    0]]
INFO:root:Classifiction Report: 
INFO:root:              precision    recall  f1-score   support

           0       0.09      1.00      0.16       204
           1       0.00      0.00      0.00      2175

    accuracy                           0.09      2379
   macro avg       0.04      0.50      0.08      2379
weighted avg       0.01      0.09      0.01      2379

INFO:root:EER: 50.00%
INFO:root:APCER: 0.00%
INFO:root:BPCER: 100.00%
INFO:root:EER FAKE: 50.00%
INFO:root:AUC@ROC: 0.5013793103448276, threshold:1.0, EER: 0.0, APCER:0.0, BPCER:1.0, ACER:0.5
INFO:root:


INFO:root:model_facemorpher/test_morph_webmorph.csv
INFO:root:The accuracy is: 14.32%
INFO:root:Confusion Matrix:
INFO:root:[[ 204    0]
 [1221    0]]
INFO:root:Classifiction Report: 
INFO:root:              precision    recall  f1-score   support

           0       0.14      1.00      0.25       204
           1       0.00      0.00      0.00      1221

    accuracy                           0.14      1425
   macro avg       0.07      0.50      0.13      1425
weighted avg       0.02      0.14      0.04      1425

INFO:root:EER: 50.00%
INFO:root:APCER: 0.00%
INFO:root:BPCER: 100.00%
INFO:root:EER FAKE: 50.00%
INFO:root:AUC@ROC: 0.5057330057330057, threshold:1.0, EER: 0.0, APCER:0.0, BPCER:1.0, ACER:0.5
INFO:root:


INFO:root:model_facemorpher/test_morph_opencv.csv
INFO:root:The accuracy is: 58.48%
INFO:root:Confusion Matrix:
INFO:root:[[204   0]
 [595 634]]
INFO:root:Classifiction Report: 
INFO:root:              precision    recall  f1-score   support

           0       0.26      1.00      0.41       204
           1       1.00      0.52      0.68      1229

    accuracy                           0.58      1433
   macro avg       0.63      0.76      0.54      1433
weighted avg       0.89      0.58      0.64      1433

INFO:root:EER: 24.21%
INFO:root:APCER: 0.00%
INFO:root:BPCER: 48.41%
INFO:root:EER FAKE: 24.21%
INFO:root:AUC@ROC: 0.9646053702196908, threshold:2.0, EER: 0.0, APCER:0.0, BPCER:1.0, ACER:0.5
INFO:root:


INFO:root:model_facemorpher/test_morph_facemorpher.csv
INFO:root:The accuracy is: 84.78%
INFO:root:Confusion Matrix:
INFO:root:[[ 204    0]
 [ 217 1005]]
INFO:root:Classifiction Report: 
INFO:root:              precision    recall  f1-score   support

           0       0.48      1.00      0.65       204
           1       1.00      0.82      0.90      1222

    accuracy                           0.85      1426
   macro avg       0.74      0.91      0.78      1426
weighted avg       0.93      0.85      0.87      1426

INFO:root:EER: 8.88%
INFO:root:APCER: 0.00%
INFO:root:BPCER: 17.76%
INFO:root:EER FAKE: 8.88%
INFO:root:AUC@ROC: 0.9889525368248773, threshold:2.0, EER: 0.0, APCER:0.0, BPCER:1.0, ACER:0.5
INFO:root:


INFO:root:model_facemorpher/test_morph_stylegan.csv
INFO:root:The accuracy is: 38.08%
INFO:root:Confusion Matrix:
INFO:root:[[204   0]
 [883 339]]
INFO:root:Classifiction Report: 
INFO:root:              precision    recall  f1-score   support

           0       0.19      1.00      0.32       204
           1       1.00      0.28      0.43      1222

    accuracy                           0.38      1426
   macro avg       0.59      0.64      0.38      1426
weighted avg       0.88      0.38      0.42      1426

INFO:root:EER: 36.13%
INFO:root:APCER: 0.00%
INFO:root:BPCER: 72.26%
INFO:root:EER FAKE: 36.13%
INFO:root:AUC@ROC: 0.7532733224222585, threshold:2.0, EER: 0.0, APCER:0.0, BPCER:1.0, ACER:0.5
INFO:root:


