INFO:root:model_stylegan/test_morph_amsl.csv
INFO:root:The accuracy is: 7.60%
INFO:root:Confusion Matrix:
INFO:root:[[ 100    2]
 [2102   73]]
INFO:root:Classifiction Report: 
INFO:root:              precision    recall  f1-score   support

           0       0.05      0.98      0.09       102
           1       0.97      0.03      0.06      2175

    accuracy                           0.08      2277
   macro avg       0.51      0.51      0.08      2277
weighted avg       0.93      0.08      0.07      2277

INFO:root:EER: 49.30%
INFO:root:APCER: 1.96%
INFO:root:BPCER: 96.64%
INFO:root:EER FAKE: 49.30%
INFO:root:BPCR(0.10 %) @ APCR = : 100.0, BPCR (1.00%) @ APCR =:100.0, BPCR (10.00%) @ APCR =: 93.13725490196079, BPCR (20.00%) @ APCR =:81.37254901960785
INFO:root:AUC@ROC: 0.5304868154158215, threshold:0.5, EER: 0.43137254901960786, APCER:0.0196078431372549, BPCER:0.9664367816091954, ACER:0.4930223123732252
INFO:root:


INFO:root:model_stylegan/test_morph_facemorpher.csv
INFO:root:The accuracy is: 95.39%
INFO:root:Confusion Matrix:
INFO:root:[[ 100    2]
 [  59 1163]]
INFO:root:Classifiction Report: 
INFO:root:              precision    recall  f1-score   support

           0       0.63      0.98      0.77       102
           1       1.00      0.95      0.97      1222

    accuracy                           0.95      1324
   macro avg       0.81      0.97      0.87      1324
weighted avg       0.97      0.95      0.96      1324

INFO:root:EER: 3.39%
INFO:root:APCER: 1.96%
INFO:root:BPCER: 4.83%
INFO:root:EER FAKE: 3.39%
INFO:root:BPCR(0.10 %) @ APCR = : 100.0, BPCR (1.00%) @ APCR =:81.37254901960785, BPCR (10.00%) @ APCR =: 0.0, BPCR (20.00%) @ APCR =:0.0
INFO:root:AUC@ROC: 0.9805044767497834, threshold:0.5, EER: 0.0392156862745098, APCER:0.0196078431372549, BPCER:0.04828150572831424, ACER:0.033944674432784566
INFO:root:


INFO:root:model_stylegan/test_morph_opencv.csv
INFO:root:The accuracy is: 90.53%
INFO:root:Confusion Matrix:
INFO:root:[[ 100    2]
 [ 124 1105]]
INFO:root:Classifiction Report: 
INFO:root:              precision    recall  f1-score   support

           0       0.45      0.98      0.61       102
           1       1.00      0.90      0.95      1229

    accuracy                           0.91      1331
   macro avg       0.72      0.94      0.78      1331
weighted avg       0.96      0.91      0.92      1331

INFO:root:EER: 6.03%
INFO:root:APCER: 1.96%
INFO:root:BPCER: 10.09%
INFO:root:EER FAKE: 6.03%
INFO:root:BPCR(0.10 %) @ APCR = : 100.0, BPCR (1.00%) @ APCR =:81.37254901960785, BPCR (10.00%) @ APCR =: 1.9607843137254901, BPCR (20.00%) @ APCR =:0.9803921568627451
INFO:root:AUC@ROC: 0.9687375356977617, threshold:0.5, EER: 0.049019607843137254, APCER:0.0196078431372549, BPCER:0.10089503661513426, ACER:0.06025143987619458
INFO:root:


INFO:root:model_stylegan/test_morph_stylegan.csv
INFO:root:The accuracy is: 60.05%
INFO:root:Confusion Matrix:
INFO:root:[[100   2]
 [527 695]]
INFO:root:Classifiction Report: 
INFO:root:              precision    recall  f1-score   support

           0       0.16      0.98      0.27       102
           1       1.00      0.57      0.72      1222

    accuracy                           0.60      1324
   macro avg       0.58      0.77      0.50      1324
weighted avg       0.93      0.60      0.69      1324

INFO:root:EER: 22.54%
INFO:root:APCER: 1.96%
INFO:root:BPCER: 43.13%
INFO:root:EER FAKE: 22.54%
INFO:root:BPCR(0.10 %) @ APCR = : 100.0, BPCR (1.00%) @ APCR =:93.13725490196079, BPCR (10.00%) @ APCR =: 43.13725490196079, BPCR (20.00%) @ APCR =:11.76470588235294
INFO:root:AUC@ROC: 0.897812971342383, threshold:0.5, EER: 0.16666666666666666, APCER:0.0196078431372549, BPCER:0.43126022913256956, ACER:0.22543403613491222
INFO:root:


INFO:root:model_stylegan/test_morph_webmorph.csv
INFO:root:The accuracy is: 9.60%
INFO:root:Confusion Matrix:
INFO:root:[[ 100    2]
 [1194   27]]
INFO:root:Classifiction Report: 
INFO:root:              precision    recall  f1-score   support

           0       0.08      0.98      0.14       102
           1       0.93      0.02      0.04      1221

    accuracy                           0.10      1323
   macro avg       0.50      0.50      0.09      1323
weighted avg       0.87      0.10      0.05      1323

INFO:root:EER: 49.87%
INFO:root:APCER: 1.96%
INFO:root:BPCER: 97.79%
INFO:root:EER FAKE: 49.87%
INFO:root:BPCR(0.10 %) @ APCR = : 100.0, BPCR (1.00%) @ APCR =:100.0, BPCR (10.00%) @ APCR =: 81.37254901960785, BPCR (20.00%) @ APCR =:65.68627450980392
INFO:root:AUC@ROC: 0.5920452538099596, threshold:0.5, EER: 0.43137254901960786, APCER:0.0196078431372549, BPCER:0.9778869778869779, ACER:0.4987474105121164
INFO:root:


