INFO:root:model_no_shuffle/test_morph_amsl.csv
INFO:root:The accuracy is: 8.62%
INFO:root:Confusion Matrix:
INFO:root:[[ 203    1]
 [2173    2]]
INFO:root:Classifiction Report: 
INFO:root:              precision    recall  f1-score   support

           0       0.09      1.00      0.16       204
           1       0.67      0.00      0.00      2175

    accuracy                           0.09      2379
   macro avg       0.38      0.50      0.08      2379
weighted avg       0.62      0.09      0.02      2379

INFO:root:EER: 50.20%
INFO:root:APCER: 0.49%
INFO:root:BPCER: 99.91%
INFO:root:EER FAKE: 50.20%
INFO:root:AUC@ROC: 0.4249233716475096, threshold:0.03, EER: 0.43137254901960786, APCER:0.16176470588235295, BPCER:0.9057471264367816, ACER:0.5337559161595673
INFO:root:


INFO:root:model_no_shuffle/test_morph_webmorph.csv
INFO:root:The accuracy is: 14.53%
INFO:root:Confusion Matrix:
INFO:root:[[ 203    1]
 [1217    4]]
INFO:root:Classifiction Report: 
INFO:root:              precision    recall  f1-score   support

           0       0.14      1.00      0.25       204
           1       0.80      0.00      0.01      1221

    accuracy                           0.15      1425
   macro avg       0.47      0.50      0.13      1425
weighted avg       0.71      0.15      0.04      1425

INFO:root:EER: 50.08%
INFO:root:APCER: 0.49%
INFO:root:BPCER: 99.67%
INFO:root:EER FAKE: 50.08%
INFO:root:AUC@ROC: 0.42622769828652185, threshold:0.03, EER: 0.43137254901960786, APCER:0.16176470588235295, BPCER:0.895986895986896, ACER:0.5288758009346245
INFO:root:


INFO:root:model_no_shuffle/test_morph_opencv.csv
INFO:root:The accuracy is: 90.09%
INFO:root:Confusion Matrix:
INFO:root:[[ 203    1]
 [ 141 1088]]
INFO:root:Classifiction Report: 
INFO:root:              precision    recall  f1-score   support

           0       0.59      1.00      0.74       204
           1       1.00      0.89      0.94      1229

    accuracy                           0.90      1433
   macro avg       0.79      0.94      0.84      1433
weighted avg       0.94      0.90      0.91      1433

INFO:root:EER: 5.98%
INFO:root:APCER: 0.49%
INFO:root:BPCER: 11.47%
INFO:root:EER FAKE: 5.98%
INFO:root:AUC@ROC: 0.9931077394342605, threshold:0.03, EER: 0.04411764705882353, APCER:0.16176470588235295, BPCER:0.005695687550854353, ACER:0.08373019671660364
INFO:root:


INFO:root:model_no_shuffle/test_morph_facemorpher.csv
INFO:root:The accuracy is: 97.27%
INFO:root:Confusion Matrix:
INFO:root:[[ 203    1]
 [  38 1184]]
INFO:root:Classifiction Report: 
INFO:root:              precision    recall  f1-score   support

           0       0.84      1.00      0.91       204
           1       1.00      0.97      0.98      1222

    accuracy                           0.97      1426
   macro avg       0.92      0.98      0.95      1426
weighted avg       0.98      0.97      0.97      1426

INFO:root:EER: 1.80%
INFO:root:APCER: 0.49%
INFO:root:BPCER: 3.11%
INFO:root:EER FAKE: 1.80%
INFO:root:AUC@ROC: 0.9977355508488175, threshold:0.03, EER: 0.014705882352941176, APCER:0.16176470588235295, BPCER:0.0016366612111292963, ACER:0.08170068354674112
INFO:root:


INFO:root:model_no_shuffle/test_morph_stylegan.csv
INFO:root:The accuracy is: 51.19%
INFO:root:Confusion Matrix:
INFO:root:[[203   1]
 [695 527]]
INFO:root:Classifiction Report: 
INFO:root:              precision    recall  f1-score   support

           0       0.23      1.00      0.37       204
           1       1.00      0.43      0.60      1222

    accuracy                           0.51      1426
   macro avg       0.61      0.71      0.49      1426
weighted avg       0.89      0.51      0.57      1426

INFO:root:EER: 28.68%
INFO:root:APCER: 0.49%
INFO:root:BPCER: 56.87%
INFO:root:EER FAKE: 28.68%
INFO:root:AUC@ROC: 0.8513045152594588, threshold:0.03, EER: 0.18137254901960784, APCER:0.16176470588235295, BPCER:0.2561374795417349, ACER:0.20895109271204393
INFO:root:


