INFO:root:model_amsl/test_merged_facemorpher.csv
INFO:root:The accuracy is: 96.64%
INFO:root:Confusion Matrix:
INFO:root:[[ 98   4]
 [ 34 996]]
INFO:root:Classifiction Report: 
INFO:root:              precision    recall  f1-score   support

           0       0.74      0.96      0.84       102
           1       1.00      0.97      0.98      1030

    accuracy                           0.97      1132
   macro avg       0.87      0.96      0.91      1132
weighted avg       0.97      0.97      0.97      1132

INFO:root:EER: 3.61%
INFO:root:APCER: 3.92%
INFO:root:BPCER: 3.30%
INFO:root:EER FAKE: 3.61%
INFO:root:AUC@ROC: 0.963887302493813, threshold:1.0, EER: 0.0392156862745098, APCER:0.0, BPCER:1.0, ACER:0.5
INFO:root:


INFO:root:model_amsl/test_merged_stylegan.csv
INFO:root:The accuracy is: 57.69%
INFO:root:Confusion Matrix:
INFO:root:[[ 98   4]
 [475 555]]
INFO:root:Classifiction Report: 
INFO:root:              precision    recall  f1-score   support

           0       0.17      0.96      0.29       102
           1       0.99      0.54      0.70      1030

    accuracy                           0.58      1132
   macro avg       0.58      0.75      0.49      1132
weighted avg       0.92      0.58      0.66      1132

INFO:root:EER: 25.02%
INFO:root:APCER: 3.92%
INFO:root:BPCER: 46.12%
INFO:root:EER FAKE: 25.02%
INFO:root:AUC@ROC: 0.7498096325909005, threshold:1.0, EER: 0.0392156862745098, APCER:0.0, BPCER:1.0, ACER:0.5
INFO:root:


INFO:root:model_amsl/test_merged_webmorph.csv
INFO:root:The accuracy is: 17.05%
INFO:root:Confusion Matrix:
INFO:root:[[ 98   4]
 [935  95]]
INFO:root:Classifiction Report: 
INFO:root:              precision    recall  f1-score   support

           0       0.09      0.96      0.17       102
           1       0.96      0.09      0.17      1030

    accuracy                           0.17      1132
   macro avg       0.53      0.53      0.17      1132
weighted avg       0.88      0.17      0.17      1132

INFO:root:EER: 47.35%
INFO:root:APCER: 3.92%
INFO:root:BPCER: 90.78%
INFO:root:EER FAKE: 47.35%
INFO:root:AUC@ROC: 0.526508661717114, threshold:1.0, EER: 0.0392156862745098, APCER:0.0, BPCER:1.0, ACER:0.5
INFO:root:


INFO:root:model_amsl/test_merged_amsl.csv
INFO:root:The accuracy is: 14.36%
INFO:root:Confusion Matrix:
INFO:root:[[  98    4]
 [1946  229]]
INFO:root:Classifiction Report: 
INFO:root:              precision    recall  f1-score   support

           0       0.05      0.96      0.09       102
           1       0.98      0.11      0.19      2175

    accuracy                           0.14      2277
   macro avg       0.52      0.53      0.14      2277
weighted avg       0.94      0.14      0.19      2277

INFO:root:EER: 46.70%
INFO:root:APCER: 3.92%
INFO:root:BPCER: 89.47%
INFO:root:EER FAKE: 46.70%
INFO:root:AUC@ROC: 0.5330358350236646, threshold:1.0, EER: 0.0392156862745098, APCER:0.0, BPCER:1.0, ACER:0.5
INFO:root:


INFO:root:model_amsl/test_merged_opencv.csv
INFO:root:The accuracy is: 92.05%
INFO:root:Confusion Matrix:
INFO:root:[[ 98   4]
 [ 86 944]]
INFO:root:Classifiction Report: 
INFO:root:              precision    recall  f1-score   support

           0       0.53      0.96      0.69       102
           1       1.00      0.92      0.95      1030

    accuracy                           0.92      1132
   macro avg       0.76      0.94      0.82      1132
weighted avg       0.95      0.92      0.93      1132

INFO:root:EER: 6.14%
INFO:root:APCER: 3.92%
INFO:root:BPCER: 8.35%
INFO:root:EER FAKE: 6.14%
INFO:root:AUC@ROC: 0.9386445840472112, threshold:1.0, EER: 0.0392156862745098, APCER:0.0, BPCER:1.0, ACER:0.5
INFO:root:


