INFO:root:model_webmorph/test_merged_amsl.csv
INFO:root:The accuracy is: 10.42%
INFO:root:Confusion Matrix:
INFO:root:[[ 100    2]
 [1012   18]]
INFO:root:Classifiction Report: 
INFO:root:              precision    recall  f1-score   support

           0       0.09      0.98      0.16       102
           1       0.90      0.02      0.03      1030

    accuracy                           0.10      1132
   macro avg       0.49      0.50      0.10      1132
weighted avg       0.83      0.10      0.05      1132

INFO:root:EER: 50.11%
INFO:root:APCER: 1.96%
INFO:root:BPCER: 98.25%
INFO:root:EER FAKE: 50.11%
INFO:root:AUC@ROC: 0.4989339425090424, threshold:1.0, EER: 0.0196078431372549, APCER:0.0, BPCER:1.0, ACER:0.5
INFO:root:


INFO:root:model_webmorph/test_merged_facemorpher.csv
INFO:root:The accuracy is: 87.00%
INFO:root:Confusion Matrix:
INFO:root:[[ 100    2]
 [ 170 1051]]
INFO:root:Classifiction Report: 
INFO:root:              precision    recall  f1-score   support

           0       0.37      0.98      0.54       102
           1       1.00      0.86      0.92      1221

    accuracy                           0.87      1323
   macro avg       0.68      0.92      0.73      1323
weighted avg       0.95      0.87      0.89      1323

INFO:root:EER: 7.94%
INFO:root:APCER: 1.96%
INFO:root:BPCER: 13.92%
INFO:root:EER FAKE: 7.94%
INFO:root:AUC@ROC: 0.9205810088163029, threshold:1.0, EER: 0.0196078431372549, APCER:0.0, BPCER:1.0, ACER:0.5
INFO:root:


INFO:root:model_webmorph/test_merged_opencv.csv
INFO:root:The accuracy is: 75.81%
INFO:root:Confusion Matrix:
INFO:root:[[100   2]
 [318 903]]
INFO:root:Classifiction Report: 
INFO:root:              precision    recall  f1-score   support

           0       0.24      0.98      0.38       102
           1       1.00      0.74      0.85      1221

    accuracy                           0.76      1323
   macro avg       0.62      0.86      0.62      1323
weighted avg       0.94      0.76      0.81      1323

INFO:root:EER: 14.00%
INFO:root:APCER: 1.96%
INFO:root:BPCER: 26.04%
INFO:root:EER FAKE: 14.00%
INFO:root:AUC@ROC: 0.8599749482102422, threshold:1.0, EER: 0.0196078431372549, APCER:0.0, BPCER:1.0, ACER:0.5
INFO:root:


INFO:root:model_webmorph/test_merged_stylegan.csv
INFO:root:The accuracy is: 45.12%
INFO:root:Confusion Matrix:
INFO:root:[[100   2]
 [724 497]]
INFO:root:Classifiction Report: 
INFO:root:              precision    recall  f1-score   support

           0       0.12      0.98      0.22       102
           1       1.00      0.41      0.58      1221

    accuracy                           0.45      1323
   macro avg       0.56      0.69      0.40      1323
weighted avg       0.93      0.45      0.55      1323

INFO:root:EER: 30.63%
INFO:root:APCER: 1.96%
INFO:root:BPCER: 59.30%
INFO:root:EER FAKE: 30.63%
INFO:root:AUC@ROC: 0.6937177819530761, threshold:1.0, EER: 0.0196078431372549, APCER:0.0, BPCER:1.0, ACER:0.5
INFO:root:


INFO:root:model_webmorph/test_merged_webmorph.csv
INFO:root:The accuracy is: 8.99%
INFO:root:Confusion Matrix:
INFO:root:[[ 100    2]
 [1202   19]]
INFO:root:Classifiction Report: 
INFO:root:              precision    recall  f1-score   support

           0       0.08      0.98      0.14       102
           1       0.90      0.02      0.03      1221

    accuracy                           0.09      1323
   macro avg       0.49      0.50      0.09      1323
weighted avg       0.84      0.09      0.04      1323

INFO:root:EER: 50.20%
INFO:root:APCER: 1.96%
INFO:root:BPCER: 98.44%
INFO:root:EER FAKE: 50.20%
INFO:root:AUC@ROC: 0.4979765862118803, threshold:1.0, EER: 0.0196078431372549, APCER:0.0, BPCER:1.0, ACER:0.5
INFO:root:


