INFO:root:model_webmorph/test_morph_s_amsl.csv
INFO:root:The accuracy is: 10.89%
INFO:root:Confusion Matrix:
INFO:root:[[ 204    0]
 [2029   44]]
INFO:root:Classifiction Report: 
INFO:root:              precision    recall  f1-score   support

           0       0.09      1.00      0.17       204
           1       1.00      0.02      0.04      2073

    accuracy                           0.11      2277
   macro avg       0.55      0.51      0.10      2277
weighted avg       0.92      0.11      0.05      2277

INFO:root:EER: 48.94%
INFO:root:APCER: 0.00%
INFO:root:BPCER: 97.88%
INFO:root:EER FAKE: 48.94%
INFO:root:AUC@ROC: 0.510612638687892, threshold:2.0, EER: 0.0, APCER:0.0, BPCER:1.0, ACER:0.5
INFO:root:


INFO:root:model_webmorph/test_morph_s_facemorpher.csv
INFO:root:The accuracy is: 91.31%
INFO:root:Confusion Matrix:
INFO:root:[[ 204    0]
 [ 115 1005]]
INFO:root:Classifiction Report: 
INFO:root:              precision    recall  f1-score   support

           0       0.64      1.00      0.78       204
           1       1.00      0.90      0.95      1120

    accuracy                           0.91      1324
   macro avg       0.82      0.95      0.86      1324
weighted avg       0.94      0.91      0.92      1324

INFO:root:EER: 5.13%
INFO:root:APCER: 0.00%
INFO:root:BPCER: 10.27%
INFO:root:EER FAKE: 5.13%
INFO:root:AUC@ROC: 0.9486607142857143, threshold:2.0, EER: 0.0, APCER:0.0, BPCER:1.0, ACER:0.5
INFO:root:


INFO:root:model_webmorph/test_morph_s_opencv.csv
INFO:root:The accuracy is: 79.67%
INFO:root:Confusion Matrix:
INFO:root:[[204   0]
 [269 850]]
INFO:root:Classifiction Report: 
INFO:root:              precision    recall  f1-score   support

           0       0.43      1.00      0.60       204
           1       1.00      0.76      0.86      1119

    accuracy                           0.80      1323
   macro avg       0.72      0.88      0.73      1323
weighted avg       0.91      0.80      0.82      1323

INFO:root:EER: 12.02%
INFO:root:APCER: 0.00%
INFO:root:BPCER: 24.04%
INFO:root:EER FAKE: 12.02%
INFO:root:AUC@ROC: 0.8798033958891868, threshold:2.0, EER: 0.0, APCER:0.0, BPCER:1.0, ACER:0.5
INFO:root:


INFO:root:model_webmorph/test_morph_s_stylegan.csv
INFO:root:The accuracy is: 53.25%
INFO:root:Confusion Matrix:
INFO:root:[[204   0]
 [619 501]]
INFO:root:Classifiction Report: 
INFO:root:              precision    recall  f1-score   support

           0       0.25      1.00      0.40       204
           1       1.00      0.45      0.62      1120

    accuracy                           0.53      1324
   macro avg       0.62      0.72      0.51      1324
weighted avg       0.88      0.53      0.58      1324

INFO:root:EER: 27.63%
INFO:root:APCER: 0.00%
INFO:root:BPCER: 55.27%
INFO:root:EER FAKE: 27.63%
INFO:root:AUC@ROC: 0.7236607142857143, threshold:2.0, EER: 0.0, APCER:0.0, BPCER:1.0, ACER:0.5
INFO:root:


INFO:root:model_webmorph/test_morph_s_webmorph.csv
INFO:root:The accuracy is: 16.86%
INFO:root:Confusion Matrix:
INFO:root:[[ 204    0]
 [1100   19]]
INFO:root:Classifiction Report: 
INFO:root:              precision    recall  f1-score   support

           0       0.16      1.00      0.27       204
           1       1.00      0.02      0.03      1119

    accuracy                           0.17      1323
   macro avg       0.58      0.51      0.15      1323
weighted avg       0.87      0.17      0.07      1323

INFO:root:EER: 49.15%
INFO:root:APCER: 0.00%
INFO:root:BPCER: 98.30%
INFO:root:EER FAKE: 49.15%
INFO:root:AUC@ROC: 0.5084897229669347, threshold:2.0, EER: 0.0, APCER:0.0, BPCER:1.0, ACER:0.5
INFO:root:


