INFO:root:model_amsl/test_morph_amsl.csv
INFO:root:The accuracy is: 12.91%
INFO:root:Confusion Matrix:
INFO:root:[[  90   12]
 [1971  204]]
INFO:root:Classifiction Report: 
INFO:root:              precision    recall  f1-score   support

           0       0.04      0.88      0.08       102
           1       0.94      0.09      0.17      2175

    accuracy                           0.13      2277
   macro avg       0.49      0.49      0.13      2277
weighted avg       0.90      0.13      0.17      2277

INFO:root:EER: 51.19%
INFO:root:APCER: 11.76%
INFO:root:BPCER: 90.62%
INFO:root:EER FAKE: 51.19%
INFO:root:BPCR(0.10 %) @ APCR = : 100.0, BPCR (1.00%) @ APCR =:100.0, BPCR (10.00%) @ APCR =: 100.0, BPCR (20.00%) @ APCR =:100.0
INFO:root:AUC@ROC: 0.48807302231237326, threshold:0.5, EER: 0.11764705882352941, APCER:0.11764705882352941, BPCER:0.9062068965517242, ACER:0.5119269776876267
INFO:root:


INFO:root:model_amsl/test_morph_facemorpher.csv
INFO:root:The accuracy is: 91.24%
INFO:root:Confusion Matrix:
INFO:root:[[  90   12]
 [ 104 1118]]
INFO:root:Classifiction Report: 
INFO:root:              precision    recall  f1-score   support

           0       0.46      0.88      0.61       102
           1       0.99      0.91      0.95      1222

    accuracy                           0.91      1324
   macro avg       0.73      0.90      0.78      1324
weighted avg       0.95      0.91      0.92      1324

INFO:root:EER: 10.14%
INFO:root:APCER: 11.76%
INFO:root:BPCER: 8.51%
INFO:root:EER FAKE: 10.14%
INFO:root:BPCR(0.10 %) @ APCR = : 100.0, BPCR (1.00%) @ APCR =:100.0, BPCR (10.00%) @ APCR =: 11.76470588235294, BPCR (20.00%) @ APCR =:11.76470588235294
INFO:root:AUC@ROC: 0.8986232790988735, threshold:0.5, EER: 0.11764705882352941, APCER:0.11764705882352941, BPCER:0.0851063829787234, ACER:0.1013767209011264
INFO:root:


INFO:root:model_amsl/test_morph_opencv.csv
INFO:root:The accuracy is: 83.02%
INFO:root:Confusion Matrix:
INFO:root:[[  90   12]
 [ 214 1015]]
INFO:root:Classifiction Report: 
INFO:root:              precision    recall  f1-score   support

           0       0.30      0.88      0.44       102
           1       0.99      0.83      0.90      1229

    accuracy                           0.83      1331
   macro avg       0.64      0.85      0.67      1331
weighted avg       0.94      0.83      0.86      1331

INFO:root:EER: 14.59%
INFO:root:APCER: 11.76%
INFO:root:BPCER: 17.41%
INFO:root:EER FAKE: 14.59%
INFO:root:BPCR(0.10 %) @ APCR = : 100.0, BPCR (1.00%) @ APCR =:100.0, BPCR (10.00%) @ APCR =: 11.76470588235294, BPCR (20.00%) @ APCR =:11.76470588235294
INFO:root:AUC@ROC: 0.8541138180251759, threshold:0.5, EER: 0.11764705882352941, APCER:0.11764705882352941, BPCER:0.1741253051261188, ACER:0.14588618197482411
INFO:root:


INFO:root:model_amsl/test_morph_stylegan.csv
INFO:root:The accuracy is: 54.00%
INFO:root:Confusion Matrix:
INFO:root:[[ 90  12]
 [597 625]]
INFO:root:Classifiction Report: 
INFO:root:              precision    recall  f1-score   support

           0       0.13      0.88      0.23       102
           1       0.98      0.51      0.67      1222

    accuracy                           0.54      1324
   macro avg       0.56      0.70      0.45      1324
weighted avg       0.92      0.54      0.64      1324

INFO:root:EER: 30.31%
INFO:root:APCER: 11.76%
INFO:root:BPCER: 48.85%
INFO:root:EER FAKE: 30.31%
INFO:root:BPCR(0.10 %) @ APCR = : 100.0, BPCR (1.00%) @ APCR =:100.0, BPCR (10.00%) @ APCR =: 100.0, BPCR (20.00%) @ APCR =:100.0
INFO:root:AUC@ROC: 0.6969047848271879, threshold:0.5, EER: 0.11764705882352941, APCER:0.11764705882352941, BPCER:0.4885433715220949, ACER:0.3030952151728122
INFO:root:


INFO:root:model_amsl/test_morph_webmorph.csv
INFO:root:The accuracy is: 15.19%
INFO:root:Confusion Matrix:
INFO:root:[[  90   12]
 [1110  111]]
INFO:root:Classifiction Report: 
INFO:root:              precision    recall  f1-score   support

           0       0.07      0.88      0.14       102
           1       0.90      0.09      0.17      1221

    accuracy                           0.15      1323
   macro avg       0.49      0.49      0.15      1323
weighted avg       0.84      0.15      0.16      1323

INFO:root:EER: 51.34%
INFO:root:APCER: 11.76%
INFO:root:BPCER: 90.91%
INFO:root:EER FAKE: 51.34%
INFO:root:BPCR(0.10 %) @ APCR = : 100.0, BPCR (1.00%) @ APCR =:100.0, BPCR (10.00%) @ APCR =: 100.0, BPCR (20.00%) @ APCR =:100.0
INFO:root:AUC@ROC: 0.4866310160427807, threshold:0.5, EER: 0.11764705882352941, APCER:0.11764705882352941, BPCER:0.9090909090909091, ACER:0.5133689839572192
INFO:root:


