INFO:root:model_webmorph/test_morph_amsl.csv
INFO:root:The accuracy is: 10.05%
INFO:root:Confusion Matrix:
INFO:root:[[ 204    0]
 [2140   35]]
INFO:root:Classifiction Report: 
INFO:root:              precision    recall  f1-score   support

           0       0.09      1.00      0.16       204
           1       1.00      0.02      0.03      2175

    accuracy                           0.10      2379
   macro avg       0.54      0.51      0.10      2379
weighted avg       0.92      0.10      0.04      2379

INFO:root:EER: 49.20%
INFO:root:APCER: 0.00%
INFO:root:BPCER: 98.39%
INFO:root:EER FAKE: 49.20%
INFO:root:AUC@ROC: 0.5080459770114942, threshold:2.0, EER: 0.0, APCER:0.0, BPCER:1.0, ACER:0.5
INFO:root:


INFO:root:model_webmorph/test_morph_webmorph.csv
INFO:root:The accuracy is: 16.28%
INFO:root:Confusion Matrix:
INFO:root:[[ 204    0]
 [1193   28]]
INFO:root:Classifiction Report: 
INFO:root:              precision    recall  f1-score   support

           0       0.15      1.00      0.25       204
           1       1.00      0.02      0.04      1221

    accuracy                           0.16      1425
   macro avg       0.57      0.51      0.15      1425
weighted avg       0.88      0.16      0.07      1425

INFO:root:EER: 48.85%
INFO:root:APCER: 0.00%
INFO:root:BPCER: 97.71%
INFO:root:EER FAKE: 48.85%
INFO:root:AUC@ROC: 0.5114660114660114, threshold:2.0, EER: 0.0, APCER:0.0, BPCER:1.0, ACER:0.5
INFO:root:


INFO:root:model_webmorph/test_morph_opencv.csv
INFO:root:The accuracy is: 79.13%
INFO:root:Confusion Matrix:
INFO:root:[[204   0]
 [299 930]]
INFO:root:Classifiction Report: 
INFO:root:              precision    recall  f1-score   support

           0       0.41      1.00      0.58       204
           1       1.00      0.76      0.86      1229

    accuracy                           0.79      1433
   macro avg       0.70      0.88      0.72      1433
weighted avg       0.92      0.79      0.82      1433

INFO:root:EER: 12.16%
INFO:root:APCER: 0.00%
INFO:root:BPCER: 24.33%
INFO:root:EER FAKE: 12.16%
INFO:root:AUC@ROC: 0.8783563873067535, threshold:2.0, EER: 0.0, APCER:0.0, BPCER:1.0, ACER:0.5
INFO:root:


INFO:root:model_webmorph/test_morph_facemorpher.csv
INFO:root:The accuracy is: 90.46%
INFO:root:Confusion Matrix:
INFO:root:[[ 204    0]
 [ 136 1086]]
INFO:root:Classifiction Report: 
INFO:root:              precision    recall  f1-score   support

           0       0.60      1.00      0.75       204
           1       1.00      0.89      0.94      1222

    accuracy                           0.90      1426
   macro avg       0.80      0.94      0.85      1426
weighted avg       0.94      0.90      0.91      1426

INFO:root:EER: 5.56%
INFO:root:APCER: 0.00%
INFO:root:BPCER: 11.13%
INFO:root:EER FAKE: 5.56%
INFO:root:AUC@ROC: 0.9443535188216039, threshold:2.0, EER: 0.0, APCER:0.0, BPCER:1.0, ACER:0.5
INFO:root:


INFO:root:model_webmorph/test_morph_stylegan.csv
INFO:root:The accuracy is: 47.48%
INFO:root:Confusion Matrix:
INFO:root:[[204   0]
 [749 473]]
INFO:root:Classifiction Report: 
INFO:root:              precision    recall  f1-score   support

           0       0.21      1.00      0.35       204
           1       1.00      0.39      0.56      1222

    accuracy                           0.47      1426
   macro avg       0.61      0.69      0.46      1426
weighted avg       0.89      0.47      0.53      1426

INFO:root:EER: 30.65%
INFO:root:APCER: 0.00%
INFO:root:BPCER: 61.29%
INFO:root:EER FAKE: 30.65%
INFO:root:AUC@ROC: 0.6935351882160392, threshold:2.0, EER: 0.0, APCER:0.0, BPCER:1.0, ACER:0.5
INFO:root:


