INFO:root:model_facemorpher/test_merged_amsl.csv
INFO:root:The accuracy is: 9.10%
INFO:root:Confusion Matrix:
INFO:root:[[ 102    0]
 [1029    1]]
INFO:root:Classifiction Report: 
INFO:root:              precision    recall  f1-score   support

           0       0.09      1.00      0.17       102
           1       1.00      0.00      0.00      1030

    accuracy                           0.09      1132
   macro avg       0.55      0.50      0.08      1132
weighted avg       0.92      0.09      0.02      1132

INFO:root:EER: 49.95%
INFO:root:APCER: 0.00%
INFO:root:BPCER: 99.90%
INFO:root:EER FAKE: 49.95%
INFO:root:AUC@ROC: 0.49323243860651056, threshold:0.04, EER: 0.47058823529411764, APCER:0.1568627450980392, BPCER:0.7533980582524272, ACER:0.4551304016752332
INFO:root:


INFO:root:model_facemorpher/test_merged_facemorpher.csv
INFO:root:The accuracy is: 83.23%
INFO:root:Confusion Matrix:
INFO:root:[[ 102    0]
 [ 222 1000]]
INFO:root:Classifiction Report: 
INFO:root:              precision    recall  f1-score   support

           0       0.31      1.00      0.48       102
           1       1.00      0.82      0.90      1222

    accuracy                           0.83      1324
   macro avg       0.66      0.91      0.69      1324
weighted avg       0.95      0.83      0.87      1324

INFO:root:EER: 9.08%
INFO:root:APCER: 0.00%
INFO:root:BPCER: 18.17%
INFO:root:EER FAKE: 9.08%
INFO:root:AUC@ROC: 0.985988094091974, threshold:0.04, EER: 0.029411764705882353, APCER:0.1568627450980392, BPCER:0.020458265139116204, ACER:0.0886605051185777
INFO:root:


INFO:root:model_facemorpher/test_merged_opencv.csv
INFO:root:The accuracy is: 66.06%
INFO:root:Confusion Matrix:
INFO:root:[[102   0]
 [449 772]]
INFO:root:Classifiction Report: 
INFO:root:              precision    recall  f1-score   support

           0       0.19      1.00      0.31       102
           1       1.00      0.63      0.77      1221

    accuracy                           0.66      1323
   macro avg       0.59      0.82      0.54      1323
weighted avg       0.94      0.66      0.74      1323

INFO:root:EER: 18.39%
INFO:root:APCER: 0.00%
INFO:root:BPCER: 36.77%
INFO:root:EER FAKE: 18.39%
INFO:root:AUC@ROC: 0.9823794382617912, threshold:0.04, EER: 0.0392156862745098, APCER:0.1568627450980392, BPCER:0.027846027846027847, ACER:0.09235438647203353
INFO:root:


INFO:root:model_facemorpher/test_merged_stylegan.csv
INFO:root:The accuracy is: 25.53%
INFO:root:Confusion Matrix:
INFO:root:[[102   0]
 [986 236]]
INFO:root:Classifiction Report: 
INFO:root:              precision    recall  f1-score   support

           0       0.09      1.00      0.17       102
           1       1.00      0.19      0.32      1222

    accuracy                           0.26      1324
   macro avg       0.55      0.60      0.25      1324
weighted avg       0.93      0.26      0.31      1324

INFO:root:EER: 40.34%
INFO:root:APCER: 0.00%
INFO:root:BPCER: 80.69%
INFO:root:EER FAKE: 40.34%
INFO:root:AUC@ROC: 0.7888225666698758, threshold:0.04, EER: 0.3235294117647059, APCER:0.1568627450980392, BPCER:0.33797054009819966, ACER:0.24741664259811944
INFO:root:


INFO:root:model_facemorpher/test_merged_webmorph.csv
INFO:root:The accuracy is: 7.86%
INFO:root:Confusion Matrix:
INFO:root:[[ 102    0]
 [1219    2]]
INFO:root:Classifiction Report: 
INFO:root:              precision    recall  f1-score   support

           0       0.08      1.00      0.14       102
           1       1.00      0.00      0.00      1221

    accuracy                           0.08      1323
   macro avg       0.54      0.50      0.07      1323
weighted avg       0.93      0.08      0.01      1323

INFO:root:EER: 49.92%
INFO:root:APCER: 0.00%
INFO:root:BPCER: 99.84%
INFO:root:EER FAKE: 49.92%
INFO:root:AUC@ROC: 0.441096176390294, threshold:0.04, EER: 0.47058823529411764, APCER:0.1568627450980392, BPCER:0.823914823914824, ACER:0.4903887845064316
INFO:root:


