INFO:root:model_facemorpher/test_merged_amsl.csv
INFO:root:The accuracy is: 9.89%
INFO:root:Confusion Matrix:
INFO:root:[[  98    4]
 [1016   14]]
INFO:root:Classifiction Report: 
INFO:root:              precision    recall  f1-score   support

           0       0.09      0.96      0.16       102
           1       0.78      0.01      0.03      1030

    accuracy                           0.10      1132
   macro avg       0.43      0.49      0.09      1132
weighted avg       0.72      0.10      0.04      1132

INFO:root:EER: 51.28%
INFO:root:APCER: 3.92%
INFO:root:BPCER: 98.64%
INFO:root:EER FAKE: 51.28%
INFO:root:AUC@ROC: 0.48718827336759946, threshold:1.0, EER: 0.0392156862745098, APCER:0.0, BPCER:1.0, ACER:0.5
INFO:root:


INFO:root:model_facemorpher/test_merged_facemorpher.csv
INFO:root:The accuracy is: 73.79%
INFO:root:Confusion Matrix:
INFO:root:[[ 98   4]
 [343 879]]
INFO:root:Classifiction Report: 
INFO:root:              precision    recall  f1-score   support

           0       0.22      0.96      0.36       102
           1       1.00      0.72      0.84      1222

    accuracy                           0.74      1324
   macro avg       0.61      0.84      0.60      1324
weighted avg       0.94      0.74      0.80      1324

INFO:root:EER: 16.00%
INFO:root:APCER: 3.92%
INFO:root:BPCER: 28.07%
INFO:root:EER FAKE: 16.00%
INFO:root:AUC@ROC: 0.840048458008408, threshold:1.0, EER: 0.0392156862745098, APCER:0.0, BPCER:1.0, ACER:0.5
INFO:root:


INFO:root:model_facemorpher/test_merged_opencv.csv
INFO:root:The accuracy is: 65.99%
INFO:root:Confusion Matrix:
INFO:root:[[ 98   4]
 [446 775]]
INFO:root:Classifiction Report: 
INFO:root:              precision    recall  f1-score   support

           0       0.18      0.96      0.30       102
           1       0.99      0.63      0.77      1221

    accuracy                           0.66      1323
   macro avg       0.59      0.80      0.54      1323
weighted avg       0.93      0.66      0.74      1323

INFO:root:EER: 20.22%
INFO:root:APCER: 3.92%
INFO:root:BPCER: 36.53%
INFO:root:EER FAKE: 20.22%
INFO:root:AUC@ROC: 0.7977549742255625, threshold:1.0, EER: 0.0392156862745098, APCER:0.0, BPCER:1.0, ACER:0.5
INFO:root:


INFO:root:model_facemorpher/test_merged_stylegan.csv
INFO:root:The accuracy is: 30.06%
INFO:root:Confusion Matrix:
INFO:root:[[ 98   4]
 [922 300]]
INFO:root:Classifiction Report: 
INFO:root:              precision    recall  f1-score   support

           0       0.10      0.96      0.17       102
           1       0.99      0.25      0.39      1222

    accuracy                           0.30      1324
   macro avg       0.54      0.60      0.28      1324
weighted avg       0.92      0.30      0.38      1324

INFO:root:EER: 39.69%
INFO:root:APCER: 3.92%
INFO:root:BPCER: 75.45%
INFO:root:EER FAKE: 39.69%
INFO:root:AUC@ROC: 0.6031417476974422, threshold:1.0, EER: 0.0392156862745098, APCER:0.0, BPCER:1.0, ACER:0.5
INFO:root:


INFO:root:model_facemorpher/test_merged_webmorph.csv
INFO:root:The accuracy is: 8.24%
INFO:root:Confusion Matrix:
INFO:root:[[  98    4]
 [1210   11]]
INFO:root:Classifiction Report: 
INFO:root:              precision    recall  f1-score   support

           0       0.07      0.96      0.14       102
           1       0.73      0.01      0.02      1221

    accuracy                           0.08      1323
   macro avg       0.40      0.48      0.08      1323
weighted avg       0.68      0.08      0.03      1323

INFO:root:EER: 51.51%
INFO:root:APCER: 3.92%
INFO:root:BPCER: 99.10%
INFO:root:EER FAKE: 51.51%
INFO:root:AUC@ROC: 0.48489666136724957, threshold:1.0, EER: 0.0392156862745098, APCER:0.0, BPCER:1.0, ACER:0.5
INFO:root:


