INFO:root:model_facemorpher/test_morph_s_amsl.csv
INFO:root:The accuracy is: 11.90%
INFO:root:Confusion Matrix:
INFO:root:[[ 204    0]
 [2006   67]]
INFO:root:Classifiction Report: 
INFO:root:              precision    recall  f1-score   support

           0       0.09      1.00      0.17       204
           1       1.00      0.03      0.06      2073

    accuracy                           0.12      2277
   macro avg       0.55      0.52      0.12      2277
weighted avg       0.92      0.12      0.07      2277

INFO:root:EER: 48.38%
INFO:root:APCER: 0.00%
INFO:root:BPCER: 96.77%
INFO:root:EER FAKE: 48.38%
INFO:root:AUC@ROC: 0.5161601543656537, threshold:2.0, EER: 0.0, APCER:0.0, BPCER:1.0, ACER:0.5
INFO:root:


INFO:root:model_facemorpher/test_morph_s_facemorpher.csv
INFO:root:The accuracy is: 79.00%
INFO:root:Confusion Matrix:
INFO:root:[[204   0]
 [278 842]]
INFO:root:Classifiction Report: 
INFO:root:              precision    recall  f1-score   support

           0       0.42      1.00      0.59       204
           1       1.00      0.75      0.86      1120

    accuracy                           0.79      1324
   macro avg       0.71      0.88      0.73      1324
weighted avg       0.91      0.79      0.82      1324

INFO:root:EER: 12.41%
INFO:root:APCER: 0.00%
INFO:root:BPCER: 24.82%
INFO:root:EER FAKE: 12.41%
INFO:root:AUC@ROC: 0.8758928571428571, threshold:2.0, EER: 0.0, APCER:0.0, BPCER:1.0, ACER:0.5
INFO:root:


INFO:root:model_facemorpher/test_morph_s_opencv.csv
INFO:root:The accuracy is: 69.61%
INFO:root:Confusion Matrix:
INFO:root:[[204   0]
 [402 717]]
INFO:root:Classifiction Report: 
INFO:root:              precision    recall  f1-score   support

           0       0.34      1.00      0.50       204
           1       1.00      0.64      0.78      1119

    accuracy                           0.70      1323
   macro avg       0.67      0.82      0.64      1323
weighted avg       0.90      0.70      0.74      1323

INFO:root:EER: 17.96%
INFO:root:APCER: 0.00%
INFO:root:BPCER: 35.92%
INFO:root:EER FAKE: 17.96%
INFO:root:AUC@ROC: 0.8203753351206434, threshold:2.0, EER: 0.0, APCER:0.0, BPCER:1.0, ACER:0.5
INFO:root:


INFO:root:model_facemorpher/test_morph_s_stylegan.csv
INFO:root:The accuracy is: 37.46%
INFO:root:Confusion Matrix:
INFO:root:[[204   0]
 [828 292]]
INFO:root:Classifiction Report: 
INFO:root:              precision    recall  f1-score   support

           0       0.20      1.00      0.33       204
           1       1.00      0.26      0.41      1120

    accuracy                           0.37      1324
   macro avg       0.60      0.63      0.37      1324
weighted avg       0.88      0.37      0.40      1324

INFO:root:EER: 36.96%
INFO:root:APCER: 0.00%
INFO:root:BPCER: 73.93%
INFO:root:EER FAKE: 36.96%
INFO:root:AUC@ROC: 0.6303571428571428, threshold:2.0, EER: 0.0, APCER:0.0, BPCER:1.0, ACER:0.5
INFO:root:


INFO:root:model_facemorpher/test_morph_s_webmorph.csv
INFO:root:The accuracy is: 17.31%
INFO:root:Confusion Matrix:
INFO:root:[[ 204    0]
 [1094   25]]
INFO:root:Classifiction Report: 
INFO:root:              precision    recall  f1-score   support

           0       0.16      1.00      0.27       204
           1       1.00      0.02      0.04      1119

    accuracy                           0.17      1323
   macro avg       0.58      0.51      0.16      1323
weighted avg       0.87      0.17      0.08      1323

INFO:root:EER: 48.88%
INFO:root:APCER: 0.00%
INFO:root:BPCER: 97.77%
INFO:root:EER FAKE: 48.88%
INFO:root:AUC@ROC: 0.5111706881143878, threshold:2.0, EER: 0.0, APCER:0.0, BPCER:1.0, ACER:0.5
INFO:root:


