INFO:root:model_opencv/test_morph_amsl.csv
INFO:root:The accuracy is: 10.68%
INFO:root:Confusion Matrix:
INFO:root:[[ 204    0]
 [2125   50]]
INFO:root:Classifiction Report: 
INFO:root:              precision    recall  f1-score   support

           0       0.09      1.00      0.16       204
           1       1.00      0.02      0.04      2175

    accuracy                           0.11      2379
   macro avg       0.54      0.51      0.10      2379
weighted avg       0.92      0.11      0.05      2379

INFO:root:EER: 48.85%
INFO:root:APCER: 0.00%
INFO:root:BPCER: 97.70%
INFO:root:EER FAKE: 48.85%
INFO:root:AUC@ROC: 0.5114942528735632, threshold:2.0, EER: 0.0, APCER:0.0, BPCER:1.0, ACER:0.5
INFO:root:


INFO:root:model_opencv/test_morph_webmorph.csv
INFO:root:The accuracy is: 16.77%
INFO:root:Confusion Matrix:
INFO:root:[[ 204    0]
 [1186   35]]
INFO:root:Classifiction Report: 
INFO:root:              precision    recall  f1-score   support

           0       0.15      1.00      0.26       204
           1       1.00      0.03      0.06      1221

    accuracy                           0.17      1425
   macro avg       0.57      0.51      0.16      1425
weighted avg       0.88      0.17      0.08      1425

INFO:root:EER: 48.57%
INFO:root:APCER: 0.00%
INFO:root:BPCER: 97.13%
INFO:root:EER FAKE: 48.57%
INFO:root:AUC@ROC: 0.5143325143325144, threshold:2.0, EER: 0.0, APCER:0.0, BPCER:1.0, ACER:0.5
INFO:root:


INFO:root:model_opencv/test_morph_opencv.csv
INFO:root:The accuracy is: 77.81%
INFO:root:Confusion Matrix:
INFO:root:[[204   0]
 [318 911]]
INFO:root:Classifiction Report: 
INFO:root:              precision    recall  f1-score   support

           0       0.39      1.00      0.56       204
           1       1.00      0.74      0.85      1229

    accuracy                           0.78      1433
   macro avg       0.70      0.87      0.71      1433
weighted avg       0.91      0.78      0.81      1433

INFO:root:EER: 12.94%
INFO:root:APCER: 0.00%
INFO:root:BPCER: 25.87%
INFO:root:EER FAKE: 12.94%
INFO:root:AUC@ROC: 0.8706265256305941, threshold:2.0, EER: 0.0, APCER:0.0, BPCER:1.0, ACER:0.5
INFO:root:


INFO:root:model_opencv/test_morph_facemorpher.csv
INFO:root:The accuracy is: 84.85%
INFO:root:Confusion Matrix:
INFO:root:[[ 204    0]
 [ 216 1006]]
INFO:root:Classifiction Report: 
INFO:root:              precision    recall  f1-score   support

           0       0.49      1.00      0.65       204
           1       1.00      0.82      0.90      1222

    accuracy                           0.85      1426
   macro avg       0.74      0.91      0.78      1426
weighted avg       0.93      0.85      0.87      1426

INFO:root:EER: 8.84%
INFO:root:APCER: 0.00%
INFO:root:BPCER: 17.68%
INFO:root:EER FAKE: 8.84%
INFO:root:AUC@ROC: 0.9116202945990179, threshold:2.0, EER: 0.0, APCER:0.0, BPCER:1.0, ACER:0.5
INFO:root:


INFO:root:model_opencv/test_morph_stylegan.csv
INFO:root:The accuracy is: 42.64%
INFO:root:Confusion Matrix:
INFO:root:[[204   0]
 [818 404]]
INFO:root:Classifiction Report: 
INFO:root:              precision    recall  f1-score   support

           0       0.20      1.00      0.33       204
           1       1.00      0.33      0.50      1222

    accuracy                           0.43      1426
   macro avg       0.60      0.67      0.41      1426
weighted avg       0.89      0.43      0.47      1426

INFO:root:EER: 33.47%
INFO:root:APCER: 0.00%
INFO:root:BPCER: 66.94%
INFO:root:EER FAKE: 33.47%
INFO:root:AUC@ROC: 0.6653027823240589, threshold:2.0, EER: 0.0, APCER:0.0, BPCER:1.0, ACER:0.5
INFO:root:


