INFO:root:model_stylegan/test_morph_amsl.csv
INFO:root:The accuracy is: 18.20%
INFO:root:Confusion Matrix:
INFO:root:[[ 189   15]
 [1931  244]]
INFO:root:Classifiction Report: 
INFO:root:              precision    recall  f1-score   support

           0       0.09      0.93      0.16       204
           1       0.94      0.11      0.20      2175

    accuracy                           0.18      2379
   macro avg       0.52      0.52      0.18      2379
weighted avg       0.87      0.18      0.20      2379

INFO:root:EER: 48.07%
INFO:root:APCER: 7.35%
INFO:root:BPCER: 88.78%
INFO:root:EER FAKE: 48.07%
INFO:root:AUC@ROC: 0.5193272481406356, threshold:1.0, EER: 0.07352941176470588, APCER:0.0, BPCER:1.0, ACER:0.5
INFO:root:


INFO:root:model_stylegan/test_morph_webmorph.csv
INFO:root:The accuracy is: 24.91%
INFO:root:Confusion Matrix:
INFO:root:[[ 189   15]
 [1055  166]]
INFO:root:Classifiction Report: 
INFO:root:              precision    recall  f1-score   support

           0       0.15      0.93      0.26       204
           1       0.92      0.14      0.24      1221

    accuracy                           0.25      1425
   macro avg       0.53      0.53      0.25      1425
weighted avg       0.81      0.25      0.24      1425

INFO:root:EER: 46.88%
INFO:root:APCER: 7.35%
INFO:root:BPCER: 86.40%
INFO:root:EER FAKE: 46.88%
INFO:root:AUC@ROC: 0.531212362094715, threshold:1.0, EER: 0.07352941176470588, APCER:0.0, BPCER:1.0, ACER:0.5
INFO:root:


INFO:root:model_stylegan/test_morph_opencv.csv
INFO:root:The accuracy is: 91.35%
INFO:root:Confusion Matrix:
INFO:root:[[ 189   15]
 [ 109 1120]]
INFO:root:Classifiction Report: 
INFO:root:              precision    recall  f1-score   support

           0       0.63      0.93      0.75       204
           1       0.99      0.91      0.95      1229

    accuracy                           0.91      1433
   macro avg       0.81      0.92      0.85      1433
weighted avg       0.94      0.91      0.92      1433

INFO:root:EER: 8.11%
INFO:root:APCER: 7.35%
INFO:root:BPCER: 8.87%
INFO:root:EER FAKE: 8.11%
INFO:root:AUC@ROC: 0.9188902981859953, threshold:1.0, EER: 0.07352941176470588, APCER:0.0, BPCER:1.0, ACER:0.5
INFO:root:


INFO:root:model_stylegan/test_morph_facemorpher.csv
INFO:root:The accuracy is: 95.09%
INFO:root:Confusion Matrix:
INFO:root:[[ 189   15]
 [  55 1167]]
INFO:root:Classifiction Report: 
INFO:root:              precision    recall  f1-score   support

           0       0.77      0.93      0.84       204
           1       0.99      0.95      0.97      1222

    accuracy                           0.95      1426
   macro avg       0.88      0.94      0.91      1426
weighted avg       0.96      0.95      0.95      1426

INFO:root:EER: 5.93%
INFO:root:APCER: 7.35%
INFO:root:BPCER: 4.50%
INFO:root:EER FAKE: 5.93%
INFO:root:AUC@ROC: 0.9407312024646193, threshold:1.0, EER: 0.07352941176470588, APCER:0.0, BPCER:1.0, ACER:0.5
INFO:root:


INFO:root:model_stylegan/test_morph_stylegan.csv
INFO:root:The accuracy is: 70.06%
INFO:root:Confusion Matrix:
INFO:root:[[189  15]
 [412 810]]
INFO:root:Classifiction Report: 
INFO:root:              precision    recall  f1-score   support

           0       0.31      0.93      0.47       204
           1       0.98      0.66      0.79      1222

    accuracy                           0.70      1426
   macro avg       0.65      0.79      0.63      1426
weighted avg       0.89      0.70      0.75      1426

INFO:root:EER: 20.53%
INFO:root:APCER: 7.35%
INFO:root:BPCER: 33.72%
INFO:root:EER FAKE: 20.53%
INFO:root:AUC@ROC: 0.7946591893713296, threshold:1.0, EER: 0.07352941176470588, APCER:0.0, BPCER:1.0, ACER:0.5
INFO:root:


