INFO:root:model_opencv/test_morph_s_amsl.csv
INFO:root:The accuracy is: 11.68%
INFO:root:Confusion Matrix:
INFO:root:[[ 204    0]
 [2011   62]]
INFO:root:Classifiction Report: 
INFO:root:              precision    recall  f1-score   support

           0       0.09      1.00      0.17       204
           1       1.00      0.03      0.06      2073

    accuracy                           0.12      2277
   macro avg       0.55      0.51      0.11      2277
weighted avg       0.92      0.12      0.07      2277

INFO:root:EER: 48.50%
INFO:root:APCER: 0.00%
INFO:root:BPCER: 97.01%
INFO:root:EER FAKE: 48.50%
INFO:root:AUC@ROC: 0.5149541726965751, threshold:2.0, EER: 0.0, APCER:0.0, BPCER:1.0, ACER:0.5
INFO:root:


INFO:root:model_opencv/test_morph_s_facemorpher.csv
INFO:root:The accuracy is: 86.63%
INFO:root:Confusion Matrix:
INFO:root:[[204   0]
 [177 943]]
INFO:root:Classifiction Report: 
INFO:root:              precision    recall  f1-score   support

           0       0.54      1.00      0.70       204
           1       1.00      0.84      0.91      1120

    accuracy                           0.87      1324
   macro avg       0.77      0.92      0.81      1324
weighted avg       0.93      0.87      0.88      1324

INFO:root:EER: 7.90%
INFO:root:APCER: 0.00%
INFO:root:BPCER: 15.80%
INFO:root:EER FAKE: 7.90%
INFO:root:AUC@ROC: 0.9209821428571429, threshold:2.0, EER: 0.0, APCER:0.0, BPCER:1.0, ACER:0.5
INFO:root:


INFO:root:model_opencv/test_morph_s_opencv.csv
INFO:root:The accuracy is: 79.29%
INFO:root:Confusion Matrix:
INFO:root:[[204   0]
 [274 845]]
INFO:root:Classifiction Report: 
INFO:root:              precision    recall  f1-score   support

           0       0.43      1.00      0.60       204
           1       1.00      0.76      0.86      1119

    accuracy                           0.79      1323
   macro avg       0.71      0.88      0.73      1323
weighted avg       0.91      0.79      0.82      1323

INFO:root:EER: 12.24%
INFO:root:APCER: 0.00%
INFO:root:BPCER: 24.49%
INFO:root:EER FAKE: 12.24%
INFO:root:AUC@ROC: 0.8775692582663093, threshold:2.0, EER: 0.0, APCER:0.0, BPCER:1.0, ACER:0.5
INFO:root:


INFO:root:model_opencv/test_morph_s_stylegan.csv
INFO:root:The accuracy is: 44.11%
INFO:root:Confusion Matrix:
INFO:root:[[204   0]
 [740 380]]
INFO:root:Classifiction Report: 
INFO:root:              precision    recall  f1-score   support

           0       0.22      1.00      0.36       204
           1       1.00      0.34      0.51      1120

    accuracy                           0.44      1324
   macro avg       0.61      0.67      0.43      1324
weighted avg       0.88      0.44      0.48      1324

INFO:root:EER: 33.04%
INFO:root:APCER: 0.00%
INFO:root:BPCER: 66.07%
INFO:root:EER FAKE: 33.04%
INFO:root:AUC@ROC: 0.6696428571428572, threshold:2.0, EER: 0.0, APCER:0.0, BPCER:1.0, ACER:0.5
INFO:root:


INFO:root:model_opencv/test_morph_s_webmorph.csv
INFO:root:The accuracy is: 18.97%
INFO:root:Confusion Matrix:
INFO:root:[[ 204    0]
 [1072   47]]
INFO:root:Classifiction Report: 
INFO:root:              precision    recall  f1-score   support

           0       0.16      1.00      0.28       204
           1       1.00      0.04      0.08      1119

    accuracy                           0.19      1323
   macro avg       0.58      0.52      0.18      1323
weighted avg       0.87      0.19      0.11      1323

INFO:root:EER: 47.90%
INFO:root:APCER: 0.00%
INFO:root:BPCER: 95.80%
INFO:root:EER FAKE: 47.90%
INFO:root:AUC@ROC: 0.5210008936550492, threshold:2.0, EER: 0.0, APCER:0.0, BPCER:1.0, ACER:0.5
INFO:root:


