INFO:root:model_opencv/test_merged_facemorpher.csv
INFO:root:The accuracy is: 81.78%
INFO:root:Confusion Matrix:
INFO:root:[[102   0]
 [241 980]]
INFO:root:Classifiction Report: 
INFO:root:              precision    recall  f1-score   support

           0       0.30      1.00      0.46       102
           1       1.00      0.80      0.89      1221

    accuracy                           0.82      1323
   macro avg       0.65      0.90      0.67      1323
weighted avg       0.95      0.82      0.86      1323

INFO:root:EER: 9.87%
INFO:root:APCER: 0.00%
INFO:root:BPCER: 19.74%
INFO:root:EER FAKE: 9.87%
INFO:root:AUC@ROC: 0.9013104013104013, threshold:2.0, EER: 0.0, APCER:0.0, BPCER:1.0, ACER:0.5
INFO:root:


INFO:root:model_opencv/test_merged_stylegan.csv
INFO:root:The accuracy is: 38.17%
INFO:root:Confusion Matrix:
INFO:root:[[102   0]
 [818 403]]
INFO:root:Classifiction Report: 
INFO:root:              precision    recall  f1-score   support

           0       0.11      1.00      0.20       102
           1       1.00      0.33      0.50      1221

    accuracy                           0.38      1323
   macro avg       0.56      0.67      0.35      1323
weighted avg       0.93      0.38      0.47      1323

INFO:root:EER: 33.50%
INFO:root:APCER: 0.00%
INFO:root:BPCER: 66.99%
INFO:root:EER FAKE: 33.50%
INFO:root:AUC@ROC: 0.665028665028665, threshold:2.0, EER: 0.0, APCER:0.0, BPCER:1.0, ACER:0.5
INFO:root:


INFO:root:model_opencv/test_merged_webmorph.csv
INFO:root:The accuracy is: 10.81%
INFO:root:Confusion Matrix:
INFO:root:[[ 102    0]
 [1180   41]]
INFO:root:Classifiction Report: 
INFO:root:              precision    recall  f1-score   support

           0       0.08      1.00      0.15       102
           1       1.00      0.03      0.06      1221

    accuracy                           0.11      1323
   macro avg       0.54      0.52      0.11      1323
weighted avg       0.93      0.11      0.07      1323

INFO:root:EER: 48.32%
INFO:root:APCER: 0.00%
INFO:root:BPCER: 96.64%
INFO:root:EER FAKE: 48.32%
INFO:root:AUC@ROC: 0.5167895167895168, threshold:2.0, EER: 0.0, APCER:0.0, BPCER:1.0, ACER:0.5
INFO:root:


INFO:root:model_opencv/test_merged_amsl.csv
INFO:root:The accuracy is: 11.84%
INFO:root:Confusion Matrix:
INFO:root:[[102   0]
 [998  32]]
INFO:root:Classifiction Report: 
INFO:root:              precision    recall  f1-score   support

           0       0.09      1.00      0.17       102
           1       1.00      0.03      0.06      1030

    accuracy                           0.12      1132
   macro avg       0.55      0.52      0.11      1132
weighted avg       0.92      0.12      0.07      1132

INFO:root:EER: 48.45%
INFO:root:APCER: 0.00%
INFO:root:BPCER: 96.89%
INFO:root:EER FAKE: 48.45%
INFO:root:AUC@ROC: 0.5155339805825243, threshold:2.0, EER: 0.0, APCER:0.0, BPCER:1.0, ACER:0.5
INFO:root:


INFO:root:model_opencv/test_merged_opencv.csv
INFO:root:The accuracy is: 75.43%
INFO:root:Confusion Matrix:
INFO:root:[[102   0]
 [325 896]]
INFO:root:Classifiction Report: 
INFO:root:              precision    recall  f1-score   support

           0       0.24      1.00      0.39       102
           1       1.00      0.73      0.85      1221

    accuracy                           0.75      1323
   macro avg       0.62      0.87      0.62      1323
weighted avg       0.94      0.75      0.81      1323

INFO:root:EER: 13.31%
INFO:root:APCER: 0.00%
INFO:root:BPCER: 26.62%
INFO:root:EER FAKE: 13.31%
INFO:root:AUC@ROC: 0.8669123669123668, threshold:2.0, EER: 0.0, APCER:0.0, BPCER:1.0, ACER:0.5
INFO:root:


