INFO:root:model_amsl/test_morph_amsl.csv
INFO:root:The accuracy is: 16.35%
INFO:root:Confusion Matrix:
INFO:root:[[ 191   13]
 [1977  198]]
INFO:root:Classifiction Report: 
INFO:root:              precision    recall  f1-score   support

           0       0.09      0.94      0.16       204
           1       0.94      0.09      0.17      2175

    accuracy                           0.16      2379
   macro avg       0.51      0.51      0.16      2379
weighted avg       0.87      0.16      0.17      2379

INFO:root:EER: 48.63%
INFO:root:APCER: 6.37%
INFO:root:BPCER: 90.90%
INFO:root:EER FAKE: 48.63%
INFO:root:AUC@ROC: 0.5136544962812711, threshold:1.0, EER: 0.06372549019607843, APCER:0.0, BPCER:1.0, ACER:0.5
INFO:root:


INFO:root:model_amsl/test_morph_webmorph.csv
INFO:root:The accuracy is: 20.21%
INFO:root:Confusion Matrix:
INFO:root:[[ 191   13]
 [1124   97]]
INFO:root:Classifiction Report: 
INFO:root:              precision    recall  f1-score   support

           0       0.15      0.94      0.25       204
           1       0.88      0.08      0.15      1221

    accuracy                           0.20      1425
   macro avg       0.51      0.51      0.20      1425
weighted avg       0.78      0.20      0.16      1425

INFO:root:EER: 49.21%
INFO:root:APCER: 6.37%
INFO:root:BPCER: 92.06%
INFO:root:EER FAKE: 49.21%
INFO:root:AUC@ROC: 0.5078587946235005, threshold:1.0, EER: 0.06372549019607843, APCER:0.0, BPCER:1.0, ACER:0.5
INFO:root:


INFO:root:model_amsl/test_morph_opencv.csv
INFO:root:The accuracy is: 87.86%
INFO:root:Confusion Matrix:
INFO:root:[[ 191   13]
 [ 161 1068]]
INFO:root:Classifiction Report: 
INFO:root:              precision    recall  f1-score   support

           0       0.54      0.94      0.69       204
           1       0.99      0.87      0.92      1229

    accuracy                           0.88      1433
   macro avg       0.77      0.90      0.81      1433
weighted avg       0.92      0.88      0.89      1433

INFO:root:EER: 9.74%
INFO:root:APCER: 6.37%
INFO:root:BPCER: 13.10%
INFO:root:EER FAKE: 9.74%
INFO:root:AUC@ROC: 0.9026368480671357, threshold:1.0, EER: 0.06372549019607843, APCER:0.0, BPCER:1.0, ACER:0.5
INFO:root:


INFO:root:model_amsl/test_morph_facemorpher.csv
INFO:root:The accuracy is: 92.78%
INFO:root:Confusion Matrix:
INFO:root:[[ 191   13]
 [  90 1132]]
INFO:root:Classifiction Report: 
INFO:root:              precision    recall  f1-score   support

           0       0.68      0.94      0.79       204
           1       0.99      0.93      0.96      1222

    accuracy                           0.93      1426
   macro avg       0.83      0.93      0.87      1426
weighted avg       0.94      0.93      0.93      1426

INFO:root:EER: 6.87%
INFO:root:APCER: 6.37%
INFO:root:BPCER: 7.36%
INFO:root:EER FAKE: 6.87%
INFO:root:AUC@ROC: 0.9313123776515516, threshold:1.0, EER: 0.06372549019607843, APCER:0.0, BPCER:1.0, ACER:0.5
INFO:root:


INFO:root:model_amsl/test_morph_stylegan.csv
INFO:root:The accuracy is: 58.27%
INFO:root:Confusion Matrix:
INFO:root:[[191  13]
 [582 640]]
INFO:root:Classifiction Report: 
INFO:root:              precision    recall  f1-score   support

           0       0.25      0.94      0.39       204
           1       0.98      0.52      0.68      1222

    accuracy                           0.58      1426
   macro avg       0.61      0.73      0.54      1426
weighted avg       0.88      0.58      0.64      1426

INFO:root:EER: 27.00%
INFO:root:APCER: 6.37%
INFO:root:BPCER: 47.63%
INFO:root:EER FAKE: 27.00%
INFO:root:AUC@ROC: 0.7300030486826482, threshold:1.0, EER: 0.06372549019607843, APCER:0.0, BPCER:1.0, ACER:0.5
INFO:root:


