INFO:root:model_stylegan/test_morph_amsl.csv
INFO:root:The accuracy is: 10.51%
INFO:root:Confusion Matrix:
INFO:root:[[ 198    6]
 [2123   52]]
INFO:root:Classifiction Report: 
INFO:root:              precision    recall  f1-score   support

           0       0.09      0.97      0.16       204
           1       0.90      0.02      0.05      2175

    accuracy                           0.11      2379
   macro avg       0.49      0.50      0.10      2379
weighted avg       0.83      0.11      0.06      2379

INFO:root:EER: 50.28%
INFO:root:APCER: 2.94%
INFO:root:BPCER: 97.61%
INFO:root:EER FAKE: 50.28%
INFO:root:AUC@ROC: 0.5307110660356096, threshold:4.4742250363533e-311, EER: 0.09803921568627451, APCER:0.09313725490196079, BPCER:0.8427586206896551, ACER:0.46794793779580796
INFO:root:


INFO:root:model_stylegan/test_morph_webmorph.csv
INFO:root:The accuracy is: 15.30%
INFO:root:Confusion Matrix:
INFO:root:[[ 198    6]
 [1201   20]]
INFO:root:Classifiction Report: 
INFO:root:              precision    recall  f1-score   support

           0       0.14      0.97      0.25       204
           1       0.77      0.02      0.03      1221

    accuracy                           0.15      1425
   macro avg       0.46      0.49      0.14      1425
weighted avg       0.68      0.15      0.06      1425

INFO:root:EER: 50.65%
INFO:root:APCER: 2.94%
INFO:root:BPCER: 98.36%
INFO:root:EER FAKE: 50.65%
INFO:root:AUC@ROC: 0.5414920267861445, threshold:4.4742250363533e-311, EER: 0.09803921568627451, APCER:0.09313725490196079, BPCER:0.8255528255528255, ACER:0.45934504022739314
INFO:root:


INFO:root:model_stylegan/test_morph_opencv.csv
INFO:root:The accuracy is: 91.63%
INFO:root:Confusion Matrix:
INFO:root:[[ 198    6]
 [ 114 1115]]
INFO:root:Classifiction Report: 
INFO:root:              precision    recall  f1-score   support

           0       0.63      0.97      0.77       204
           1       0.99      0.91      0.95      1229

    accuracy                           0.92      1433
   macro avg       0.81      0.94      0.86      1433
weighted avg       0.94      0.92      0.92      1433

INFO:root:EER: 6.11%
INFO:root:APCER: 2.94%
INFO:root:BPCER: 9.28%
INFO:root:EER FAKE: 6.11%
INFO:root:AUC@ROC: 0.9734998962970054, threshold:4.4742250363533e-311, EER: 0.049019607843137254, APCER:0.09313725490196079, BPCER:0.022782750203417412, ACER:0.0579600025526891
INFO:root:


INFO:root:model_stylegan/test_morph_facemorpher.csv
INFO:root:The accuracy is: 96.28%
INFO:root:Confusion Matrix:
INFO:root:[[ 198    6]
 [  47 1175]]
INFO:root:Classifiction Report: 
INFO:root:              precision    recall  f1-score   support

           0       0.81      0.97      0.88       204
           1       0.99      0.96      0.98      1222

    accuracy                           0.96      1426
   macro avg       0.90      0.97      0.93      1426
weighted avg       0.97      0.96      0.96      1426

INFO:root:EER: 3.39%
INFO:root:APCER: 2.94%
INFO:root:BPCER: 3.85%
INFO:root:EER FAKE: 3.39%
INFO:root:AUC@ROC: 0.9780093706877186, threshold:4.4742250363533e-311, EER: 0.03431372549019608, APCER:0.09313725490196079, BPCER:0.01718494271685761, ACER:0.0551610988094092
INFO:root:


INFO:root:model_stylegan/test_morph_stylegan.csv
INFO:root:The accuracy is: 64.59%
INFO:root:Confusion Matrix:
INFO:root:[[198   6]
 [499 723]]
INFO:root:Classifiction Report: 
INFO:root:              precision    recall  f1-score   support

           0       0.28      0.97      0.44       204
           1       0.99      0.59      0.74      1222

    accuracy                           0.65      1426
   macro avg       0.64      0.78      0.59      1426
weighted avg       0.89      0.65      0.70      1426

INFO:root:EER: 21.89%
INFO:root:APCER: 2.94%
INFO:root:BPCER: 40.83%
INFO:root:EER FAKE: 21.89%
INFO:root:AUC@ROC: 0.8778641571194762, threshold:4.4742250363533e-311, EER: 0.09803921568627451, APCER:0.09313725490196079, BPCER:0.19230769230769232, ACER:0.14272247360482654
INFO:root:


