INFO:root:model_stylegan/test_morph_s_amsl.csv
INFO:root:The accuracy is: 16.38%
INFO:root:Confusion Matrix:
INFO:root:[[ 191   13]
 [1891  182]]
INFO:root:Classifiction Report: 
INFO:root:              precision    recall  f1-score   support

           0       0.09      0.94      0.17       204
           1       0.93      0.09      0.16      2073

    accuracy                           0.16      2277
   macro avg       0.51      0.51      0.16      2277
weighted avg       0.86      0.16      0.16      2277

INFO:root:EER: 48.80%
INFO:root:APCER: 6.37%
INFO:root:BPCER: 91.22%
INFO:root:EER FAKE: 48.80%
INFO:root:AUC@ROC: 0.5980474920310623, threshold:0.03, EER: 0.28431372549019607, APCER:0.1715686274509804, BPCER:0.6806560540279788, ACER:0.42611234073947957
INFO:root:


INFO:root:model_stylegan/test_morph_s_webmorph.csv
INFO:root:The accuracy is: 20.03%
INFO:root:Confusion Matrix:
INFO:root:[[ 191   13]
 [1045   74]]
INFO:root:Classifiction Report: 
INFO:root:              precision    recall  f1-score   support

           0       0.15      0.94      0.27       204
           1       0.85      0.07      0.12      1119

    accuracy                           0.20      1323
   macro avg       0.50      0.50      0.19      1323
weighted avg       0.74      0.20      0.14      1323

INFO:root:EER: 49.88%
INFO:root:APCER: 6.37%
INFO:root:BPCER: 93.39%
INFO:root:EER FAKE: 49.88%
INFO:root:AUC@ROC: 0.6522783823091345, threshold:0.03, EER: 0.28431372549019607, APCER:0.1715686274509804, BPCER:0.5737265415549598, ACER:0.3726475845029701
INFO:root:


INFO:root:model_stylegan/test_morph_s_opencv.csv
INFO:root:The accuracy is: 95.77%
INFO:root:Confusion Matrix:
INFO:root:[[ 191   13]
 [  43 1076]]
INFO:root:Classifiction Report: 
INFO:root:              precision    recall  f1-score   support

           0       0.82      0.94      0.87       204
           1       0.99      0.96      0.97      1119

    accuracy                           0.96      1323
   macro avg       0.90      0.95      0.92      1323
weighted avg       0.96      0.96      0.96      1323

INFO:root:EER: 5.11%
INFO:root:APCER: 6.37%
INFO:root:BPCER: 3.84%
INFO:root:EER FAKE: 5.11%
INFO:root:AUC@ROC: 0.9849239517075821, threshold:0.03, EER: 0.049019607843137254, APCER:0.1715686274509804, BPCER:0.013404825737265416, ACER:0.09248672659412291
INFO:root:


INFO:root:model_stylegan/test_morph_s_stylegan.csv
INFO:root:The accuracy is: 71.68%
INFO:root:Confusion Matrix:
INFO:root:[[191  13]
 [362 758]]
INFO:root:Classifiction Report: 
INFO:root:              precision    recall  f1-score   support

           0       0.35      0.94      0.50       204
           1       0.98      0.68      0.80      1120

    accuracy                           0.72      1324
   macro avg       0.66      0.81      0.65      1324
weighted avg       0.88      0.72      0.76      1324

INFO:root:EER: 19.35%
INFO:root:APCER: 6.37%
INFO:root:BPCER: 32.32%
INFO:root:EER FAKE: 19.35%
INFO:root:AUC@ROC: 0.9144892331932774, threshold:0.03, EER: 0.14705882352941177, APCER:0.1715686274509804, BPCER:0.11160714285714286, ACER:0.14158788515406162
INFO:root:


INFO:root:model_stylegan/test_morph_s_facemorpher.csv
INFO:root:The accuracy is: 97.05%
INFO:root:Confusion Matrix:
INFO:root:[[ 191   13]
 [  26 1094]]
INFO:root:Classifiction Report: 
INFO:root:              precision    recall  f1-score   support

           0       0.88      0.94      0.91       204
           1       0.99      0.98      0.98      1120

    accuracy                           0.97      1324
   macro avg       0.93      0.96      0.94      1324
weighted avg       0.97      0.97      0.97      1324

INFO:root:EER: 4.35%
INFO:root:APCER: 6.37%
INFO:root:BPCER: 2.32%
INFO:root:EER FAKE: 4.35%
INFO:root:AUC@ROC: 0.9910561099439775, threshold:0.03, EER: 0.03431372549019608, APCER:0.1715686274509804, BPCER:0.008928571428571428, ACER:0.09024859943977591
INFO:root:


