INFO:root:model_stylegan/test_merged_facemorpher.csv
INFO:root:The accuracy is: 97.05%
INFO:root:Confusion Matrix:
INFO:root:[[  96    6]
 [  33 1189]]
INFO:root:Classifiction Report: 
INFO:root:              precision    recall  f1-score   support

           0       0.74      0.94      0.83       102
           1       0.99      0.97      0.98      1222

    accuracy                           0.97      1324
   macro avg       0.87      0.96      0.91      1324
weighted avg       0.98      0.97      0.97      1324

INFO:root:EER: 4.29%
INFO:root:APCER: 5.88%
INFO:root:BPCER: 2.70%
INFO:root:EER FAKE: 4.29%
INFO:root:BPCR(0.10 %) @ APCR = : 100.0, BPCR (1.00%) @ APCR =:16.666666666666664, BPCR (10.00%) @ APCR =: 0.0, BPCR (20.00%) @ APCR =:0.0
INFO:root:AUC@ROC: 0.9928676871730688, threshold:0.5, EER: 0.029411764705882353, APCER:0.058823529411764705, BPCER:0.027004909983633387, ACER:0.04291421969769905
INFO:root:


INFO:root:model_stylegan/test_merged_stylegan.csv
INFO:root:The accuracy is: 69.34%
INFO:root:Confusion Matrix:
INFO:root:[[ 96   6]
 [400 822]]
INFO:root:Classifiction Report: 
INFO:root:              precision    recall  f1-score   support

           0       0.19      0.94      0.32       102
           1       0.99      0.67      0.80      1222

    accuracy                           0.69      1324
   macro avg       0.59      0.81      0.56      1324
weighted avg       0.93      0.69      0.76      1324

INFO:root:EER: 19.31%
INFO:root:APCER: 5.88%
INFO:root:BPCER: 32.73%
INFO:root:EER FAKE: 19.31%
INFO:root:BPCR(0.10 %) @ APCR = : 100.0, BPCR (1.00%) @ APCR =:100.0, BPCR (10.00%) @ APCR =: 22.54901960784314, BPCR (20.00%) @ APCR =:12.745098039215685
INFO:root:AUC@ROC: 0.9134695613106126, threshold:0.5, EER: 0.13725490196078433, APCER:0.058823529411764705, BPCER:0.32733224222585927, ACER:0.193077885818812
INFO:root:


INFO:root:model_stylegan/test_merged_webmorph.csv
INFO:root:The accuracy is: 13.76%
INFO:root:Confusion Matrix:
INFO:root:[[  96    6]
 [1135   86]]
INFO:root:Classifiction Report: 
INFO:root:              precision    recall  f1-score   support

           0       0.08      0.94      0.14       102
           1       0.93      0.07      0.13      1221

    accuracy                           0.14      1323
   macro avg       0.51      0.51      0.14      1323
weighted avg       0.87      0.14      0.13      1323

INFO:root:EER: 49.42%
INFO:root:APCER: 5.88%
INFO:root:BPCER: 92.96%
INFO:root:EER FAKE: 49.42%
INFO:root:BPCR(0.10 %) @ APCR = : 100.0, BPCR (1.00%) @ APCR =:100.0, BPCR (10.00%) @ APCR =: 100.0, BPCR (20.00%) @ APCR =:100.0
INFO:root:AUC@ROC: 0.6339708692649869, threshold:0.5, EER: 0.35294117647058826, APCER:0.058823529411764705, BPCER:0.9295659295659295, ACER:0.49419472948884713
INFO:root:


INFO:root:model_stylegan/test_merged_amsl.csv
INFO:root:The accuracy is: 17.76%
INFO:root:Confusion Matrix:
INFO:root:[[ 96   6]
 [925 105]]
INFO:root:Classifiction Report: 
INFO:root:              precision    recall  f1-score   support

           0       0.09      0.94      0.17       102
           1       0.95      0.10      0.18      1030

    accuracy                           0.18      1132
   macro avg       0.52      0.52      0.18      1132
weighted avg       0.87      0.18      0.18      1132

INFO:root:EER: 47.84%
INFO:root:APCER: 5.88%
INFO:root:BPCER: 89.81%
INFO:root:EER FAKE: 47.84%
INFO:root:BPCR(0.10 %) @ APCR = : 100.0, BPCR (1.00%) @ APCR =:100.0, BPCR (10.00%) @ APCR =: 100.0, BPCR (20.00%) @ APCR =:100.0
INFO:root:AUC@ROC: 0.6199219493622691, threshold:0.5, EER: 0.35294117647058826, APCER:0.058823529411764705, BPCER:0.8980582524271845, ACER:0.4784408909194746
INFO:root:


INFO:root:model_stylegan/test_merged_opencv.csv
INFO:root:The accuracy is: 95.62%
INFO:root:Confusion Matrix:
INFO:root:[[  96    6]
 [  52 1169]]
INFO:root:Classifiction Report: 
INFO:root:              precision    recall  f1-score   support

           0       0.65      0.94      0.77       102
           1       0.99      0.96      0.98      1221

    accuracy                           0.96      1323
   macro avg       0.82      0.95      0.87      1323
weighted avg       0.97      0.96      0.96      1323

INFO:root:EER: 5.07%
INFO:root:APCER: 5.88%
INFO:root:BPCER: 4.26%
INFO:root:EER FAKE: 5.07%
INFO:root:BPCR(0.10 %) @ APCR = : 100.0, BPCR (1.00%) @ APCR =:27.450980392156865, BPCR (10.00%) @ APCR =: 0.0, BPCR (20.00%) @ APCR =:0.0
INFO:root:AUC@ROC: 0.9895095630389747, threshold:0.5, EER: 0.049019607843137254, APCER:0.058823529411764705, BPCER:0.042588042588042586, ACER:0.05070578599990365
INFO:root:


