INFO:root:model_stylegan/test_merged_amsl.csv
INFO:root:The accuracy is: 17.40%
INFO:root:Confusion Matrix:
INFO:root:[[ 96   6]
 [929 101]]
INFO:root:Classifiction Report: 
INFO:root:              precision    recall  f1-score   support

           0       0.09      0.94      0.17       102
           1       0.94      0.10      0.18      1030

    accuracy                           0.17      1132
   macro avg       0.52      0.52      0.17      1132
weighted avg       0.87      0.17      0.18      1132

INFO:root:EER: 48.04%
INFO:root:APCER: 5.88%
INFO:root:BPCER: 90.19%
INFO:root:EER FAKE: 48.04%
INFO:root:AUC@ROC: 0.634342280601561, threshold:0.04, EER: 0.29411764705882354, APCER:0.17647058823529413, BPCER:0.6233009708737864, ACER:0.3998857795545403
INFO:root:


INFO:root:model_stylegan/test_merged_facemorpher.csv
INFO:root:The accuracy is: 96.98%
INFO:root:Confusion Matrix:
INFO:root:[[  96    6]
 [  34 1188]]
INFO:root:Classifiction Report: 
INFO:root:              precision    recall  f1-score   support

           0       0.74      0.94      0.83       102
           1       0.99      0.97      0.98      1222

    accuracy                           0.97      1324
   macro avg       0.87      0.96      0.91      1324
weighted avg       0.98      0.97      0.97      1324

INFO:root:EER: 4.33%
INFO:root:APCER: 5.88%
INFO:root:BPCER: 2.78%
INFO:root:EER FAKE: 4.33%
INFO:root:AUC@ROC: 0.9930241327300151, threshold:0.04, EER: 0.0392156862745098, APCER:0.17647058823529413, BPCER:0.008183306055646482, ACER:0.09232694714547031
INFO:root:


INFO:root:model_stylegan/test_merged_opencv.csv
INFO:root:The accuracy is: 95.46%
INFO:root:Confusion Matrix:
INFO:root:[[  96    6]
 [  54 1167]]
INFO:root:Classifiction Report: 
INFO:root:              precision    recall  f1-score   support

           0       0.64      0.94      0.76       102
           1       0.99      0.96      0.97      1221

    accuracy                           0.95      1323
   macro avg       0.82      0.95      0.87      1323
weighted avg       0.97      0.95      0.96      1323

INFO:root:EER: 5.15%
INFO:root:APCER: 5.88%
INFO:root:BPCER: 4.42%
INFO:root:EER FAKE: 5.15%
INFO:root:AUC@ROC: 0.9892807245748422, threshold:0.04, EER: 0.049019607843137254, APCER:0.17647058823529413, BPCER:0.013104013104013105, ACER:0.09478730066965362
INFO:root:


INFO:root:model_stylegan/test_merged_stylegan.csv
INFO:root:The accuracy is: 69.34%
INFO:root:Confusion Matrix:
INFO:root:[[ 96   6]
 [400 822]]
INFO:root:Classifiction Report: 
INFO:root:              precision    recall  f1-score   support

           0       0.19      0.94      0.32       102
           1       0.99      0.67      0.80      1222

    accuracy                           0.69      1324
   macro avg       0.59      0.81      0.56      1324
weighted avg       0.93      0.69      0.76      1324

INFO:root:EER: 19.31%
INFO:root:APCER: 5.88%
INFO:root:BPCER: 32.73%
INFO:root:EER FAKE: 19.31%
INFO:root:AUC@ROC: 0.9199399890889252, threshold:0.04, EER: 0.13725490196078433, APCER:0.17647058823529413, BPCER:0.11620294599018004, ACER:0.14633676711273708
INFO:root:


INFO:root:model_stylegan/test_merged_webmorph.csv
INFO:root:The accuracy is: 13.83%
INFO:root:Confusion Matrix:
INFO:root:[[  96    6]
 [1134   87]]
INFO:root:Classifiction Report: 
INFO:root:              precision    recall  f1-score   support

           0       0.08      0.94      0.14       102
           1       0.94      0.07      0.13      1221

    accuracy                           0.14      1323
   macro avg       0.51      0.51      0.14      1323
weighted avg       0.87      0.14      0.13      1323

INFO:root:EER: 49.38%
INFO:root:APCER: 5.88%
INFO:root:BPCER: 92.87%
INFO:root:EER FAKE: 49.38%
INFO:root:AUC@ROC: 0.650852724382136, threshold:0.04, EER: 0.29411764705882354, APCER:0.17647058823529413, BPCER:0.5937755937755937, ACER:0.38512309100544395
INFO:root:


