INFO:root:model_amsl/test_merged_facemorpher.csv
INFO:root:The accuracy is: 97.35%
INFO:root:Confusion Matrix:
INFO:root:[[  99    3]
 [  27 1003]]
INFO:root:Classifiction Report: 
INFO:root:              precision    recall  f1-score   support

           0       0.79      0.97      0.87       102
           1       1.00      0.97      0.99      1030

    accuracy                           0.97      1132
   macro avg       0.89      0.97      0.93      1132
weighted avg       0.98      0.97      0.97      1132

INFO:root:EER: 2.78%
INFO:root:APCER: 2.94%
INFO:root:BPCER: 2.62%
INFO:root:EER FAKE: 2.78%
INFO:root:AUC@ROC: 0.972187321530554, threshold:1.0, EER: 0.029411764705882353, APCER:0.0, BPCER:1.0, ACER:0.5
INFO:root:


INFO:root:model_amsl/test_merged_stylegan.csv
INFO:root:The accuracy is: 58.48%
INFO:root:Confusion Matrix:
INFO:root:[[ 99   3]
 [467 563]]
INFO:root:Classifiction Report: 
INFO:root:              precision    recall  f1-score   support

           0       0.17      0.97      0.30       102
           1       0.99      0.55      0.71      1030

    accuracy                           0.58      1132
   macro avg       0.58      0.76      0.50      1132
weighted avg       0.92      0.58      0.67      1132

INFO:root:EER: 24.14%
INFO:root:APCER: 2.94%
INFO:root:BPCER: 45.34%
INFO:root:EER FAKE: 24.14%
INFO:root:AUC@ROC: 0.7585950885208451, threshold:1.0, EER: 0.029411764705882353, APCER:0.0, BPCER:1.0, ACER:0.5
INFO:root:


INFO:root:model_amsl/test_merged_webmorph.csv
INFO:root:The accuracy is: 16.96%
INFO:root:Confusion Matrix:
INFO:root:[[ 99   3]
 [937  93]]
INFO:root:Classifiction Report: 
INFO:root:              precision    recall  f1-score   support

           0       0.10      0.97      0.17       102
           1       0.97      0.09      0.17      1030

    accuracy                           0.17      1132
   macro avg       0.53      0.53      0.17      1132
weighted avg       0.89      0.17      0.17      1132

INFO:root:EER: 46.96%
INFO:root:APCER: 2.94%
INFO:root:BPCER: 90.97%
INFO:root:EER FAKE: 46.96%
INFO:root:AUC@ROC: 0.5304397487150201, threshold:1.0, EER: 0.029411764705882353, APCER:0.0, BPCER:1.0, ACER:0.5
INFO:root:


INFO:root:model_amsl/test_merged_amsl.csv
INFO:root:The accuracy is: 14.40%
INFO:root:Confusion Matrix:
INFO:root:[[  99    3]
 [1946  229]]
INFO:root:Classifiction Report: 
INFO:root:              precision    recall  f1-score   support

           0       0.05      0.97      0.09       102
           1       0.99      0.11      0.19      2175

    accuracy                           0.14      2277
   macro avg       0.52      0.54      0.14      2277
weighted avg       0.95      0.14      0.19      2277

INFO:root:EER: 46.21%
INFO:root:APCER: 2.94%
INFO:root:BPCER: 89.47%
INFO:root:EER FAKE: 46.21%
INFO:root:AUC@ROC: 0.5379377958079784, threshold:1.0, EER: 0.029411764705882353, APCER:0.0, BPCER:1.0, ACER:0.5
INFO:root:


INFO:root:model_amsl/test_merged_opencv.csv
INFO:root:The accuracy is: 91.78%
INFO:root:Confusion Matrix:
INFO:root:[[ 99   3]
 [ 90 940]]
INFO:root:Classifiction Report: 
INFO:root:              precision    recall  f1-score   support

           0       0.52      0.97      0.68       102
           1       1.00      0.91      0.95      1030

    accuracy                           0.92      1132
   macro avg       0.76      0.94      0.82      1132
weighted avg       0.95      0.92      0.93      1132

INFO:root:EER: 5.84%
INFO:root:APCER: 2.94%
INFO:root:BPCER: 8.74%
INFO:root:EER FAKE: 5.84%
INFO:root:AUC@ROC: 0.9416047972587094, threshold:1.0, EER: 0.029411764705882353, APCER:0.0, BPCER:1.0, ACER:0.5
INFO:root:


