INFO:root:model_webmorph/test_merged_facemorpher.csv
INFO:root:The accuracy is: 86.85%
INFO:root:Confusion Matrix:
INFO:root:[[ 102    0]
 [ 174 1047]]
INFO:root:Classifiction Report: 
INFO:root:              precision    recall  f1-score   support

           0       0.37      1.00      0.54       102
           1       1.00      0.86      0.92      1221

    accuracy                           0.87      1323
   macro avg       0.68      0.93      0.73      1323
weighted avg       0.95      0.87      0.89      1323

INFO:root:EER: 7.13%
INFO:root:APCER: 0.00%
INFO:root:BPCER: 14.25%
INFO:root:EER FAKE: 7.13%
INFO:root:AUC@ROC: 0.9287469287469288, threshold:2.0, EER: 0.0, APCER:0.0, BPCER:1.0, ACER:0.5
INFO:root:


INFO:root:model_webmorph/test_merged_stylegan.csv
INFO:root:The accuracy is: 46.79%
INFO:root:Confusion Matrix:
INFO:root:[[102   0]
 [704 517]]
INFO:root:Classifiction Report: 
INFO:root:              precision    recall  f1-score   support

           0       0.13      1.00      0.22       102
           1       1.00      0.42      0.59      1221

    accuracy                           0.47      1323
   macro avg       0.56      0.71      0.41      1323
weighted avg       0.93      0.47      0.57      1323

INFO:root:EER: 28.83%
INFO:root:APCER: 0.00%
INFO:root:BPCER: 57.66%
INFO:root:EER FAKE: 28.83%
INFO:root:AUC@ROC: 0.7117117117117118, threshold:2.0, EER: 0.0, APCER:0.0, BPCER:1.0, ACER:0.5
INFO:root:


INFO:root:model_webmorph/test_merged_webmorph.csv
INFO:root:The accuracy is: 9.98%
INFO:root:Confusion Matrix:
INFO:root:[[ 102    0]
 [1191   30]]
INFO:root:Classifiction Report: 
INFO:root:              precision    recall  f1-score   support

           0       0.08      1.00      0.15       102
           1       1.00      0.02      0.05      1221

    accuracy                           0.10      1323
   macro avg       0.54      0.51      0.10      1323
weighted avg       0.93      0.10      0.06      1323

INFO:root:EER: 48.77%
INFO:root:APCER: 0.00%
INFO:root:BPCER: 97.54%
INFO:root:EER FAKE: 48.77%
INFO:root:AUC@ROC: 0.5122850122850123, threshold:2.0, EER: 0.0, APCER:0.0, BPCER:1.0, ACER:0.5
INFO:root:


INFO:root:model_webmorph/test_merged_amsl.csv
INFO:root:The accuracy is: 10.95%
INFO:root:Confusion Matrix:
INFO:root:[[ 102    0]
 [1008   22]]
INFO:root:Classifiction Report: 
INFO:root:              precision    recall  f1-score   support

           0       0.09      1.00      0.17       102
           1       1.00      0.02      0.04      1030

    accuracy                           0.11      1132
   macro avg       0.55      0.51      0.11      1132
weighted avg       0.92      0.11      0.05      1132

INFO:root:EER: 48.93%
INFO:root:APCER: 0.00%
INFO:root:BPCER: 97.86%
INFO:root:EER FAKE: 48.93%
INFO:root:AUC@ROC: 0.5106796116504855, threshold:2.0, EER: 0.0, APCER:0.0, BPCER:1.0, ACER:0.5
INFO:root:


INFO:root:model_webmorph/test_merged_opencv.csv
INFO:root:The accuracy is: 76.87%
INFO:root:Confusion Matrix:
INFO:root:[[102   0]
 [306 915]]
INFO:root:Classifiction Report: 
INFO:root:              precision    recall  f1-score   support

           0       0.25      1.00      0.40       102
           1       1.00      0.75      0.86      1221

    accuracy                           0.77      1323
   macro avg       0.62      0.87      0.63      1323
weighted avg       0.94      0.77      0.82      1323

INFO:root:EER: 12.53%
INFO:root:APCER: 0.00%
INFO:root:BPCER: 25.06%
INFO:root:EER FAKE: 12.53%
INFO:root:AUC@ROC: 0.8746928746928747, threshold:2.0, EER: 0.0, APCER:0.0, BPCER:1.0, ACER:0.5
INFO:root:


