INFO:root:model_webmorph/test_morph_s_amsl.csv
INFO:root:The accuracy is: 9.09%
INFO:root:Confusion Matrix:
INFO:root:[[ 204    0]
 [2070    3]]
INFO:root:Classifiction Report: 
INFO:root:              precision    recall  f1-score   support

           0       0.09      1.00      0.16       204
           1       1.00      0.00      0.00      2073

    accuracy                           0.09      2277
   macro avg       0.54      0.50      0.08      2277
weighted avg       0.92      0.09      0.02      2277

INFO:root:EER: 49.93%
INFO:root:APCER: 0.00%
INFO:root:BPCER: 99.86%
INFO:root:EER FAKE: 49.93%
INFO:root:AUC@ROC: 0.5456700528740198, threshold:0.01, EER: 0.16176470588235295, APCER:0.10294117647058823, BPCER:0.8465991316931982, ACER:0.4747701540818932
INFO:root:


INFO:root:model_webmorph/test_morph_s_facemorpher.csv
INFO:root:The accuracy is: 96.37%
INFO:root:Confusion Matrix:
INFO:root:[[ 204    0]
 [  48 1072]]
INFO:root:Classifiction Report: 
INFO:root:              precision    recall  f1-score   support

           0       0.81      1.00      0.89       204
           1       1.00      0.96      0.98      1120

    accuracy                           0.96      1324
   macro avg       0.90      0.98      0.94      1324
weighted avg       0.97      0.96      0.97      1324

INFO:root:EER: 2.14%
INFO:root:APCER: 0.00%
INFO:root:BPCER: 4.29%
INFO:root:EER FAKE: 2.14%
INFO:root:AUC@ROC: 0.9984178046218488, threshold:0.01, EER: 0.014705882352941176, APCER:0.10294117647058823, BPCER:0.0017857142857142857, ACER:0.052363445378151255
INFO:root:


INFO:root:model_webmorph/test_morph_s_opencv.csv
INFO:root:The accuracy is: 88.51%
INFO:root:Confusion Matrix:
INFO:root:[[204   0]
 [152 967]]
INFO:root:Classifiction Report: 
INFO:root:              precision    recall  f1-score   support

           0       0.57      1.00      0.73       204
           1       1.00      0.86      0.93      1119

    accuracy                           0.89      1323
   macro avg       0.79      0.93      0.83      1323
weighted avg       0.93      0.89      0.90      1323

INFO:root:EER: 6.79%
INFO:root:APCER: 0.00%
INFO:root:BPCER: 13.58%
INFO:root:EER FAKE: 6.79%
INFO:root:AUC@ROC: 0.9971394277103156, threshold:0.01, EER: 0.0196078431372549, APCER:0.10294117647058823, BPCER:0.0035746201966041107, ACER:0.05325789833359617
INFO:root:


INFO:root:model_webmorph/test_morph_s_stylegan.csv
INFO:root:The accuracy is: 53.85%
INFO:root:Confusion Matrix:
INFO:root:[[204   0]
 [611 509]]
INFO:root:Classifiction Report: 
INFO:root:              precision    recall  f1-score   support

           0       0.25      1.00      0.40       204
           1       1.00      0.45      0.62      1120

    accuracy                           0.54      1324
   macro avg       0.63      0.73      0.51      1324
weighted avg       0.88      0.54      0.59      1324

INFO:root:EER: 27.28%
INFO:root:APCER: 0.00%
INFO:root:BPCER: 54.55%
INFO:root:EER FAKE: 27.28%
INFO:root:AUC@ROC: 0.8852219012605043, threshold:0.01, EER: 0.16176470588235295, APCER:0.10294117647058823, BPCER:0.21428571428571427, ACER:0.15861344537815125
INFO:root:


INFO:root:model_webmorph/test_morph_s_webmorph.csv
INFO:root:The accuracy is: 15.87%
INFO:root:Confusion Matrix:
INFO:root:[[ 204    0]
 [1113    6]]
INFO:root:Classifiction Report: 
INFO:root:              precision    recall  f1-score   support

           0       0.15      1.00      0.27       204
           1       1.00      0.01      0.01      1119

    accuracy                           0.16      1323
   macro avg       0.58      0.50      0.14      1323
weighted avg       0.87      0.16      0.05      1323

INFO:root:EER: 49.73%
INFO:root:APCER: 0.00%
INFO:root:BPCER: 99.46%
INFO:root:EER FAKE: 49.73%
INFO:root:AUC@ROC: 0.5475520860712472, threshold:0.01, EER: 0.16176470588235295, APCER:0.10294117647058823, BPCER:0.8543342269883825, ACER:0.47863770172948533
INFO:root:


