INFO:root:model_webmorph/test_merged_facemorpher.csv
INFO:root:The accuracy is: 95.54%
INFO:root:Confusion Matrix:
INFO:root:[[ 102    0]
 [  59 1162]]
INFO:root:Classifiction Report: 
INFO:root:              precision    recall  f1-score   support

           0       0.63      1.00      0.78       102
           1       1.00      0.95      0.98      1221

    accuracy                           0.96      1323
   macro avg       0.82      0.98      0.88      1323
weighted avg       0.97      0.96      0.96      1323

INFO:root:EER: 2.42%
INFO:root:APCER: 0.00%
INFO:root:BPCER: 4.83%
INFO:root:EER FAKE: 2.42%
INFO:root:BPCR(0.10 %) @ APCR = : 100.0, BPCR (1.00%) @ APCR =:0.9803921568627451, BPCR (10.00%) @ APCR =: 0.0, BPCR (20.00%) @ APCR =:0.0
INFO:root:AUC@ROC: 0.999490131843073, threshold:0.5, EER: 0.00980392156862745, APCER:0.0, BPCER:0.04832104832104832, ACER:0.02416052416052416
INFO:root:


INFO:root:model_webmorph/test_merged_stylegan.csv
INFO:root:The accuracy is: 48.90%
INFO:root:Confusion Matrix:
INFO:root:[[102   0]
 [676 545]]
INFO:root:Classifiction Report: 
INFO:root:              precision    recall  f1-score   support

           0       0.13      1.00      0.23       102
           1       1.00      0.45      0.62      1221

    accuracy                           0.49      1323
   macro avg       0.57      0.72      0.42      1323
weighted avg       0.93      0.49      0.59      1323

INFO:root:EER: 27.68%
INFO:root:APCER: 0.00%
INFO:root:BPCER: 55.36%
INFO:root:EER FAKE: 27.68%
INFO:root:BPCR(0.10 %) @ APCR = : 100.0, BPCR (1.00%) @ APCR =:100.0, BPCR (10.00%) @ APCR =: 18.627450980392158, BPCR (20.00%) @ APCR =:11.76470588235294
INFO:root:AUC@ROC: 0.8905108316873023, threshold:0.5, EER: 0.18627450980392157, APCER:0.0, BPCER:0.5536445536445537, ACER:0.27682227682227684
INFO:root:


INFO:root:model_webmorph/test_merged_webmorph.csv
INFO:root:The accuracy is: 8.31%
INFO:root:Confusion Matrix:
INFO:root:[[ 102    0]
 [1213    8]]
INFO:root:Classifiction Report: 
INFO:root:              precision    recall  f1-score   support

           0       0.08      1.00      0.14       102
           1       1.00      0.01      0.01      1221

    accuracy                           0.08      1323
   macro avg       0.54      0.50      0.08      1323
weighted avg       0.93      0.08      0.02      1323

INFO:root:EER: 49.67%
INFO:root:APCER: 0.00%
INFO:root:BPCER: 99.34%
INFO:root:EER FAKE: 49.67%
INFO:root:BPCR(0.10 %) @ APCR = : 100.0, BPCR (1.00%) @ APCR =:100.0, BPCR (10.00%) @ APCR =: 100.0, BPCR (20.00%) @ APCR =:100.0
INFO:root:AUC@ROC: 0.5456753544988839, threshold:0.5, EER: 0.18627450980392157, APCER:0.0, BPCER:0.9934479934479934, ACER:0.4967239967239967
INFO:root:


INFO:root:model_webmorph/test_merged_amsl.csv
INFO:root:The accuracy is: 9.28%
INFO:root:Confusion Matrix:
INFO:root:[[ 102    0]
 [1027    3]]
INFO:root:Classifiction Report: 
INFO:root:              precision    recall  f1-score   support

           0       0.09      1.00      0.17       102
           1       1.00      0.00      0.01      1030

    accuracy                           0.09      1132
   macro avg       0.55      0.50      0.09      1132
weighted avg       0.92      0.09      0.02      1132

INFO:root:EER: 49.85%
INFO:root:APCER: 0.00%
INFO:root:BPCER: 99.71%
INFO:root:EER FAKE: 49.85%
INFO:root:BPCR(0.10 %) @ APCR = : 100.0, BPCR (1.00%) @ APCR =:100.0, BPCR (10.00%) @ APCR =: 100.0, BPCR (20.00%) @ APCR =:100.0
INFO:root:AUC@ROC: 0.552003616980773, threshold:0.5, EER: 0.18627450980392157, APCER:0.0, BPCER:0.9970873786407767, ACER:0.49854368932038834
INFO:root:


INFO:root:model_webmorph/test_merged_opencv.csv
INFO:root:The accuracy is: 86.62%
INFO:root:Confusion Matrix:
INFO:root:[[ 102    0]
 [ 177 1044]]
INFO:root:Classifiction Report: 
INFO:root:              precision    recall  f1-score   support

           0       0.37      1.00      0.54       102
           1       1.00      0.86      0.92      1221

    accuracy                           0.87      1323
   macro avg       0.68      0.93      0.73      1323
weighted avg       0.95      0.87      0.89      1323

INFO:root:EER: 7.25%
INFO:root:APCER: 0.00%
INFO:root:BPCER: 14.50%
INFO:root:EER FAKE: 7.25%
INFO:root:BPCR(0.10 %) @ APCR = : 100.0, BPCR (1.00%) @ APCR =:4.901960784313726, BPCR (10.00%) @ APCR =: 0.0, BPCR (20.00%) @ APCR =:0.0
INFO:root:AUC@ROC: 0.9968524674407028, threshold:0.5, EER: 0.029411764705882353, APCER:0.0, BPCER:0.14496314496314497, ACER:0.07248157248157248
INFO:root:


