INFO:root:model_webmorph/test_morph_s_amsl.csv
INFO:root:The accuracy is: 42.03%
INFO:root:Confusion Matrix:
INFO:root:[[ 176   28]
 [1292  781]]
INFO:root:Classifiction Report: 
INFO:root:              precision    recall  f1-score   support

           0       0.12      0.86      0.21       204
           1       0.97      0.38      0.54      2073

    accuracy                           0.42      2277
   macro avg       0.54      0.62      0.38      2277
weighted avg       0.89      0.42      0.51      2277

INFO:root:EER: 38.03%
INFO:root:APCER: 13.73%
INFO:root:BPCER: 62.33%
INFO:root:EER FAKE: 38.03%
INFO:root:AUC@ROC: 0.7799627328017555, threshold:6.52160373108637e-37, EER: 0.2696078431372549, APCER:0.19607843137254902, BPCER:0.45779064158224797, ACER:0.3269345364773985
INFO:root:


INFO:root:model_webmorph/test_morph_s_webmorph.csv
INFO:root:The accuracy is: 55.86%
INFO:root:Confusion Matrix:
INFO:root:[[176  28]
 [556 563]]
INFO:root:Classifiction Report: 
INFO:root:              precision    recall  f1-score   support

           0       0.24      0.86      0.38       204
           1       0.95      0.50      0.66      1119

    accuracy                           0.56      1323
   macro avg       0.60      0.68      0.52      1323
weighted avg       0.84      0.56      0.61      1323

INFO:root:EER: 31.71%
INFO:root:APCER: 13.73%
INFO:root:BPCER: 49.69%
INFO:root:EER FAKE: 31.71%
INFO:root:AUC@ROC: 0.8428678441886137, threshold:6.52160373108637e-37, EER: 0.23529411764705882, APCER:0.19607843137254902, BPCER:0.3092046470062556, ACER:0.2526415391894023
INFO:root:


INFO:root:model_webmorph/test_morph_s_opencv.csv
INFO:root:The accuracy is: 97.73%
INFO:root:Confusion Matrix:
INFO:root:[[ 176   28]
 [   2 1117]]
INFO:root:Classifiction Report: 
INFO:root:              precision    recall  f1-score   support

           0       0.99      0.86      0.92       204
           1       0.98      1.00      0.99      1119

    accuracy                           0.98      1323
   macro avg       0.98      0.93      0.95      1323
weighted avg       0.98      0.98      0.98      1323

INFO:root:EER: 6.95%
INFO:root:APCER: 13.73%
INFO:root:BPCER: 0.18%
INFO:root:EER FAKE: 6.95%
INFO:root:AUC@ROC: 0.9408698242478404, threshold:6.52160373108637e-37, EER: 0.11764705882352941, APCER:0.19607843137254902, BPCER:0.0008936550491510277, ACER:0.09848604321085003
INFO:root:


INFO:root:model_webmorph/test_morph_s_stylegan.csv
INFO:root:The accuracy is: 88.22%
INFO:root:Confusion Matrix:
INFO:root:[[176  28]
 [128 992]]
INFO:root:Classifiction Report: 
INFO:root:              precision    recall  f1-score   support

           0       0.58      0.86      0.69       204
           1       0.97      0.89      0.93      1120

    accuracy                           0.88      1324
   macro avg       0.78      0.87      0.81      1324
weighted avg       0.91      0.88      0.89      1324

INFO:root:EER: 12.58%
INFO:root:APCER: 13.73%
INFO:root:BPCER: 11.43%
INFO:root:EER FAKE: 12.58%
INFO:root:AUC@ROC: 0.9168373599439776, threshold:6.52160373108637e-37, EER: 0.12254901960784313, APCER:0.19607843137254902, BPCER:0.075, ACER:0.1355392156862745
INFO:root:


INFO:root:model_webmorph/test_morph_s_facemorpher.csv
INFO:root:The accuracy is: 97.73%
INFO:root:Confusion Matrix:
INFO:root:[[ 176   28]
 [   2 1118]]
INFO:root:Classifiction Report: 
INFO:root:              precision    recall  f1-score   support

           0       0.99      0.86      0.92       204
           1       0.98      1.00      0.99      1120

    accuracy                           0.98      1324
   macro avg       0.98      0.93      0.95      1324
weighted avg       0.98      0.98      0.98      1324

INFO:root:EER: 6.95%
INFO:root:APCER: 13.73%
INFO:root:BPCER: 0.18%
INFO:root:EER FAKE: 6.95%
INFO:root:AUC@ROC: 0.9409094887955182, threshold:6.52160373108637e-37, EER: 0.11764705882352941, APCER:0.19607843137254902, BPCER:0.0008928571428571428, ACER:0.09848564425770308
INFO:root:


