INFO:root:model_amsl/test_merged_amsl.csv
INFO:root:The accuracy is: 15.99%
INFO:root:Confusion Matrix:
INFO:root:[[  98    4]
 [1909  266]]
INFO:root:Classifiction Report: 
INFO:root:              precision    recall  f1-score   support

           0       0.05      0.96      0.09       102
           1       0.99      0.12      0.22      2175

    accuracy                           0.16      2277
   macro avg       0.52      0.54      0.16      2277
weighted avg       0.94      0.16      0.21      2277

INFO:root:EER: 45.85%
INFO:root:APCER: 3.92%
INFO:root:BPCER: 87.77%
INFO:root:EER FAKE: 45.85%
INFO:root:AUC@ROC: 0.5415415821501014, threshold:1.0, EER: 0.0392156862745098, APCER:0.0, BPCER:1.0, ACER:0.5
INFO:root:


INFO:root:model_amsl/test_merged_facemorpher.csv
INFO:root:The accuracy is: 97.44%
INFO:root:Confusion Matrix:
INFO:root:[[  98    4]
 [  25 1005]]
INFO:root:Classifiction Report: 
INFO:root:              precision    recall  f1-score   support

           0       0.80      0.96      0.87       102
           1       1.00      0.98      0.99      1030

    accuracy                           0.97      1132
   macro avg       0.90      0.97      0.93      1132
weighted avg       0.98      0.97      0.98      1132

INFO:root:EER: 3.17%
INFO:root:APCER: 3.92%
INFO:root:BPCER: 2.43%
INFO:root:EER FAKE: 3.17%
INFO:root:AUC@ROC: 0.968256234532648, threshold:1.0, EER: 0.0392156862745098, APCER:0.0, BPCER:1.0, ACER:0.5
INFO:root:


INFO:root:model_amsl/test_merged_opencv.csv
INFO:root:The accuracy is: 92.23%
INFO:root:Confusion Matrix:
INFO:root:[[ 98   4]
 [ 84 946]]
INFO:root:Classifiction Report: 
INFO:root:              precision    recall  f1-score   support

           0       0.54      0.96      0.69       102
           1       1.00      0.92      0.96      1030

    accuracy                           0.92      1132
   macro avg       0.77      0.94      0.82      1132
weighted avg       0.95      0.92      0.93      1132

INFO:root:EER: 6.04%
INFO:root:APCER: 3.92%
INFO:root:BPCER: 8.16%
INFO:root:EER FAKE: 6.04%
INFO:root:AUC@ROC: 0.9396154578336189, threshold:1.0, EER: 0.0392156862745098, APCER:0.0, BPCER:1.0, ACER:0.5
INFO:root:


INFO:root:model_amsl/test_merged_stylegan.csv
INFO:root:The accuracy is: 61.93%
INFO:root:Confusion Matrix:
INFO:root:[[ 98   4]
 [427 603]]
INFO:root:Classifiction Report: 
INFO:root:              precision    recall  f1-score   support

           0       0.19      0.96      0.31       102
           1       0.99      0.59      0.74      1030

    accuracy                           0.62      1132
   macro avg       0.59      0.77      0.52      1132
weighted avg       0.92      0.62      0.70      1132

INFO:root:EER: 22.69%
INFO:root:APCER: 3.92%
INFO:root:BPCER: 41.46%
INFO:root:EER FAKE: 22.69%
INFO:root:AUC@ROC: 0.7731106034646869, threshold:1.0, EER: 0.0392156862745098, APCER:0.0, BPCER:1.0, ACER:0.5
INFO:root:


INFO:root:model_amsl/test_merged_webmorph.csv
INFO:root:The accuracy is: 18.11%
INFO:root:Confusion Matrix:
INFO:root:[[ 98   4]
 [923 107]]
INFO:root:Classifiction Report: 
INFO:root:              precision    recall  f1-score   support

           0       0.10      0.96      0.17       102
           1       0.96      0.10      0.19      1030

    accuracy                           0.18      1132
   macro avg       0.53      0.53      0.18      1132
weighted avg       0.89      0.18      0.19      1132

INFO:root:EER: 46.77%
INFO:root:APCER: 3.92%
INFO:root:BPCER: 89.61%
INFO:root:EER FAKE: 46.77%
INFO:root:AUC@ROC: 0.5323339044355606, threshold:1.0, EER: 0.0392156862745098, APCER:0.0, BPCER:1.0, ACER:0.5
INFO:root:


