INFO:root:model_opencv/test_morph_amsl.csv
INFO:root:The accuracy is: 10.30%
INFO:root:Confusion Matrix:
INFO:root:[[ 204    0]
 [2134   41]]
INFO:root:Classifiction Report: 
INFO:root:              precision    recall  f1-score   support

           0       0.09      1.00      0.16       204
           1       1.00      0.02      0.04      2175

    accuracy                           0.10      2379
   macro avg       0.54      0.51      0.10      2379
weighted avg       0.92      0.10      0.05      2379

INFO:root:EER: 49.06%
INFO:root:APCER: 0.00%
INFO:root:BPCER: 98.11%
INFO:root:EER FAKE: 49.06%
INFO:root:AUC@ROC: 0.5094252873563219, threshold:2.0, EER: 0.0, APCER:0.0, BPCER:1.0, ACER:0.5
INFO:root:


INFO:root:model_opencv/test_morph_facemorpher.csv
INFO:root:The accuracy is: 81.28%
INFO:root:Confusion Matrix:
INFO:root:[[204   0]
 [267 955]]
INFO:root:Classifiction Report: 
INFO:root:              precision    recall  f1-score   support

           0       0.43      1.00      0.60       204
           1       1.00      0.78      0.88      1222

    accuracy                           0.81      1426
   macro avg       0.72      0.89      0.74      1426
weighted avg       0.92      0.81      0.84      1426

INFO:root:EER: 10.92%
INFO:root:APCER: 0.00%
INFO:root:BPCER: 21.85%
INFO:root:EER FAKE: 10.92%
INFO:root:AUC@ROC: 0.8907528641571194, threshold:2.0, EER: 0.0, APCER:0.0, BPCER:1.0, ACER:0.5
INFO:root:


INFO:root:model_opencv/test_morph_opencv.csv
INFO:root:The accuracy is: 70.20%
INFO:root:Confusion Matrix:
INFO:root:[[204   0]
 [427 802]]
INFO:root:Classifiction Report: 
INFO:root:              precision    recall  f1-score   support

           0       0.32      1.00      0.49       204
           1       1.00      0.65      0.79      1229

    accuracy                           0.70      1433
   macro avg       0.66      0.83      0.64      1433
weighted avg       0.90      0.70      0.75      1433

INFO:root:EER: 17.37%
INFO:root:APCER: 0.00%
INFO:root:BPCER: 34.74%
INFO:root:EER FAKE: 17.37%
INFO:root:AUC@ROC: 0.8262815296989423, threshold:2.0, EER: 0.0, APCER:0.0, BPCER:1.0, ACER:0.5
INFO:root:


INFO:root:model_opencv/test_morph_stylegan.csv
INFO:root:The accuracy is: 35.06%
INFO:root:Confusion Matrix:
INFO:root:[[204   0]
 [926 296]]
INFO:root:Classifiction Report: 
INFO:root:              precision    recall  f1-score   support

           0       0.18      1.00      0.31       204
           1       1.00      0.24      0.39      1222

    accuracy                           0.35      1426
   macro avg       0.59      0.62      0.35      1426
weighted avg       0.88      0.35      0.38      1426

INFO:root:EER: 37.89%
INFO:root:APCER: 0.00%
INFO:root:BPCER: 75.78%
INFO:root:EER FAKE: 37.89%
INFO:root:AUC@ROC: 0.6211129296235679, threshold:2.0, EER: 0.0, APCER:0.0, BPCER:1.0, ACER:0.5
INFO:root:


INFO:root:model_opencv/test_morph_webmorph.csv
INFO:root:The accuracy is: 16.28%
INFO:root:Confusion Matrix:
INFO:root:[[ 204    0]
 [1193   28]]
INFO:root:Classifiction Report: 
INFO:root:              precision    recall  f1-score   support

           0       0.15      1.00      0.25       204
           1       1.00      0.02      0.04      1221

    accuracy                           0.16      1425
   macro avg       0.57      0.51      0.15      1425
weighted avg       0.88      0.16      0.07      1425

INFO:root:EER: 48.85%
INFO:root:APCER: 0.00%
INFO:root:BPCER: 97.71%
INFO:root:EER FAKE: 48.85%
INFO:root:AUC@ROC: 0.5114660114660114, threshold:2.0, EER: 0.0, APCER:0.0, BPCER:1.0, ACER:0.5
INFO:root:


