INFO:root:model_stylegan/test_merged_facemorpher.csv
INFO:root:The accuracy is: 96.30%
INFO:root:Confusion Matrix:
INFO:root:[[  97    5]
 [  44 1178]]
INFO:root:Classifiction Report: 
INFO:root:              precision    recall  f1-score   support

           0       0.69      0.95      0.80       102
           1       1.00      0.96      0.98      1222

    accuracy                           0.96      1324
   macro avg       0.84      0.96      0.89      1324
weighted avg       0.97      0.96      0.97      1324

INFO:root:EER: 4.25%
INFO:root:APCER: 4.90%
INFO:root:BPCER: 3.60%
INFO:root:EER FAKE: 4.25%
INFO:root:AUC@ROC: 0.9574869227560091, threshold:1.0, EER: 0.049019607843137254, APCER:0.0, BPCER:1.0, ACER:0.5
INFO:root:


INFO:root:model_stylegan/test_merged_stylegan.csv
INFO:root:The accuracy is: 67.98%
INFO:root:Confusion Matrix:
INFO:root:[[ 97   5]
 [419 803]]
INFO:root:Classifiction Report: 
INFO:root:              precision    recall  f1-score   support

           0       0.19      0.95      0.31       102
           1       0.99      0.66      0.79      1222

    accuracy                           0.68      1324
   macro avg       0.59      0.80      0.55      1324
weighted avg       0.93      0.68      0.75      1324

INFO:root:EER: 19.60%
INFO:root:APCER: 4.90%
INFO:root:BPCER: 34.29%
INFO:root:EER FAKE: 19.60%
INFO:root:AUC@ROC: 0.8040499342126376, threshold:1.0, EER: 0.049019607843137254, APCER:0.0, BPCER:1.0, ACER:0.5
INFO:root:


INFO:root:model_stylegan/test_merged_webmorph.csv
INFO:root:The accuracy is: 18.67%
INFO:root:Confusion Matrix:
INFO:root:[[  97    5]
 [1071  150]]
INFO:root:Classifiction Report: 
INFO:root:              precision    recall  f1-score   support

           0       0.08      0.95      0.15       102
           1       0.97      0.12      0.22      1221

    accuracy                           0.19      1323
   macro avg       0.53      0.54      0.19      1323
weighted avg       0.90      0.19      0.21      1323

INFO:root:EER: 46.31%
INFO:root:APCER: 4.90%
INFO:root:BPCER: 87.71%
INFO:root:EER FAKE: 46.31%
INFO:root:AUC@ROC: 0.5369152575034928, threshold:1.0, EER: 0.049019607843137254, APCER:0.0, BPCER:1.0, ACER:0.5
INFO:root:


INFO:root:model_stylegan/test_merged_amsl.csv
INFO:root:The accuracy is: 18.82%
INFO:root:Confusion Matrix:
INFO:root:[[ 97   5]
 [914 116]]
INFO:root:Classifiction Report: 
INFO:root:              precision    recall  f1-score   support

           0       0.10      0.95      0.17       102
           1       0.96      0.11      0.20      1030

    accuracy                           0.19      1132
   macro avg       0.53      0.53      0.19      1132
weighted avg       0.88      0.19      0.20      1132

INFO:root:EER: 46.82%
INFO:root:APCER: 4.90%
INFO:root:BPCER: 88.74%
INFO:root:EER FAKE: 46.82%
INFO:root:AUC@ROC: 0.5318008756900818, threshold:1.0, EER: 0.049019607843137254, APCER:0.0, BPCER:1.0, ACER:0.5
INFO:root:


INFO:root:model_stylegan/test_merged_opencv.csv
INFO:root:The accuracy is: 93.58%
INFO:root:Confusion Matrix:
INFO:root:[[  97    5]
 [  80 1141]]
INFO:root:Classifiction Report: 
INFO:root:              precision    recall  f1-score   support

           0       0.55      0.95      0.70       102
           1       1.00      0.93      0.96      1221

    accuracy                           0.94      1323
   macro avg       0.77      0.94      0.83      1323
weighted avg       0.96      0.94      0.94      1323

INFO:root:EER: 5.73%
INFO:root:APCER: 4.90%
INFO:root:BPCER: 6.55%
INFO:root:EER FAKE: 5.73%
INFO:root:AUC@ROC: 0.9427301633183984, threshold:1.0, EER: 0.049019607843137254, APCER:0.0, BPCER:1.0, ACER:0.5
INFO:root:


