INFO:root:model_webmorph/test_morph_amsl.csv
INFO:root:The accuracy is: 8.62%
INFO:root:Confusion Matrix:
INFO:root:[[ 204    0]
 [2174    1]]
INFO:root:Classifiction Report: 
INFO:root:              precision    recall  f1-score   support

           0       0.09      1.00      0.16       204
           1       1.00      0.00      0.00      2175

    accuracy                           0.09      2379
   macro avg       0.54      0.50      0.08      2379
weighted avg       0.92      0.09      0.01      2379

INFO:root:EER: 49.98%
INFO:root:APCER: 0.00%
INFO:root:BPCER: 99.95%
INFO:root:EER FAKE: 49.98%
INFO:root:AUC@ROC: 0.5176042370971377, threshold:8.117020279623496e-307, EER: 0.04411764705882353, APCER:0.0392156862745098, BPCER:0.9259770114942528, ACER:0.4825963488843813
INFO:root:


INFO:root:model_webmorph/test_morph_webmorph.csv
INFO:root:The accuracy is: 14.46%
INFO:root:Confusion Matrix:
INFO:root:[[ 204    0]
 [1219    2]]
INFO:root:Classifiction Report: 
INFO:root:              precision    recall  f1-score   support

           0       0.14      1.00      0.25       204
           1       1.00      0.00      0.00      1221

    accuracy                           0.14      1425
   macro avg       0.57      0.50      0.13      1425
weighted avg       0.88      0.14      0.04      1425

INFO:root:EER: 49.92%
INFO:root:APCER: 0.00%
INFO:root:BPCER: 99.84%
INFO:root:EER FAKE: 49.92%
INFO:root:AUC@ROC: 0.5118152912270559, threshold:8.117020279623496e-307, EER: 0.04411764705882353, APCER:0.0392156862745098, BPCER:0.9393939393939394, ACER:0.4893048128342246
INFO:root:


INFO:root:model_webmorph/test_morph_opencv.csv
INFO:root:The accuracy is: 81.02%
INFO:root:Confusion Matrix:
INFO:root:[[204   0]
 [272 957]]
INFO:root:Classifiction Report: 
INFO:root:              precision    recall  f1-score   support

           0       0.43      1.00      0.60       204
           1       1.00      0.78      0.88      1229

    accuracy                           0.81      1433
   macro avg       0.71      0.89      0.74      1433
weighted avg       0.92      0.81      0.84      1433

INFO:root:EER: 11.07%
INFO:root:APCER: 0.00%
INFO:root:BPCER: 22.13%
INFO:root:EER FAKE: 11.07%
INFO:root:AUC@ROC: 0.9937997574945356, threshold:8.117020279623496e-307, EER: 0.024509803921568627, APCER:0.0392156862745098, BPCER:0.010577705451586655, ACER:0.02489669586304823
INFO:root:


INFO:root:model_webmorph/test_morph_facemorpher.csv
INFO:root:The accuracy is: 93.48%
INFO:root:Confusion Matrix:
INFO:root:[[ 204    0]
 [  93 1129]]
INFO:root:Classifiction Report: 
INFO:root:              precision    recall  f1-score   support

           0       0.69      1.00      0.81       204
           1       1.00      0.92      0.96      1222

    accuracy                           0.93      1426
   macro avg       0.84      0.96      0.89      1426
weighted avg       0.96      0.93      0.94      1426

INFO:root:EER: 3.81%
INFO:root:APCER: 0.00%
INFO:root:BPCER: 7.61%
INFO:root:EER FAKE: 3.81%
INFO:root:AUC@ROC: 0.9968791117101505, threshold:8.117020279623496e-307, EER: 0.0196078431372549, APCER:0.0392156862745098, BPCER:0.004909983633387889, ACER:0.022062834953948847
INFO:root:


INFO:root:model_webmorph/test_morph_stylegan.csv
INFO:root:The accuracy is: 51.89%
INFO:root:Confusion Matrix:
INFO:root:[[204   0]
 [686 536]]
INFO:root:Classifiction Report: 
INFO:root:              precision    recall  f1-score   support

           0       0.23      1.00      0.37       204
           1       1.00      0.44      0.61      1222

    accuracy                           0.52      1426
   macro avg       0.61      0.72      0.49      1426
weighted avg       0.89      0.52      0.58      1426

INFO:root:EER: 28.07%
INFO:root:APCER: 0.00%
INFO:root:BPCER: 56.14%
INFO:root:EER FAKE: 28.07%
INFO:root:AUC@ROC: 0.8431232149160809, threshold:8.117020279623496e-307, EER: 0.04411764705882353, APCER:0.0392156862745098, BPCER:0.3019639934533552, ACER:0.1705898398639325
INFO:root:


INFO:root:model_webmorph/test_morph_amsl.csv
INFO:root:The accuracy is: 8.62%
INFO:root:Confusion Matrix:
INFO:root:[[ 204    0]
 [2174    1]]
INFO:root:Classifiction Report: 
INFO:root:              precision    recall  f1-score   support

           0       0.09      1.00      0.16       204
           1       1.00      0.00      0.00      2175

    accuracy                           0.09      2379
   macro avg       0.54      0.50      0.08      2379
weighted avg       0.92      0.09      0.01      2379

INFO:root:EER: 49.98%
INFO:root:APCER: 0.00%
INFO:root:BPCER: 99.95%
INFO:root:EER FAKE: 49.98%
INFO:root:AUC@ROC: 0.5176042370971377, threshold:8.117020279623496e-307, EER: 0.04411764705882353, APCER:0.0392156862745098, BPCER:0.9259770114942528, ACER:0.4825963488843813
INFO:root:


INFO:root:model_webmorph/test_morph_webmorph.csv
INFO:root:The accuracy is: 14.46%
INFO:root:Confusion Matrix:
INFO:root:[[ 204    0]
 [1219    2]]
INFO:root:Classifiction Report: 
INFO:root:              precision    recall  f1-score   support

           0       0.14      1.00      0.25       204
           1       1.00      0.00      0.00      1221

    accuracy                           0.14      1425
   macro avg       0.57      0.50      0.13      1425
weighted avg       0.88      0.14      0.04      1425

INFO:root:EER: 49.92%
INFO:root:APCER: 0.00%
INFO:root:BPCER: 99.84%
INFO:root:EER FAKE: 49.92%
INFO:root:AUC@ROC: 0.5118152912270559, threshold:8.117020279623496e-307, EER: 0.04411764705882353, APCER:0.0392156862745098, BPCER:0.9393939393939394, ACER:0.4893048128342246
INFO:root:


INFO:root:model_webmorph/test_morph_opencv.csv
INFO:root:The accuracy is: 81.02%
INFO:root:Confusion Matrix:
INFO:root:[[204   0]
 [272 957]]
INFO:root:Classifiction Report: 
INFO:root:              precision    recall  f1-score   support

           0       0.43      1.00      0.60       204
           1       1.00      0.78      0.88      1229

    accuracy                           0.81      1433
   macro avg       0.71      0.89      0.74      1433
weighted avg       0.92      0.81      0.84      1433

INFO:root:EER: 11.07%
INFO:root:APCER: 0.00%
INFO:root:BPCER: 22.13%
INFO:root:EER FAKE: 11.07%
INFO:root:AUC@ROC: 0.9937997574945356, threshold:8.117020279623496e-307, EER: 0.024509803921568627, APCER:0.0392156862745098, BPCER:0.010577705451586655, ACER:0.02489669586304823
INFO:root:


INFO:root:model_webmorph/test_morph_facemorpher.csv
INFO:root:The accuracy is: 93.48%
INFO:root:Confusion Matrix:
INFO:root:[[ 204    0]
 [  93 1129]]
INFO:root:Classifiction Report: 
INFO:root:              precision    recall  f1-score   support

           0       0.69      1.00      0.81       204
           1       1.00      0.92      0.96      1222

    accuracy                           0.93      1426
   macro avg       0.84      0.96      0.89      1426
weighted avg       0.96      0.93      0.94      1426

INFO:root:EER: 3.81%
INFO:root:APCER: 0.00%
INFO:root:BPCER: 7.61%
INFO:root:EER FAKE: 3.81%
INFO:root:AUC@ROC: 0.9968791117101505, threshold:8.117020279623496e-307, EER: 0.0196078431372549, APCER:0.0392156862745098, BPCER:0.004909983633387889, ACER:0.022062834953948847
INFO:root:


INFO:root:model_webmorph/test_morph_stylegan.csv
INFO:root:The accuracy is: 51.89%
INFO:root:Confusion Matrix:
INFO:root:[[204   0]
 [686 536]]
INFO:root:Classifiction Report: 
INFO:root:              precision    recall  f1-score   support

           0       0.23      1.00      0.37       204
           1       1.00      0.44      0.61      1222

    accuracy                           0.52      1426
   macro avg       0.61      0.72      0.49      1426
weighted avg       0.89      0.52      0.58      1426

INFO:root:EER: 28.07%
INFO:root:APCER: 0.00%
INFO:root:BPCER: 56.14%
INFO:root:EER FAKE: 28.07%
INFO:root:AUC@ROC: 0.8431232149160809, threshold:8.117020279623496e-307, EER: 0.04411764705882353, APCER:0.0392156862745098, BPCER:0.3019639934533552, ACER:0.1705898398639325
INFO:root:


INFO:root:model_webmorph/test_morph_amsl.csv
INFO:root:The accuracy is: 8.62%
INFO:root:Confusion Matrix:
INFO:root:[[ 204    0]
 [2174    1]]
INFO:root:Classifiction Report: 
INFO:root:              precision    recall  f1-score   support

           0       0.09      1.00      0.16       204
           1       1.00      0.00      0.00      2175

    accuracy                           0.09      2379
   macro avg       0.54      0.50      0.08      2379
weighted avg       0.92      0.09      0.01      2379

INFO:root:EER: 49.98%
INFO:root:APCER: 0.00%
INFO:root:BPCER: 99.95%
INFO:root:EER FAKE: 49.98%
INFO:root:AUC@ROC: 0.5176042370971377, threshold:8.117020279623496e-307, EER: 0.04411764705882353, APCER:0.0392156862745098, BPCER:0.9259770114942528, ACER:0.4825963488843813
INFO:root:


INFO:root:model_webmorph/test_morph_webmorph.csv
INFO:root:The accuracy is: 14.46%
INFO:root:Confusion Matrix:
INFO:root:[[ 204    0]
 [1219    2]]
INFO:root:Classifiction Report: 
INFO:root:              precision    recall  f1-score   support

           0       0.14      1.00      0.25       204
           1       1.00      0.00      0.00      1221

    accuracy                           0.14      1425
   macro avg       0.57      0.50      0.13      1425
weighted avg       0.88      0.14      0.04      1425

INFO:root:EER: 49.92%
INFO:root:APCER: 0.00%
INFO:root:BPCER: 99.84%
INFO:root:EER FAKE: 49.92%
INFO:root:AUC@ROC: 0.5118152912270559, threshold:8.117020279623496e-307, EER: 0.04411764705882353, APCER:0.0392156862745098, BPCER:0.9393939393939394, ACER:0.4893048128342246
INFO:root:


INFO:root:model_webmorph/test_morph_opencv.csv
INFO:root:The accuracy is: 81.02%
INFO:root:Confusion Matrix:
INFO:root:[[204   0]
 [272 957]]
INFO:root:Classifiction Report: 
INFO:root:              precision    recall  f1-score   support

           0       0.43      1.00      0.60       204
           1       1.00      0.78      0.88      1229

    accuracy                           0.81      1433
   macro avg       0.71      0.89      0.74      1433
weighted avg       0.92      0.81      0.84      1433

INFO:root:EER: 11.07%
INFO:root:APCER: 0.00%
INFO:root:BPCER: 22.13%
INFO:root:EER FAKE: 11.07%
INFO:root:AUC@ROC: 0.9937997574945356, threshold:8.117020279623496e-307, EER: 0.024509803921568627, APCER:0.0392156862745098, BPCER:0.010577705451586655, ACER:0.02489669586304823
INFO:root:


INFO:root:model_webmorph/test_morph_facemorpher.csv
INFO:root:The accuracy is: 93.48%
INFO:root:Confusion Matrix:
INFO:root:[[ 204    0]
 [  93 1129]]
INFO:root:Classifiction Report: 
INFO:root:              precision    recall  f1-score   support

           0       0.69      1.00      0.81       204
           1       1.00      0.92      0.96      1222

    accuracy                           0.93      1426
   macro avg       0.84      0.96      0.89      1426
weighted avg       0.96      0.93      0.94      1426

INFO:root:EER: 3.81%
INFO:root:APCER: 0.00%
INFO:root:BPCER: 7.61%
INFO:root:EER FAKE: 3.81%
INFO:root:AUC@ROC: 0.9968791117101505, threshold:8.117020279623496e-307, EER: 0.0196078431372549, APCER:0.0392156862745098, BPCER:0.004909983633387889, ACER:0.022062834953948847
INFO:root:


INFO:root:model_webmorph/test_morph_stylegan.csv
INFO:root:The accuracy is: 51.89%
INFO:root:Confusion Matrix:
INFO:root:[[204   0]
 [686 536]]
INFO:root:Classifiction Report: 
INFO:root:              precision    recall  f1-score   support

           0       0.23      1.00      0.37       204
           1       1.00      0.44      0.61      1222

    accuracy                           0.52      1426
   macro avg       0.61      0.72      0.49      1426
weighted avg       0.89      0.52      0.58      1426

INFO:root:EER: 28.07%
INFO:root:APCER: 0.00%
INFO:root:BPCER: 56.14%
INFO:root:EER FAKE: 28.07%
INFO:root:AUC@ROC: 0.8431232149160809, threshold:8.117020279623496e-307, EER: 0.04411764705882353, APCER:0.0392156862745098, BPCER:0.3019639934533552, ACER:0.1705898398639325
INFO:root:


INFO:root:model_webmorph/test_morph_amsl.csv
INFO:root:The accuracy is: 8.62%
INFO:root:Confusion Matrix:
INFO:root:[[ 204    0]
 [2174    1]]
INFO:root:Classifiction Report: 
INFO:root:              precision    recall  f1-score   support

           0       0.09      1.00      0.16       204
           1       1.00      0.00      0.00      2175

    accuracy                           0.09      2379
   macro avg       0.54      0.50      0.08      2379
weighted avg       0.92      0.09      0.01      2379

INFO:root:EER: 49.98%
INFO:root:APCER: 0.00%
INFO:root:BPCER: 99.95%
INFO:root:EER FAKE: 49.98%
INFO:root:AUC@ROC: 0.5176042370971377, threshold:8.117020279623496e-307, EER: 0.04411764705882353, APCER:0.0392156862745098, BPCER:0.9259770114942528, ACER:0.4825963488843813
INFO:root:


INFO:root:model_webmorph/test_morph_webmorph.csv
INFO:root:The accuracy is: 14.46%
INFO:root:Confusion Matrix:
INFO:root:[[ 204    0]
 [1219    2]]
INFO:root:Classifiction Report: 
INFO:root:              precision    recall  f1-score   support

           0       0.14      1.00      0.25       204
           1       1.00      0.00      0.00      1221

    accuracy                           0.14      1425
   macro avg       0.57      0.50      0.13      1425
weighted avg       0.88      0.14      0.04      1425

INFO:root:EER: 49.92%
INFO:root:APCER: 0.00%
INFO:root:BPCER: 99.84%
INFO:root:EER FAKE: 49.92%
INFO:root:AUC@ROC: 0.5118152912270559, threshold:8.117020279623496e-307, EER: 0.04411764705882353, APCER:0.0392156862745098, BPCER:0.9393939393939394, ACER:0.4893048128342246
INFO:root:


INFO:root:model_webmorph/test_morph_opencv.csv
INFO:root:The accuracy is: 81.02%
INFO:root:Confusion Matrix:
INFO:root:[[204   0]
 [272 957]]
INFO:root:Classifiction Report: 
INFO:root:              precision    recall  f1-score   support

           0       0.43      1.00      0.60       204
           1       1.00      0.78      0.88      1229

    accuracy                           0.81      1433
   macro avg       0.71      0.89      0.74      1433
weighted avg       0.92      0.81      0.84      1433

INFO:root:EER: 11.07%
INFO:root:APCER: 0.00%
INFO:root:BPCER: 22.13%
INFO:root:EER FAKE: 11.07%
INFO:root:AUC@ROC: 0.9937997574945356, threshold:8.117020279623496e-307, EER: 0.024509803921568627, APCER:0.0392156862745098, BPCER:0.010577705451586655, ACER:0.02489669586304823
INFO:root:


INFO:root:model_webmorph/test_morph_facemorpher.csv
INFO:root:The accuracy is: 93.48%
INFO:root:Confusion Matrix:
INFO:root:[[ 204    0]
 [  93 1129]]
INFO:root:Classifiction Report: 
INFO:root:              precision    recall  f1-score   support

           0       0.69      1.00      0.81       204
           1       1.00      0.92      0.96      1222

    accuracy                           0.93      1426
   macro avg       0.84      0.96      0.89      1426
weighted avg       0.96      0.93      0.94      1426

INFO:root:EER: 3.81%
INFO:root:APCER: 0.00%
INFO:root:BPCER: 7.61%
INFO:root:EER FAKE: 3.81%
INFO:root:AUC@ROC: 0.9968791117101505, threshold:8.117020279623496e-307, EER: 0.0196078431372549, APCER:0.0392156862745098, BPCER:0.004909983633387889, ACER:0.022062834953948847
INFO:root:


INFO:root:model_webmorph/test_morph_stylegan.csv
INFO:root:The accuracy is: 51.89%
INFO:root:Confusion Matrix:
INFO:root:[[204   0]
 [686 536]]
INFO:root:Classifiction Report: 
INFO:root:              precision    recall  f1-score   support

           0       0.23      1.00      0.37       204
           1       1.00      0.44      0.61      1222

    accuracy                           0.52      1426
   macro avg       0.61      0.72      0.49      1426
weighted avg       0.89      0.52      0.58      1426

INFO:root:EER: 28.07%
INFO:root:APCER: 0.00%
INFO:root:BPCER: 56.14%
INFO:root:EER FAKE: 28.07%
INFO:root:AUC@ROC: 0.8431232149160809, threshold:8.117020279623496e-307, EER: 0.04411764705882353, APCER:0.0392156862745098, BPCER:0.3019639934533552, ACER:0.1705898398639325
INFO:root:


INFO:root:model_webmorph/test_morph_amsl.csv
INFO:root:The accuracy is: 8.62%
INFO:root:Confusion Matrix:
INFO:root:[[ 204    0]
 [2174    1]]
INFO:root:Classifiction Report: 
INFO:root:              precision    recall  f1-score   support

           0       0.09      1.00      0.16       204
           1       1.00      0.00      0.00      2175

    accuracy                           0.09      2379
   macro avg       0.54      0.50      0.08      2379
weighted avg       0.92      0.09      0.01      2379

INFO:root:EER: 49.98%
INFO:root:APCER: 0.00%
INFO:root:BPCER: 99.95%
INFO:root:EER FAKE: 49.98%
INFO:root:AUC@ROC: 0.5176042370971377, threshold:8.117020279623496e-307, EER: 0.04411764705882353, APCER:0.0392156862745098, BPCER:0.9259770114942528, ACER:0.4825963488843813
INFO:root:


INFO:root:model_webmorph/test_morph_webmorph.csv
INFO:root:The accuracy is: 14.46%
INFO:root:Confusion Matrix:
INFO:root:[[ 204    0]
 [1219    2]]
INFO:root:Classifiction Report: 
INFO:root:              precision    recall  f1-score   support

           0       0.14      1.00      0.25       204
           1       1.00      0.00      0.00      1221

    accuracy                           0.14      1425
   macro avg       0.57      0.50      0.13      1425
weighted avg       0.88      0.14      0.04      1425

INFO:root:EER: 49.92%
INFO:root:APCER: 0.00%
INFO:root:BPCER: 99.84%
INFO:root:EER FAKE: 49.92%
INFO:root:AUC@ROC: 0.5118152912270559, threshold:8.117020279623496e-307, EER: 0.04411764705882353, APCER:0.0392156862745098, BPCER:0.9393939393939394, ACER:0.4893048128342246
INFO:root:


INFO:root:model_webmorph/test_morph_opencv.csv
INFO:root:The accuracy is: 81.02%
INFO:root:Confusion Matrix:
INFO:root:[[204   0]
 [272 957]]
INFO:root:Classifiction Report: 
INFO:root:              precision    recall  f1-score   support

           0       0.43      1.00      0.60       204
           1       1.00      0.78      0.88      1229

    accuracy                           0.81      1433
   macro avg       0.71      0.89      0.74      1433
weighted avg       0.92      0.81      0.84      1433

INFO:root:EER: 11.07%
INFO:root:APCER: 0.00%
INFO:root:BPCER: 22.13%
INFO:root:EER FAKE: 11.07%
INFO:root:AUC@ROC: 0.9937997574945356, threshold:8.117020279623496e-307, EER: 0.024509803921568627, APCER:0.0392156862745098, BPCER:0.010577705451586655, ACER:0.02489669586304823
INFO:root:


INFO:root:model_webmorph/test_morph_facemorpher.csv
INFO:root:The accuracy is: 93.48%
INFO:root:Confusion Matrix:
INFO:root:[[ 204    0]
 [  93 1129]]
INFO:root:Classifiction Report: 
INFO:root:              precision    recall  f1-score   support

           0       0.69      1.00      0.81       204
           1       1.00      0.92      0.96      1222

    accuracy                           0.93      1426
   macro avg       0.84      0.96      0.89      1426
weighted avg       0.96      0.93      0.94      1426

INFO:root:EER: 3.81%
INFO:root:APCER: 0.00%
INFO:root:BPCER: 7.61%
INFO:root:EER FAKE: 3.81%
INFO:root:AUC@ROC: 0.9968791117101505, threshold:8.117020279623496e-307, EER: 0.0196078431372549, APCER:0.0392156862745098, BPCER:0.004909983633387889, ACER:0.022062834953948847
INFO:root:


INFO:root:model_webmorph/test_morph_stylegan.csv
INFO:root:The accuracy is: 51.89%
INFO:root:Confusion Matrix:
INFO:root:[[204   0]
 [686 536]]
INFO:root:Classifiction Report: 
INFO:root:              precision    recall  f1-score   support

           0       0.23      1.00      0.37       204
           1       1.00      0.44      0.61      1222

    accuracy                           0.52      1426
   macro avg       0.61      0.72      0.49      1426
weighted avg       0.89      0.52      0.58      1426

INFO:root:EER: 28.07%
INFO:root:APCER: 0.00%
INFO:root:BPCER: 56.14%
INFO:root:EER FAKE: 28.07%
INFO:root:AUC@ROC: 0.8431232149160809, threshold:8.117020279623496e-307, EER: 0.04411764705882353, APCER:0.0392156862745098, BPCER:0.3019639934533552, ACER:0.1705898398639325
INFO:root:


INFO:root:model_webmorph/test_morph_amsl.csv
INFO:root:The accuracy is: 8.62%
INFO:root:Confusion Matrix:
INFO:root:[[ 204    0]
 [2174    1]]
INFO:root:Classifiction Report: 
INFO:root:              precision    recall  f1-score   support

           0       0.09      1.00      0.16       204
           1       1.00      0.00      0.00      2175

    accuracy                           0.09      2379
   macro avg       0.54      0.50      0.08      2379
weighted avg       0.92      0.09      0.01      2379

INFO:root:EER: 49.98%
INFO:root:APCER: 0.00%
INFO:root:BPCER: 99.95%
INFO:root:EER FAKE: 49.98%
INFO:root:AUC@ROC: 0.5176042370971377, threshold:8.117020279623496e-307, EER: 0.04411764705882353, APCER:0.0392156862745098, BPCER:0.9259770114942528, ACER:0.4825963488843813
INFO:root:


INFO:root:model_webmorph/test_morph_webmorph.csv
INFO:root:The accuracy is: 14.46%
INFO:root:Confusion Matrix:
INFO:root:[[ 204    0]
 [1219    2]]
INFO:root:Classifiction Report: 
INFO:root:              precision    recall  f1-score   support

           0       0.14      1.00      0.25       204
           1       1.00      0.00      0.00      1221

    accuracy                           0.14      1425
   macro avg       0.57      0.50      0.13      1425
weighted avg       0.88      0.14      0.04      1425

INFO:root:EER: 49.92%
INFO:root:APCER: 0.00%
INFO:root:BPCER: 99.84%
INFO:root:EER FAKE: 49.92%
INFO:root:AUC@ROC: 0.5118152912270559, threshold:8.117020279623496e-307, EER: 0.04411764705882353, APCER:0.0392156862745098, BPCER:0.9393939393939394, ACER:0.4893048128342246
INFO:root:


INFO:root:model_webmorph/test_morph_opencv.csv
INFO:root:The accuracy is: 81.02%
INFO:root:Confusion Matrix:
INFO:root:[[204   0]
 [272 957]]
INFO:root:Classifiction Report: 
INFO:root:              precision    recall  f1-score   support

           0       0.43      1.00      0.60       204
           1       1.00      0.78      0.88      1229

    accuracy                           0.81      1433
   macro avg       0.71      0.89      0.74      1433
weighted avg       0.92      0.81      0.84      1433

INFO:root:EER: 11.07%
INFO:root:APCER: 0.00%
INFO:root:BPCER: 22.13%
INFO:root:EER FAKE: 11.07%
INFO:root:AUC@ROC: 0.9937997574945356, threshold:8.117020279623496e-307, EER: 0.024509803921568627, APCER:0.0392156862745098, BPCER:0.010577705451586655, ACER:0.02489669586304823
INFO:root:


INFO:root:model_webmorph/test_morph_facemorpher.csv
INFO:root:The accuracy is: 93.48%
INFO:root:Confusion Matrix:
INFO:root:[[ 204    0]
 [  93 1129]]
INFO:root:Classifiction Report: 
INFO:root:              precision    recall  f1-score   support

           0       0.69      1.00      0.81       204
           1       1.00      0.92      0.96      1222

    accuracy                           0.93      1426
   macro avg       0.84      0.96      0.89      1426
weighted avg       0.96      0.93      0.94      1426

INFO:root:EER: 3.81%
INFO:root:APCER: 0.00%
INFO:root:BPCER: 7.61%
INFO:root:EER FAKE: 3.81%
INFO:root:AUC@ROC: 0.9968791117101505, threshold:8.117020279623496e-307, EER: 0.0196078431372549, APCER:0.0392156862745098, BPCER:0.004909983633387889, ACER:0.022062834953948847
INFO:root:


INFO:root:model_webmorph/test_morph_stylegan.csv
INFO:root:The accuracy is: 51.89%
INFO:root:Confusion Matrix:
INFO:root:[[204   0]
 [686 536]]
INFO:root:Classifiction Report: 
INFO:root:              precision    recall  f1-score   support

           0       0.23      1.00      0.37       204
           1       1.00      0.44      0.61      1222

    accuracy                           0.52      1426
   macro avg       0.61      0.72      0.49      1426
weighted avg       0.89      0.52      0.58      1426

INFO:root:EER: 28.07%
INFO:root:APCER: 0.00%
INFO:root:BPCER: 56.14%
INFO:root:EER FAKE: 28.07%
INFO:root:AUC@ROC: 0.8431232149160809, threshold:8.117020279623496e-307, EER: 0.04411764705882353, APCER:0.0392156862745098, BPCER:0.3019639934533552, ACER:0.1705898398639325
INFO:root:


INFO:root:model_webmorph/test_morph_amsl.csv
INFO:root:The accuracy is: 8.62%
INFO:root:Confusion Matrix:
INFO:root:[[ 204    0]
 [2174    1]]
INFO:root:Classifiction Report: 
INFO:root:              precision    recall  f1-score   support

           0       0.09      1.00      0.16       204
           1       1.00      0.00      0.00      2175

    accuracy                           0.09      2379
   macro avg       0.54      0.50      0.08      2379
weighted avg       0.92      0.09      0.01      2379

INFO:root:EER: 49.98%
INFO:root:APCER: 0.00%
INFO:root:BPCER: 99.95%
INFO:root:EER FAKE: 49.98%
INFO:root:AUC@ROC: 0.5178352490421457, threshold:2.283558684121135e-304, EER: 0.04411764705882353, APCER:0.0392156862745098, BPCER:0.9250574712643678, ACER:0.4821365787694388
INFO:root:


INFO:root:model_webmorph/test_morph_webmorph.csv
INFO:root:The accuracy is: 14.46%
INFO:root:Confusion Matrix:
INFO:root:[[ 204    0]
 [1219    2]]
INFO:root:Classifiction Report: 
INFO:root:              precision    recall  f1-score   support

           0       0.14      1.00      0.25       204
           1       1.00      0.00      0.00      1221

    accuracy                           0.14      1425
   macro avg       0.57      0.50      0.13      1425
weighted avg       0.88      0.14      0.04      1425

INFO:root:EER: 49.92%
INFO:root:APCER: 0.00%
INFO:root:BPCER: 99.84%
INFO:root:EER FAKE: 49.92%
INFO:root:AUC@ROC: 0.5118313500666442, threshold:2.283558684121135e-304, EER: 0.04411764705882353, APCER:0.0392156862745098, BPCER:0.9377559377559378, ACER:0.4884858120152238
INFO:root:


INFO:root:model_webmorph/test_morph_opencv.csv
INFO:root:The accuracy is: 81.23%
INFO:root:Confusion Matrix:
INFO:root:[[204   0]
 [269 960]]
INFO:root:Classifiction Report: 
INFO:root:              precision    recall  f1-score   support

           0       0.43      1.00      0.60       204
           1       1.00      0.78      0.88      1229

    accuracy                           0.81      1433
   macro avg       0.72      0.89      0.74      1433
weighted avg       0.92      0.81      0.84      1433

INFO:root:EER: 10.94%
INFO:root:APCER: 0.00%
INFO:root:BPCER: 21.89%
INFO:root:EER FAKE: 10.94%
INFO:root:AUC@ROC: 0.9938157118014008, threshold:2.283558684121135e-304, EER: 0.024509803921568627, APCER:0.0392156862745098, BPCER:0.010577705451586655, ACER:0.02489669586304823
INFO:root:


INFO:root:model_webmorph/test_morph_facemorpher.csv
INFO:root:The accuracy is: 93.62%
INFO:root:Confusion Matrix:
INFO:root:[[ 204    0]
 [  91 1131]]
INFO:root:Classifiction Report: 
INFO:root:              precision    recall  f1-score   support

           0       0.69      1.00      0.82       204
           1       1.00      0.93      0.96      1222

    accuracy                           0.94      1426
   macro avg       0.85      0.96      0.89      1426
weighted avg       0.96      0.94      0.94      1426

INFO:root:EER: 3.72%
INFO:root:APCER: 0.00%
INFO:root:BPCER: 7.45%
INFO:root:EER FAKE: 3.72%
INFO:root:AUC@ROC: 0.9968751002856134, threshold:2.283558684121135e-304, EER: 0.0196078431372549, APCER:0.0392156862745098, BPCER:0.0057283142389525366, ACER:0.02247200025673117
INFO:root:


INFO:root:model_webmorph/test_morph_stylegan.csv
INFO:root:The accuracy is: 51.96%
INFO:root:Confusion Matrix:
INFO:root:[[204   0]
 [685 537]]
INFO:root:Classifiction Report: 
INFO:root:              precision    recall  f1-score   support

           0       0.23      1.00      0.37       204
           1       1.00      0.44      0.61      1222

    accuracy                           0.52      1426
   macro avg       0.61      0.72      0.49      1426
weighted avg       0.89      0.52      0.58      1426

INFO:root:EER: 28.03%
INFO:root:APCER: 0.00%
INFO:root:BPCER: 56.06%
INFO:root:EER FAKE: 28.03%
INFO:root:AUC@ROC: 0.8439375340971086, threshold:2.283558684121135e-304, EER: 0.04411764705882353, APCER:0.0392156862745098, BPCER:0.3019639934533552, ACER:0.1705898398639325
INFO:root:


INFO:root:model_webmorph/test_morph_amsl.csv
INFO:root:The accuracy is: 8.62%
INFO:root:Confusion Matrix:
INFO:root:[[ 204    0]
 [2174    1]]
INFO:root:Classifiction Report: 
INFO:root:              precision    recall  f1-score   support

           0       0.09      1.00      0.16       204
           1       1.00      0.00      0.00      2175

    accuracy                           0.09      2379
   macro avg       0.54      0.50      0.08      2379
weighted avg       0.92      0.09      0.01      2379

INFO:root:EER: 49.98%
INFO:root:APCER: 0.00%
INFO:root:BPCER: 99.95%
INFO:root:EER FAKE: 49.98%
INFO:root:AUC@ROC: 0.5352479152580573, threshold:7.0047697189636855e-307, EER: 0.08333333333333333, APCER:0.0784313725490196, BPCER:0.8574712643678161, ACER:0.46795131845841786
INFO:root:


INFO:root:model_webmorph/test_morph_webmorph.csv
INFO:root:The accuracy is: 14.46%
INFO:root:Confusion Matrix:
INFO:root:[[ 204    0]
 [1219    2]]
INFO:root:Classifiction Report: 
INFO:root:              precision    recall  f1-score   support

           0       0.14      1.00      0.25       204
           1       1.00      0.00      0.00      1221

    accuracy                           0.14      1425
   macro avg       0.57      0.50      0.13      1425
weighted avg       0.88      0.14      0.04      1425

INFO:root:EER: 49.92%
INFO:root:APCER: 0.00%
INFO:root:BPCER: 99.84%
INFO:root:EER FAKE: 49.92%
INFO:root:AUC@ROC: 0.5406830627418863, threshold:7.0047697189636855e-307, EER: 0.08333333333333333, APCER:0.0784313725490196, BPCER:0.8558558558558559, ACER:0.4671436142024378
INFO:root:


INFO:root:model_webmorph/test_morph_opencv.csv
INFO:root:The accuracy is: 81.86%
INFO:root:Confusion Matrix:
INFO:root:[[204   0]
 [260 969]]
INFO:root:Classifiction Report: 
INFO:root:              precision    recall  f1-score   support

           0       0.44      1.00      0.61       204
           1       1.00      0.79      0.88      1229

    accuracy                           0.82      1433
   macro avg       0.72      0.89      0.75      1433
weighted avg       0.92      0.82      0.84      1433

INFO:root:EER: 10.58%
INFO:root:APCER: 0.00%
INFO:root:BPCER: 21.16%
INFO:root:EER FAKE: 10.58%
INFO:root:AUC@ROC: 0.9961769492174413, threshold:7.0047697189636855e-307, EER: 0.024509803921568627, APCER:0.0784313725490196, BPCER:0.0024410089503661514, ACER:0.04043619074969288
INFO:root:


INFO:root:model_webmorph/test_morph_facemorpher.csv
INFO:root:The accuracy is: 93.90%
INFO:root:Confusion Matrix:
INFO:root:[[ 204    0]
 [  87 1135]]
INFO:root:Classifiction Report: 
INFO:root:              precision    recall  f1-score   support

           0       0.70      1.00      0.82       204
           1       1.00      0.93      0.96      1222

    accuracy                           0.94      1426
   macro avg       0.85      0.96      0.89      1426
weighted avg       0.96      0.94      0.94      1426

INFO:root:EER: 3.56%
INFO:root:APCER: 0.00%
INFO:root:BPCER: 7.12%
INFO:root:EER FAKE: 3.56%
INFO:root:AUC@ROC: 0.9978037450659479, threshold:7.0047697189636855e-307, EER: 0.0196078431372549, APCER:0.0784313725490196, BPCER:0.0024549918166939444, ACER:0.04044318218285677
INFO:root:


INFO:root:model_webmorph/test_morph_stylegan.csv
INFO:root:The accuracy is: 52.17%
INFO:root:Confusion Matrix:
INFO:root:[[204   0]
 [682 540]]
INFO:root:Classifiction Report: 
INFO:root:              precision    recall  f1-score   support

           0       0.23      1.00      0.37       204
           1       1.00      0.44      0.61      1222

    accuracy                           0.52      1426
   macro avg       0.62      0.72      0.49      1426
weighted avg       0.89      0.52      0.58      1426

INFO:root:EER: 27.91%
INFO:root:APCER: 0.00%
INFO:root:BPCER: 55.81%
INFO:root:EER FAKE: 27.91%
INFO:root:AUC@ROC: 0.882699929398928, threshold:7.0047697189636855e-307, EER: 0.08333333333333333, APCER:0.0784313725490196, BPCER:0.20621931260229132, ACER:0.14232534257565546
INFO:root:


