INFO:root:model_facemorpher/test_morph_amsl.csv
INFO:root:The accuracy is: 8.58%
INFO:root:Confusion Matrix:
INFO:root:[[ 204    0]
 [2175    0]]
INFO:root:Classifiction Report: 
INFO:root:              precision    recall  f1-score   support

           0       0.09      1.00      0.16       204
           1       0.00      0.00      0.00      2175

    accuracy                           0.09      2379
   macro avg       0.04      0.50      0.08      2379
weighted avg       0.01      0.09      0.01      2379

INFO:root:EER: 50.00%
INFO:root:APCER: 0.00%
INFO:root:BPCER: 100.00%
INFO:root:EER FAKE: 50.00%
INFO:root:AUC@ROC: 0.601815415821501, threshold:0.02, EER: 0.36764705882352944, APCER:0.049019607843137254, BPCER:0.7218390804597701, ACER:0.3854293441514537
INFO:root:


INFO:root:model_facemorpher/test_morph_webmorph.csv
INFO:root:The accuracy is: 14.39%
INFO:root:Confusion Matrix:
INFO:root:[[ 204    0]
 [1220    1]]
INFO:root:Classifiction Report: 
INFO:root:              precision    recall  f1-score   support

           0       0.14      1.00      0.25       204
           1       1.00      0.00      0.00      1221

    accuracy                           0.14      1425
   macro avg       0.57      0.50      0.13      1425
weighted avg       0.88      0.14      0.04      1425

INFO:root:EER: 49.96%
INFO:root:APCER: 0.00%
INFO:root:BPCER: 99.92%
INFO:root:EER FAKE: 49.96%
INFO:root:AUC@ROC: 0.588967978673861, threshold:0.02, EER: 0.36764705882352944, APCER:0.049019607843137254, BPCER:0.76003276003276, ACER:0.40452618393794865
INFO:root:


INFO:root:model_facemorpher/test_morph_opencv.csv
INFO:root:The accuracy is: 62.60%
INFO:root:Confusion Matrix:
INFO:root:[[204   0]
 [536 693]]
INFO:root:Classifiction Report: 
INFO:root:              precision    recall  f1-score   support

           0       0.28      1.00      0.43       204
           1       1.00      0.56      0.72      1229

    accuracy                           0.63      1433
   macro avg       0.64      0.78      0.58      1433
weighted avg       0.90      0.63      0.68      1433

INFO:root:EER: 21.81%
INFO:root:APCER: 0.00%
INFO:root:BPCER: 43.61%
INFO:root:EER FAKE: 21.81%
INFO:root:AUC@ROC: 0.9892128942708084, threshold:0.02, EER: 0.0196078431372549, APCER:0.049019607843137254, BPCER:0.022782750203417412, ACER:0.03590117902327733
INFO:root:


INFO:root:model_facemorpher/test_morph_facemorpher.csv
INFO:root:The accuracy is: 80.43%
INFO:root:Confusion Matrix:
INFO:root:[[204   0]
 [279 943]]
INFO:root:Classifiction Report: 
INFO:root:              precision    recall  f1-score   support

           0       0.42      1.00      0.59       204
           1       1.00      0.77      0.87      1222

    accuracy                           0.80      1426
   macro avg       0.71      0.89      0.73      1426
weighted avg       0.92      0.80      0.83      1426

INFO:root:EER: 11.42%
INFO:root:APCER: 0.00%
INFO:root:BPCER: 22.83%
INFO:root:EER FAKE: 11.42%
INFO:root:AUC@ROC: 0.9917103911941209, threshold:0.02, EER: 0.0196078431372549, APCER:0.049019607843137254, BPCER:0.018821603927986905, ACER:0.03392060588556208
INFO:root:


INFO:root:model_facemorpher/test_morph_stylegan.csv
INFO:root:The accuracy is: 28.47%
INFO:root:Confusion Matrix:
INFO:root:[[ 204    0]
 [1020  202]]
INFO:root:Classifiction Report: 
INFO:root:              precision    recall  f1-score   support

           0       0.17      1.00      0.29       204
           1       1.00      0.17      0.28      1222

    accuracy                           0.28      1426
   macro avg       0.58      0.58      0.28      1426
weighted avg       0.88      0.28      0.28      1426

INFO:root:EER: 41.73%
INFO:root:APCER: 0.00%
INFO:root:BPCER: 83.47%
INFO:root:EER FAKE: 41.73%
INFO:root:AUC@ROC: 0.8499667051763423, threshold:0.02, EER: 0.11764705882352941, APCER:0.049019607843137254, BPCER:0.306873977086743, ACER:0.17794679246494013
INFO:root:


