INFO:root:model_no_shuffle/test_morph_amsl.csv
INFO:root:The accuracy is: 8.53%
INFO:root:Confusion Matrix:
INFO:root:[[ 203    1]
 [2175    0]]
INFO:root:Classifiction Report: 
INFO:root:              precision    recall  f1-score   support

           0       0.09      1.00      0.16       204
           1       0.00      0.00      0.00      2175

    accuracy                           0.09      2379
   macro avg       0.04      0.50      0.08      2379
weighted avg       0.01      0.09      0.01      2379

INFO:root:EER: 50.25%
INFO:root:APCER: 0.49%
INFO:root:BPCER: 100.00%
INFO:root:EER FAKE: 50.25%
INFO:root:AUC@ROC: 0.5319021861618211, threshold:6.740079662707034e-264, EER: 0.29901960784313725, APCER:0.19607843137254902, BPCER:0.7581609195402299, ACER:0.47711967545638945
INFO:root:


INFO:root:model_no_shuffle/test_morph_webmorph.csv
INFO:root:The accuracy is: 14.39%
INFO:root:Confusion Matrix:
INFO:root:[[ 203    1]
 [1219    2]]
INFO:root:Classifiction Report: 
INFO:root:              precision    recall  f1-score   support

           0       0.14      1.00      0.25       204
           1       0.67      0.00      0.00      1221

    accuracy                           0.14      1425
   macro avg       0.40      0.50      0.13      1425
weighted avg       0.59      0.14      0.04      1425

INFO:root:EER: 50.16%
INFO:root:APCER: 0.49%
INFO:root:BPCER: 99.84%
INFO:root:EER FAKE: 50.16%
INFO:root:AUC@ROC: 0.5525726261020378, threshold:6.740079662707034e-264, EER: 0.29901960784313725, APCER:0.19607843137254902, BPCER:0.7452907452907452, ACER:0.4706845883316471
INFO:root:


INFO:root:model_no_shuffle/test_morph_opencv.csv
INFO:root:The accuracy is: 82.21%
INFO:root:Confusion Matrix:
INFO:root:[[203   1]
 [254 975]]
INFO:root:Classifiction Report: 
INFO:root:              precision    recall  f1-score   support

           0       0.44      1.00      0.61       204
           1       1.00      0.79      0.88      1229

    accuracy                           0.82      1433
   macro avg       0.72      0.89      0.75      1433
weighted avg       0.92      0.82      0.85      1433

INFO:root:EER: 10.58%
INFO:root:APCER: 0.49%
INFO:root:BPCER: 20.67%
INFO:root:EER FAKE: 10.58%
INFO:root:AUC@ROC: 0.9936461972909587, threshold:6.740079662707034e-264, EER: 0.029411764705882353, APCER:0.19607843137254902, BPCER:0.0008136696501220504, ACER:0.09844605051133554
INFO:root:


INFO:root:model_no_shuffle/test_morph_facemorpher.csv
INFO:root:The accuracy is: 94.95%
INFO:root:Confusion Matrix:
INFO:root:[[ 203    1]
 [  71 1151]]
INFO:root:Classifiction Report: 
INFO:root:              precision    recall  f1-score   support

           0       0.74      1.00      0.85       204
           1       1.00      0.94      0.97      1222

    accuracy                           0.95      1426
   macro avg       0.87      0.97      0.91      1426
weighted avg       0.96      0.95      0.95      1426

INFO:root:EER: 3.15%
INFO:root:APCER: 0.49%
INFO:root:BPCER: 5.81%
INFO:root:EER FAKE: 3.15%
INFO:root:AUC@ROC: 0.9957619299765733, threshold:6.740079662707034e-264, EER: 0.014705882352941176, APCER:0.19607843137254902, BPCER:0.0016366612111292963, ACER:0.09885754629183915
INFO:root:


INFO:root:model_no_shuffle/test_morph_stylegan.csv
INFO:root:The accuracy is: 48.39%
INFO:root:Confusion Matrix:
INFO:root:[[203   1]
 [735 487]]
INFO:root:Classifiction Report: 
INFO:root:              precision    recall  f1-score   support

           0       0.22      1.00      0.36       204
           1       1.00      0.40      0.57      1222

    accuracy                           0.48      1426
   macro avg       0.61      0.70      0.46      1426
weighted avg       0.89      0.48      0.54      1426

INFO:root:EER: 30.32%
INFO:root:APCER: 0.49%
INFO:root:BPCER: 60.15%
INFO:root:EER FAKE: 30.32%
INFO:root:AUC@ROC: 0.9134033728057506, threshold:6.740079662707034e-264, EER: 0.14705882352941177, APCER:0.19607843137254902, BPCER:0.12274959083469722, ACER:0.15941401110362313
INFO:root:


