INFO:root:model_no_shuffle/test_morph_amsl.csv
INFO:root:The accuracy is: 9.00%
INFO:root:Confusion Matrix:
INFO:root:[[ 196    8]
 [2157   18]]
INFO:root:Classifiction Report: 
INFO:root:              precision    recall  f1-score   support

           0       0.08      0.96      0.15       204
           1       0.69      0.01      0.02      2175

    accuracy                           0.09      2379
   macro avg       0.39      0.48      0.08      2379
weighted avg       0.64      0.09      0.03      2379

INFO:root:EER: 51.55%
INFO:root:APCER: 3.92%
INFO:root:BPCER: 99.17%
INFO:root:EER FAKE: 51.55%
INFO:root:AUC@ROC: 0.4845300878972279, threshold:1.0, EER: 0.0392156862745098, APCER:0.0, BPCER:1.0, ACER:0.5
INFO:root:


INFO:root:model_no_shuffle/test_morph_webmorph.csv
INFO:root:The accuracy is: 14.74%
INFO:root:Confusion Matrix:
INFO:root:[[ 196    8]
 [1207   14]]
INFO:root:Classifiction Report: 
INFO:root:              precision    recall  f1-score   support

           0       0.14      0.96      0.24       204
           1       0.64      0.01      0.02      1221

    accuracy                           0.15      1425
   macro avg       0.39      0.49      0.13      1425
weighted avg       0.57      0.15      0.05      1425

INFO:root:EER: 51.39%
INFO:root:APCER: 3.92%
INFO:root:BPCER: 98.85%
INFO:root:EER FAKE: 51.39%
INFO:root:AUC@ROC: 0.48612516259575084, threshold:1.0, EER: 0.0392156862745098, APCER:0.0, BPCER:1.0, ACER:0.5
INFO:root:


INFO:root:model_no_shuffle/test_morph_opencv.csv
INFO:root:The accuracy is: 83.53%
INFO:root:Confusion Matrix:
INFO:root:[[ 196    8]
 [ 228 1001]]
INFO:root:Classifiction Report: 
INFO:root:              precision    recall  f1-score   support

           0       0.46      0.96      0.62       204
           1       0.99      0.81      0.89      1229

    accuracy                           0.84      1433
   macro avg       0.73      0.89      0.76      1433
weighted avg       0.92      0.84      0.86      1433

INFO:root:EER: 11.24%
INFO:root:APCER: 3.92%
INFO:root:BPCER: 18.55%
INFO:root:EER FAKE: 11.24%
INFO:root:AUC@ROC: 0.8876338167488314, threshold:1.0, EER: 0.0392156862745098, APCER:0.0, BPCER:1.0, ACER:0.5
INFO:root:


INFO:root:model_no_shuffle/test_morph_facemorpher.csv
INFO:root:The accuracy is: 89.76%
INFO:root:Confusion Matrix:
INFO:root:[[ 196    8]
 [ 138 1084]]
INFO:root:Classifiction Report: 
INFO:root:              precision    recall  f1-score   support

           0       0.59      0.96      0.73       204
           1       0.99      0.89      0.94      1222

    accuracy                           0.90      1426
   macro avg       0.79      0.92      0.83      1426
weighted avg       0.93      0.90      0.91      1426

INFO:root:EER: 7.61%
INFO:root:APCER: 3.92%
INFO:root:BPCER: 11.29%
INFO:root:EER FAKE: 7.61%
INFO:root:AUC@ROC: 0.9239273450787844, threshold:1.0, EER: 0.0392156862745098, APCER:0.0, BPCER:1.0, ACER:0.5
INFO:root:


INFO:root:model_no_shuffle/test_morph_stylegan.csv
INFO:root:The accuracy is: 49.09%
INFO:root:Confusion Matrix:
INFO:root:[[196   8]
 [718 504]]
INFO:root:Classifiction Report: 
INFO:root:              precision    recall  f1-score   support

           0       0.21      0.96      0.35       204
           1       0.98      0.41      0.58      1222

    accuracy                           0.49      1426
   macro avg       0.60      0.69      0.47      1426
weighted avg       0.87      0.49      0.55      1426

INFO:root:EER: 31.34%
INFO:root:APCER: 3.92%
INFO:root:BPCER: 58.76%
INFO:root:EER FAKE: 31.34%
INFO:root:AUC@ROC: 0.6866114694650365, threshold:1.0, EER: 0.0392156862745098, APCER:0.0, BPCER:1.0, ACER:0.5
INFO:root:


