INFO:root:model_webmorph/test_morph_s_amsl.csv
INFO:root:The accuracy is: 9.22%
INFO:root:Confusion Matrix:
INFO:root:[[ 204    0]
 [2067    6]]
INFO:root:Classifiction Report: 
INFO:root:              precision    recall  f1-score   support

           0       0.09      1.00      0.16       204
           1       1.00      0.00      0.01      2073

    accuracy                           0.09      2277
   macro avg       0.54      0.50      0.09      2277
weighted avg       0.92      0.09      0.02      2277

INFO:root:EER: 49.86%
INFO:root:APCER: 0.00%
INFO:root:BPCER: 99.71%
INFO:root:EER FAKE: 49.86%
INFO:root:AUC@ROC: 0.5127798586873245, threshold:0.01, EER: 0.24509803921568626, APCER:0.13725490196078433, BPCER:0.8359864930053064, ACER:0.4866206974830454
INFO:root:


INFO:root:model_webmorph/test_morph_s_webmorph.csv
INFO:root:The accuracy is: 15.87%
INFO:root:Confusion Matrix:
INFO:root:[[ 204    0]
 [1113    6]]
INFO:root:Classifiction Report: 
INFO:root:              precision    recall  f1-score   support

           0       0.15      1.00      0.27       204
           1       1.00      0.01      0.01      1119

    accuracy                           0.16      1323
   macro avg       0.58      0.50      0.14      1323
weighted avg       0.87      0.16      0.05      1323

INFO:root:EER: 49.73%
INFO:root:APCER: 0.00%
INFO:root:BPCER: 99.46%
INFO:root:EER FAKE: 49.73%
INFO:root:AUC@ROC: 0.5302090451909093, threshold:0.01, EER: 0.24509803921568626, APCER:0.13725490196078433, BPCER:0.8284182305630027, ACER:0.48283656626189353
INFO:root:


INFO:root:model_webmorph/test_morph_s_opencv.csv
INFO:root:The accuracy is: 88.89%
INFO:root:Confusion Matrix:
INFO:root:[[204   0]
 [147 972]]
INFO:root:Classifiction Report: 
INFO:root:              precision    recall  f1-score   support

           0       0.58      1.00      0.74       204
           1       1.00      0.87      0.93      1119

    accuracy                           0.89      1323
   macro avg       0.79      0.93      0.83      1323
weighted avg       0.94      0.89      0.90      1323

INFO:root:EER: 6.57%
INFO:root:APCER: 0.00%
INFO:root:BPCER: 13.14%
INFO:root:EER FAKE: 6.57%
INFO:root:AUC@ROC: 0.9971175244002874, threshold:0.01, EER: 0.0196078431372549, APCER:0.13725490196078433, BPCER:0.0035746201966041107, ACER:0.07041476107869422
INFO:root:


INFO:root:model_webmorph/test_morph_s_stylegan.csv
INFO:root:The accuracy is: 52.57%
INFO:root:Confusion Matrix:
INFO:root:[[204   0]
 [628 492]]
INFO:root:Classifiction Report: 
INFO:root:              precision    recall  f1-score   support

           0       0.25      1.00      0.39       204
           1       1.00      0.44      0.61      1120

    accuracy                           0.53      1324
   macro avg       0.62      0.72      0.50      1324
weighted avg       0.88      0.53      0.58      1324

INFO:root:EER: 28.04%
INFO:root:APCER: 0.00%
INFO:root:BPCER: 56.07%
INFO:root:EER FAKE: 28.04%
INFO:root:AUC@ROC: 0.8763786764705882, threshold:0.01, EER: 0.13725490196078433, APCER:0.13725490196078433, BPCER:0.21696428571428572, ACER:0.17710959383753502
INFO:root:


INFO:root:model_webmorph/test_morph_s_facemorpher.csv
INFO:root:The accuracy is: 96.22%
INFO:root:Confusion Matrix:
INFO:root:[[ 204    0]
 [  50 1070]]
INFO:root:Classifiction Report: 
INFO:root:              precision    recall  f1-score   support

           0       0.80      1.00      0.89       204
           1       1.00      0.96      0.98      1120

    accuracy                           0.96      1324
   macro avg       0.90      0.98      0.93      1324
weighted avg       0.97      0.96      0.96      1324

INFO:root:EER: 2.23%
INFO:root:APCER: 0.00%
INFO:root:BPCER: 4.46%
INFO:root:EER FAKE: 2.23%
INFO:root:AUC@ROC: 0.9988620448179273, threshold:0.01, EER: 0.014705882352941176, APCER:0.13725490196078433, BPCER:0.0017857142857142857, ACER:0.0695203081232493
INFO:root:


