INFO:root:model_stylegan/test_morph_amsl.csv
INFO:root:The accuracy is: 16.90%
INFO:root:Confusion Matrix:
INFO:root:[[ 195    9]
 [1968  207]]
INFO:root:Classifiction Report: 
INFO:root:              precision    recall  f1-score   support

           0       0.09      0.96      0.16       204
           1       0.96      0.10      0.17      2175

    accuracy                           0.17      2379
   macro avg       0.52      0.53      0.17      2379
weighted avg       0.88      0.17      0.17      2379

INFO:root:EER: 47.45%
INFO:root:APCER: 4.41%
INFO:root:BPCER: 90.48%
INFO:root:EER FAKE: 47.45%
INFO:root:AUC@ROC: 0.52552738336714, threshold:1.0, EER: 0.04411764705882353, APCER:0.0, BPCER:1.0, ACER:0.5
INFO:root:


INFO:root:model_stylegan/test_morph_facemorpher.csv
INFO:root:The accuracy is: 93.97%
INFO:root:Confusion Matrix:
INFO:root:[[ 195    9]
 [  77 1145]]
INFO:root:Classifiction Report: 
INFO:root:              precision    recall  f1-score   support

           0       0.72      0.96      0.82       204
           1       0.99      0.94      0.96      1222

    accuracy                           0.94      1426
   macro avg       0.85      0.95      0.89      1426
weighted avg       0.95      0.94      0.94      1426

INFO:root:EER: 5.36%
INFO:root:APCER: 4.41%
INFO:root:BPCER: 6.30%
INFO:root:EER FAKE: 5.36%
INFO:root:AUC@ROC: 0.9464354481563493, threshold:1.0, EER: 0.04411764705882353, APCER:0.0, BPCER:1.0, ACER:0.5
INFO:root:


INFO:root:model_stylegan/test_morph_opencv.csv
INFO:root:The accuracy is: 90.37%
INFO:root:Confusion Matrix:
INFO:root:[[ 195    9]
 [ 129 1100]]
INFO:root:Classifiction Report: 
INFO:root:              precision    recall  f1-score   support

           0       0.60      0.96      0.74       204
           1       0.99      0.90      0.94      1229

    accuracy                           0.90      1433
   macro avg       0.80      0.93      0.84      1433
weighted avg       0.94      0.90      0.91      1433

INFO:root:EER: 7.45%
INFO:root:APCER: 4.41%
INFO:root:BPCER: 10.50%
INFO:root:EER FAKE: 7.45%
INFO:root:AUC@ROC: 0.925459484037716, threshold:1.0, EER: 0.04411764705882353, APCER:0.0, BPCER:1.0, ACER:0.5
INFO:root:


INFO:root:model_stylegan/test_morph_stylegan.csv
INFO:root:The accuracy is: 65.64%
INFO:root:Confusion Matrix:
INFO:root:[[195   9]
 [481 741]]
INFO:root:Classifiction Report: 
INFO:root:              precision    recall  f1-score   support

           0       0.29      0.96      0.44       204
           1       0.99      0.61      0.75      1222

    accuracy                           0.66      1426
   macro avg       0.64      0.78      0.60      1426
weighted avg       0.89      0.66      0.71      1426

INFO:root:EER: 21.89%
INFO:root:APCER: 4.41%
INFO:root:BPCER: 39.36%
INFO:root:EER FAKE: 21.89%
INFO:root:AUC@ROC: 0.7811326658322904, threshold:1.0, EER: 0.04411764705882353, APCER:0.0, BPCER:1.0, ACER:0.5
INFO:root:


INFO:root:model_stylegan/test_morph_webmorph.csv
INFO:root:The accuracy is: 22.39%
INFO:root:Confusion Matrix:
INFO:root:[[ 195    9]
 [1097  124]]
INFO:root:Classifiction Report: 
INFO:root:              precision    recall  f1-score   support

           0       0.15      0.96      0.26       204
           1       0.93      0.10      0.18      1221

    accuracy                           0.22      1425
   macro avg       0.54      0.53      0.22      1425
weighted avg       0.82      0.22      0.19      1425

INFO:root:EER: 47.13%
INFO:root:APCER: 4.41%
INFO:root:BPCER: 89.84%
INFO:root:EER FAKE: 47.13%
INFO:root:AUC@ROC: 0.5287192272486391, threshold:1.0, EER: 0.04411764705882353, APCER:0.0, BPCER:1.0, ACER:0.5
INFO:root:


