INFO:root:model_opencv/test_morph_s_amsl.csv
INFO:root:The accuracy is: 12.52%
INFO:root:Confusion Matrix:
INFO:root:[[ 200    4]
 [1988   85]]
INFO:root:Classifiction Report: 
INFO:root:              precision    recall  f1-score   support

           0       0.09      0.98      0.17       204
           1       0.96      0.04      0.08      2073

    accuracy                           0.13      2277
   macro avg       0.52      0.51      0.12      2277
weighted avg       0.88      0.13      0.09      2277

INFO:root:EER: 48.93%
INFO:root:APCER: 1.96%
INFO:root:BPCER: 95.90%
INFO:root:EER FAKE: 48.93%
INFO:root:AUC@ROC: 0.5106977668057092, threshold:1.0, EER: 0.0196078431372549, APCER:0.0, BPCER:1.0, ACER:0.5
INFO:root:


INFO:root:model_opencv/test_morph_s_facemorpher.csv
INFO:root:The accuracy is: 82.25%
INFO:root:Confusion Matrix:
INFO:root:[[200   4]
 [231 889]]
INFO:root:Classifiction Report: 
INFO:root:              precision    recall  f1-score   support

           0       0.46      0.98      0.63       204
           1       1.00      0.79      0.88      1120

    accuracy                           0.82      1324
   macro avg       0.73      0.89      0.76      1324
weighted avg       0.91      0.82      0.84      1324

INFO:root:EER: 11.29%
INFO:root:APCER: 1.96%
INFO:root:BPCER: 20.62%
INFO:root:EER FAKE: 11.29%
INFO:root:AUC@ROC: 0.8870710784313726, threshold:1.0, EER: 0.0196078431372549, APCER:0.0, BPCER:1.0, ACER:0.5
INFO:root:


INFO:root:model_opencv/test_morph_s_opencv.csv
INFO:root:The accuracy is: 74.38%
INFO:root:Confusion Matrix:
INFO:root:[[200   4]
 [335 784]]
INFO:root:Classifiction Report: 
INFO:root:              precision    recall  f1-score   support

           0       0.37      0.98      0.54       204
           1       0.99      0.70      0.82      1119

    accuracy                           0.74      1323
   macro avg       0.68      0.84      0.68      1323
weighted avg       0.90      0.74      0.78      1323

INFO:root:EER: 15.95%
INFO:root:APCER: 1.96%
INFO:root:BPCER: 29.94%
INFO:root:EER FAKE: 15.95%
INFO:root:AUC@ROC: 0.8405088576985754, threshold:1.0, EER: 0.0196078431372549, APCER:0.0, BPCER:1.0, ACER:0.5
INFO:root:


INFO:root:model_opencv/test_morph_s_stylegan.csv
INFO:root:The accuracy is: 43.35%
INFO:root:Confusion Matrix:
INFO:root:[[200   4]
 [746 374]]
INFO:root:Classifiction Report: 
INFO:root:              precision    recall  f1-score   support

           0       0.21      0.98      0.35       204
           1       0.99      0.33      0.50      1120

    accuracy                           0.43      1324
   macro avg       0.60      0.66      0.42      1324
weighted avg       0.87      0.43      0.48      1324

INFO:root:EER: 34.28%
INFO:root:APCER: 1.96%
INFO:root:BPCER: 66.61%
INFO:root:EER FAKE: 34.28%
INFO:root:AUC@ROC: 0.6571603641456581, threshold:1.0, EER: 0.0196078431372549, APCER:0.0, BPCER:1.0, ACER:0.5
INFO:root:


INFO:root:model_opencv/test_morph_s_webmorph.csv
INFO:root:The accuracy is: 18.90%
INFO:root:Confusion Matrix:
INFO:root:[[ 200    4]
 [1069   50]]
INFO:root:Classifiction Report: 
INFO:root:              precision    recall  f1-score   support

           0       0.16      0.98      0.27       204
           1       0.93      0.04      0.09      1119

    accuracy                           0.19      1323
   macro avg       0.54      0.51      0.18      1323
weighted avg       0.81      0.19      0.11      1323

INFO:root:EER: 48.75%
INFO:root:APCER: 1.96%
INFO:root:BPCER: 95.53%
INFO:root:EER FAKE: 48.75%
INFO:root:AUC@ROC: 0.5125374546601482, threshold:1.0, EER: 0.0196078431372549, APCER:0.0, BPCER:1.0, ACER:0.5
INFO:root:


