INFO:root:model_opencv/test_merged_amsl.csv
INFO:root:The accuracy is: 12.37%
INFO:root:Confusion Matrix:
INFO:root:[[ 96   6]
 [986  44]]
INFO:root:Classifiction Report: 
INFO:root:              precision    recall  f1-score   support

           0       0.09      0.94      0.16       102
           1       0.88      0.04      0.08      1030

    accuracy                           0.12      1132
   macro avg       0.48      0.49      0.12      1132
weighted avg       0.81      0.12      0.09      1132

INFO:root:EER: 50.81%
INFO:root:APCER: 5.88%
INFO:root:BPCER: 95.73%
INFO:root:EER FAKE: 50.81%
INFO:root:AUC@ROC: 0.4919474585950885, threshold:1.0, EER: 0.058823529411764705, APCER:0.0, BPCER:1.0, ACER:0.5
INFO:root:


INFO:root:model_opencv/test_merged_facemorpher.csv
INFO:root:The accuracy is: 78.46%
INFO:root:Confusion Matrix:
INFO:root:[[ 96   6]
 [279 942]]
INFO:root:Classifiction Report: 
INFO:root:              precision    recall  f1-score   support

           0       0.26      0.94      0.40       102
           1       0.99      0.77      0.87      1221

    accuracy                           0.78      1323
   macro avg       0.62      0.86      0.64      1323
weighted avg       0.94      0.78      0.83      1323

INFO:root:EER: 14.37%
INFO:root:APCER: 5.88%
INFO:root:BPCER: 22.85%
INFO:root:EER FAKE: 14.37%
INFO:root:AUC@ROC: 0.8563376210435034, threshold:1.0, EER: 0.058823529411764705, APCER:0.0, BPCER:1.0, ACER:0.5
INFO:root:


INFO:root:model_opencv/test_merged_opencv.csv
INFO:root:The accuracy is: 70.07%
INFO:root:Confusion Matrix:
INFO:root:[[ 96   6]
 [390 831]]
INFO:root:Classifiction Report: 
INFO:root:              precision    recall  f1-score   support

           0       0.20      0.94      0.33       102
           1       0.99      0.68      0.81      1221

    accuracy                           0.70      1323
   macro avg       0.60      0.81      0.57      1323
weighted avg       0.93      0.70      0.77      1323

INFO:root:EER: 18.91%
INFO:root:APCER: 5.88%
INFO:root:BPCER: 31.94%
INFO:root:EER FAKE: 18.91%
INFO:root:AUC@ROC: 0.8108830755889579, threshold:1.0, EER: 0.058823529411764705, APCER:0.0, BPCER:1.0, ACER:0.5
INFO:root:


INFO:root:model_opencv/test_merged_stylegan.csv
INFO:root:The accuracy is: 37.64%
INFO:root:Confusion Matrix:
INFO:root:[[ 96   6]
 [819 402]]
INFO:root:Classifiction Report: 
INFO:root:              precision    recall  f1-score   support

           0       0.10      0.94      0.19       102
           1       0.99      0.33      0.49      1221

    accuracy                           0.38      1323
   macro avg       0.55      0.64      0.34      1323
weighted avg       0.92      0.38      0.47      1323

INFO:root:EER: 36.48%
INFO:root:APCER: 5.88%
INFO:root:BPCER: 67.08%
INFO:root:EER FAKE: 36.48%
INFO:root:AUC@ROC: 0.6352073999132822, threshold:1.0, EER: 0.058823529411764705, APCER:0.0, BPCER:1.0, ACER:0.5
INFO:root:


INFO:root:model_opencv/test_merged_webmorph.csv
INFO:root:The accuracy is: 10.66%
INFO:root:Confusion Matrix:
INFO:root:[[  96    6]
 [1176   45]]
INFO:root:Classifiction Report: 
INFO:root:              precision    recall  f1-score   support

           0       0.08      0.94      0.14       102
           1       0.88      0.04      0.07      1221

    accuracy                           0.11      1323
   macro avg       0.48      0.49      0.11      1323
weighted avg       0.82      0.11      0.08      1323

INFO:root:EER: 51.10%
INFO:root:APCER: 5.88%
INFO:root:BPCER: 96.31%
INFO:root:EER FAKE: 51.10%
INFO:root:AUC@ROC: 0.4890157537216361, threshold:1.0, EER: 0.058823529411764705, APCER:0.0, BPCER:1.0, ACER:0.5
INFO:root:


