INFO:root:model_stylegan/test_morph_s_amsl.csv
INFO:root:The accuracy is: 48.66%
INFO:root:Confusion Matrix:
INFO:root:[[ 161   43]
 [1126  947]]
INFO:root:Classifiction Report: 
INFO:root:              precision    recall  f1-score   support

           0       0.13      0.79      0.22       204
           1       0.96      0.46      0.62      2073

    accuracy                           0.49      2277
   macro avg       0.54      0.62      0.42      2277
weighted avg       0.88      0.49      0.58      2277

INFO:root:EER: 37.70%
INFO:root:APCER: 21.08%
INFO:root:BPCER: 54.32%
INFO:root:EER FAKE: 37.70%
INFO:root:AUC@ROC: 0.7193136781967973, threshold:0.9999995903424108, EER: 0.3333333333333333, APCER:0.19607843137254902, BPCER:0.5663289917993246, ACER:0.3812037115859368
INFO:root:


INFO:root:model_stylegan/test_morph_s_webmorph.csv
INFO:root:The accuracy is: 62.43%
INFO:root:Confusion Matrix:
INFO:root:[[161  43]
 [454 665]]
INFO:root:Classifiction Report: 
INFO:root:              precision    recall  f1-score   support

           0       0.26      0.79      0.39       204
           1       0.94      0.59      0.73      1119

    accuracy                           0.62      1323
   macro avg       0.60      0.69      0.56      1323
weighted avg       0.83      0.62      0.68      1323

INFO:root:EER: 30.83%
INFO:root:APCER: 21.08%
INFO:root:BPCER: 40.57%
INFO:root:EER FAKE: 30.83%
INFO:root:AUC@ROC: 0.799744607405071, threshold:0.9999995903424108, EER: 0.2647058823529412, APCER:0.19607843137254902, BPCER:0.4325290437890974, ACER:0.3143037375808232
INFO:root:


INFO:root:model_stylegan/test_morph_s_opencv.csv
INFO:root:The accuracy is: 96.37%
INFO:root:Confusion Matrix:
INFO:root:[[ 161   43]
 [   5 1114]]
INFO:root:Classifiction Report: 
INFO:root:              precision    recall  f1-score   support

           0       0.97      0.79      0.87       204
           1       0.96      1.00      0.98      1119

    accuracy                           0.96      1323
   macro avg       0.97      0.89      0.92      1323
weighted avg       0.96      0.96      0.96      1323

INFO:root:EER: 10.76%
INFO:root:APCER: 21.08%
INFO:root:BPCER: 0.45%
INFO:root:EER FAKE: 10.76%
INFO:root:AUC@ROC: 0.9073489985806655, threshold:0.9999995903424108, EER: 0.18137254901960784, APCER:0.19607843137254902, BPCER:0.004468275245755138, ACER:0.10027335330915207
INFO:root:


INFO:root:model_stylegan/test_morph_s_stylegan.csv
INFO:root:The accuracy is: 90.94%
INFO:root:Confusion Matrix:
INFO:root:[[ 161   43]
 [  77 1043]]
INFO:root:Classifiction Report: 
INFO:root:              precision    recall  f1-score   support

           0       0.68      0.79      0.73       204
           1       0.96      0.93      0.95      1120

    accuracy                           0.91      1324
   macro avg       0.82      0.86      0.84      1324
weighted avg       0.92      0.91      0.91      1324

INFO:root:EER: 13.98%
INFO:root:APCER: 21.08%
INFO:root:BPCER: 6.88%
INFO:root:EER FAKE: 13.98%
INFO:root:AUC@ROC: 0.890563725490196, threshold:0.9999995903424108, EER: 0.18137254901960784, APCER:0.19607843137254902, BPCER:0.075, ACER:0.1355392156862745
INFO:root:


INFO:root:model_stylegan/test_morph_s_facemorpher.csv
INFO:root:The accuracy is: 96.37%
INFO:root:Confusion Matrix:
INFO:root:[[ 161   43]
 [   5 1115]]
INFO:root:Classifiction Report: 
INFO:root:              precision    recall  f1-score   support

           0       0.97      0.79      0.87       204
           1       0.96      1.00      0.98      1120

    accuracy                           0.96      1324
   macro avg       0.97      0.89      0.92      1324
weighted avg       0.96      0.96      0.96      1324

INFO:root:EER: 10.76%
INFO:root:APCER: 21.08%
INFO:root:BPCER: 0.45%
INFO:root:EER FAKE: 10.76%
INFO:root:AUC@ROC: 0.9072763480392156, threshold:0.9999995903424108, EER: 0.18137254901960784, APCER:0.19607843137254902, BPCER:0.00625, ACER:0.10116421568627451
INFO:root:


