INFO:root:model_amsl/test_merged_facemorpher.csv
INFO:root:The accuracy is: 97.35%
INFO:root:Confusion Matrix:
INFO:root:[[  98    4]
 [  26 1004]]
INFO:root:Classifiction Report: 
INFO:root:              precision    recall  f1-score   support

           0       0.79      0.96      0.87       102
           1       1.00      0.97      0.99      1030

    accuracy                           0.97      1132
   macro avg       0.89      0.97      0.93      1132
weighted avg       0.98      0.97      0.97      1132

INFO:root:EER: 3.22%
INFO:root:APCER: 3.92%
INFO:root:BPCER: 2.52%
INFO:root:EER FAKE: 3.22%
INFO:root:AUC@ROC: 0.9677707976394441, threshold:1.0, EER: 0.0392156862745098, APCER:0.0, BPCER:1.0, ACER:0.5
INFO:root:


INFO:root:model_amsl/test_merged_stylegan.csv
INFO:root:The accuracy is: 58.30%
INFO:root:Confusion Matrix:
INFO:root:[[ 98   4]
 [468 562]]
INFO:root:Classifiction Report: 
INFO:root:              precision    recall  f1-score   support

           0       0.17      0.96      0.29       102
           1       0.99      0.55      0.70      1030

    accuracy                           0.58      1132
   macro avg       0.58      0.75      0.50      1132
weighted avg       0.92      0.58      0.67      1132

INFO:root:EER: 24.68%
INFO:root:APCER: 3.92%
INFO:root:BPCER: 45.44%
INFO:root:EER FAKE: 24.68%
INFO:root:AUC@ROC: 0.7532076908433275, threshold:1.0, EER: 0.0392156862745098, APCER:0.0, BPCER:1.0, ACER:0.5
INFO:root:


INFO:root:model_amsl/test_merged_webmorph.csv
INFO:root:The accuracy is: 16.17%
INFO:root:Confusion Matrix:
INFO:root:[[ 98   4]
 [945  85]]
INFO:root:Classifiction Report: 
INFO:root:              precision    recall  f1-score   support

           0       0.09      0.96      0.17       102
           1       0.96      0.08      0.15      1030

    accuracy                           0.16      1132
   macro avg       0.52      0.52      0.16      1132
weighted avg       0.88      0.16      0.15      1132

INFO:root:EER: 47.83%
INFO:root:APCER: 3.92%
INFO:root:BPCER: 91.75%
INFO:root:EER FAKE: 47.83%
INFO:root:AUC@ROC: 0.5216542927850752, threshold:1.0, EER: 0.0392156862745098, APCER:0.0, BPCER:1.0, ACER:0.5
INFO:root:


INFO:root:model_amsl/test_merged_amsl.csv
INFO:root:The accuracy is: 13.70%
INFO:root:Confusion Matrix:
INFO:root:[[  98    4]
 [1961  214]]
INFO:root:Classifiction Report: 
INFO:root:              precision    recall  f1-score   support

           0       0.05      0.96      0.09       102
           1       0.98      0.10      0.18      2175

    accuracy                           0.14      2277
   macro avg       0.51      0.53      0.13      2277
weighted avg       0.94      0.14      0.17      2277

INFO:root:EER: 47.04%
INFO:root:APCER: 3.92%
INFO:root:BPCER: 90.16%
INFO:root:EER FAKE: 47.04%
INFO:root:AUC@ROC: 0.5295875591615957, threshold:1.0, EER: 0.0392156862745098, APCER:0.0, BPCER:1.0, ACER:0.5
INFO:root:


INFO:root:model_amsl/test_merged_opencv.csv
INFO:root:The accuracy is: 91.17%
INFO:root:Confusion Matrix:
INFO:root:[[ 98   4]
 [ 96 934]]
INFO:root:Classifiction Report: 
INFO:root:              precision    recall  f1-score   support

           0       0.51      0.96      0.66       102
           1       1.00      0.91      0.95      1030

    accuracy                           0.91      1132
   macro avg       0.75      0.93      0.81      1132
weighted avg       0.95      0.91      0.92      1132

INFO:root:EER: 6.62%
INFO:root:APCER: 3.92%
INFO:root:BPCER: 9.32%
INFO:root:EER FAKE: 6.62%
INFO:root:AUC@ROC: 0.9337902151151724, threshold:1.0, EER: 0.0392156862745098, APCER:0.0, BPCER:1.0, ACER:0.5
INFO:root:


INFO:root:model_amsl/test_merged_facemorpher.csv
INFO:root:The accuracy is: 89.58%
INFO:root:Confusion Matrix:
INFO:root:[[   8   94]
 [  24 1006]]
INFO:root:Classifiction Report: 
INFO:root:              precision    recall  f1-score   support

           0       0.25      0.08      0.12       102
           1       0.91      0.98      0.94      1030

    accuracy                           0.90      1132
   macro avg       0.58      0.53      0.53      1132
weighted avg       0.85      0.90      0.87      1132

INFO:root:EER: 47.24%
INFO:root:APCER: 92.16%
INFO:root:BPCER: 2.33%
INFO:root:EER FAKE: 47.24%
INFO:root:AUC@ROC: 0.5272796497239672, threshold:2.0, EER: 0.9215686274509803, APCER:0.0, BPCER:1.0, ACER:0.5
INFO:root:


INFO:root:model_amsl/test_merged_stylegan.csv
INFO:root:The accuracy is: 86.04%
INFO:root:Confusion Matrix:
INFO:root:[[  8  94]
 [ 64 966]]
INFO:root:Classifiction Report: 
INFO:root:              precision    recall  f1-score   support

           0       0.11      0.08      0.09       102
           1       0.91      0.94      0.92      1030

    accuracy                           0.86      1132
   macro avg       0.51      0.51      0.51      1132
weighted avg       0.84      0.86      0.85      1132

INFO:root:EER: 49.19%
INFO:root:APCER: 92.16%
INFO:root:BPCER: 6.21%
INFO:root:EER FAKE: 49.19%
INFO:root:AUC@ROC: 0.50868075385494, threshold:2.0, EER: 0.9215686274509803, APCER:0.0, BPCER:1.0, ACER:0.5
INFO:root:


INFO:root:model_amsl/test_merged_webmorph.csv
INFO:root:The accuracy is: 84.45%
INFO:root:Confusion Matrix:
INFO:root:[[  8  94]
 [ 82 948]]
INFO:root:Classifiction Report: 
INFO:root:              precision    recall  f1-score   support

           0       0.09      0.08      0.08       102
           1       0.91      0.92      0.92      1030

    accuracy                           0.84      1132
   macro avg       0.50      0.50      0.50      1132
weighted avg       0.84      0.84      0.84      1132

INFO:root:EER: 50.06%
INFO:root:APCER: 92.16%
INFO:root:BPCER: 7.96%
INFO:root:EER FAKE: 50.06%
INFO:root:AUC@ROC: 0.4997144488863507, threshold:2.0, EER: 0.9215686274509803, APCER:0.0, BPCER:1.0, ACER:0.5
INFO:root:


INFO:root:model_amsl/test_merged_amsl.csv
INFO:root:The accuracy is: 88.80%
INFO:root:Confusion Matrix:
INFO:root:[[   8   94]
 [ 161 2014]]
INFO:root:Classifiction Report: 
INFO:root:              precision    recall  f1-score   support

           0       0.05      0.08      0.06       102
           1       0.96      0.93      0.94      2175

    accuracy                           0.89      2277
   macro avg       0.50      0.50      0.50      2277
weighted avg       0.91      0.89      0.90      2277

INFO:root:EER: 49.78%
INFO:root:APCER: 92.16%
INFO:root:BPCER: 7.40%
INFO:root:EER FAKE: 49.78%
INFO:root:AUC@ROC: 0.5021906693711967, threshold:2.0, EER: 0.9215686274509803, APCER:0.0, BPCER:1.0, ACER:0.5
INFO:root:


INFO:root:model_amsl/test_merged_opencv.csv
INFO:root:The accuracy is: 88.69%
INFO:root:Confusion Matrix:
INFO:root:[[  8  94]
 [ 34 996]]
INFO:root:Classifiction Report: 
INFO:root:              precision    recall  f1-score   support

           0       0.19      0.08      0.11       102
           1       0.91      0.97      0.94      1030

    accuracy                           0.89      1132
   macro avg       0.55      0.52      0.53      1132
weighted avg       0.85      0.89      0.86      1132

INFO:root:EER: 47.73%
INFO:root:APCER: 92.16%
INFO:root:BPCER: 3.30%
INFO:root:EER FAKE: 47.73%
INFO:root:AUC@ROC: 0.5220159908623645, threshold:2.0, EER: 0.9215686274509803, APCER:0.0, BPCER:1.0, ACER:0.5
INFO:root:


