INFO:root:model_stylegan/test_merged_facemorpher.csv
INFO:root:The accuracy is: 96.00%
INFO:root:Confusion Matrix:
INFO:root:[[  98    4]
 [  49 1173]]
INFO:root:Classifiction Report: 
INFO:root:              precision    recall  f1-score   support

           0       0.67      0.96      0.79       102
           1       1.00      0.96      0.98      1222

    accuracy                           0.96      1324
   macro avg       0.83      0.96      0.88      1324
weighted avg       0.97      0.96      0.96      1324

INFO:root:EER: 3.97%
INFO:root:APCER: 3.92%
INFO:root:BPCER: 4.01%
INFO:root:EER FAKE: 3.97%
INFO:root:AUC@ROC: 0.9603430570264113, threshold:1.0, EER: 0.0392156862745098, APCER:0.0, BPCER:1.0, ACER:0.5
INFO:root:


INFO:root:model_stylegan/test_merged_stylegan.csv
INFO:root:The accuracy is: 68.05%
INFO:root:Confusion Matrix:
INFO:root:[[ 98   4]
 [419 803]]
INFO:root:Classifiction Report: 
INFO:root:              precision    recall  f1-score   support

           0       0.19      0.96      0.32       102
           1       1.00      0.66      0.79      1222

    accuracy                           0.68      1324
   macro avg       0.59      0.81      0.55      1324
weighted avg       0.93      0.68      0.75      1324

INFO:root:EER: 19.10%
INFO:root:APCER: 3.92%
INFO:root:BPCER: 34.29%
INFO:root:EER FAKE: 19.10%
INFO:root:AUC@ROC: 0.8089518949969514, threshold:1.0, EER: 0.0392156862745098, APCER:0.0, BPCER:1.0, ACER:0.5
INFO:root:


INFO:root:model_stylegan/test_merged_webmorph.csv
INFO:root:The accuracy is: 19.95%
INFO:root:Confusion Matrix:
INFO:root:[[  98    4]
 [1055  166]]
INFO:root:Classifiction Report: 
INFO:root:              precision    recall  f1-score   support

           0       0.08      0.96      0.16       102
           1       0.98      0.14      0.24      1221

    accuracy                           0.20      1323
   macro avg       0.53      0.55      0.20      1323
weighted avg       0.91      0.20      0.23      1323

INFO:root:EER: 45.16%
INFO:root:APCER: 3.92%
INFO:root:BPCER: 86.40%
INFO:root:EER FAKE: 45.16%
INFO:root:AUC@ROC: 0.548369224839813, threshold:1.0, EER: 0.0392156862745098, APCER:0.0, BPCER:1.0, ACER:0.5
INFO:root:


INFO:root:model_stylegan/test_merged_amsl.csv
INFO:root:The accuracy is: 19.52%
INFO:root:Confusion Matrix:
INFO:root:[[ 98   4]
 [907 123]]
INFO:root:Classifiction Report: 
INFO:root:              precision    recall  f1-score   support

           0       0.10      0.96      0.18       102
           1       0.97      0.12      0.21      1030

    accuracy                           0.20      1132
   macro avg       0.53      0.54      0.19      1132
weighted avg       0.89      0.20      0.21      1132

INFO:root:EER: 45.99%
INFO:root:APCER: 3.92%
INFO:root:BPCER: 88.06%
INFO:root:EER FAKE: 45.99%
INFO:root:AUC@ROC: 0.5401008947268228, threshold:1.0, EER: 0.0392156862745098, APCER:0.0, BPCER:1.0, ACER:0.5
INFO:root:


INFO:root:model_stylegan/test_merged_opencv.csv
INFO:root:The accuracy is: 93.88%
INFO:root:Confusion Matrix:
INFO:root:[[  98    4]
 [  77 1144]]
INFO:root:Classifiction Report: 
INFO:root:              precision    recall  f1-score   support

           0       0.56      0.96      0.71       102
           1       1.00      0.94      0.97      1221

    accuracy                           0.94      1323
   macro avg       0.78      0.95      0.84      1323
weighted avg       0.96      0.94      0.95      1323

INFO:root:EER: 5.11%
INFO:root:APCER: 3.92%
INFO:root:BPCER: 6.31%
INFO:root:EER FAKE: 5.11%
INFO:root:AUC@ROC: 0.9488606253312135, threshold:1.0, EER: 0.0392156862745098, APCER:0.0, BPCER:1.0, ACER:0.5
INFO:root:


